#
# There is insufficient memory for the Java Runtime Environment to continue.
# Native memory allocation (mmap) failed to map 65536 bytes for Failed to commit metaspace.
# Possible reasons:
#   The system is out of physical RAM or swap space
#   The process is running with CompressedOops enabled, and the Java Heap may be blocking the growth of the native heap
# Possible solutions:
#   Reduce memory load on the system
#   Increase physical memory or swap space
#   Check if swap backing store is full
#   Decrease Java heap size (-Xmx/-Xms)
#   Decrease number of Java threads
#   Decrease Java thread stack sizes (-Xss)
#   Set larger code cache with -XX:ReservedCodeCacheSize=
#   JVM is running with Unscaled Compressed Oops mode in which the Java heap is
#     placed in the first 4GB address space. The Java Heap base address is the
#     maximum limit for the native heap growth. Please use -XX:HeapBaseMinAddress
#     to set the Java Heap base and to place the Java Heap above 4GB virtual address.
# This output file may be truncated or incomplete.
#
#  Out of Memory Error (virtualSpaceNode.cpp:110), pid=6984, tid=4264
#
# JRE version: OpenJDK Runtime Environment Temurin-17.0.5+8 (17.0.5+8) (build 17.0.5+8)
# Java VM: OpenJDK 64-Bit Server VM Temurin-17.0.5+8 (17.0.5+8, mixed mode, emulated-client, tiered, compressed oops, compressed class ptrs, g1 gc, windows-amd64)
# No core dump will be written. Minidumps are not enabled by default on client versions of Windows
#

---------------  S U M M A R Y ------------

Command Line: -Dcom.sun.management.jmxremote -Dcom.sun.management.jmxremote.port=55883 -Dcom.sun.management.jmxremote.authenticate=false -Dcom.sun.management.jmxremote.ssl=false -Djava.rmi.server.hostname=localhost -Dspring.jmx.enabled=true -Dmanagement.endpoints.jmx.exposure.include=* -Dspring.application.admin.enabled=true -XX:TieredStopAtLevel=1 -Dspring.boot.project.name=calendario-usuarios-backend -Dfile.encoding=UTF-8 -XX:+ShowCodeDetailsInExceptionMessages com.sistema.examenes.SistemaExamenesBackendApplication --spring.output.ansi.enabled=always

Host: Pentium(R) Dual-Core CPU       T4500  @ 2.30GHz, 2 cores, 1G,  Windows 7 , 64 bit Build 7601 (6.1.7601.24384)
Time: Thu Jun  8 01:13:26 2023 Hora estándar de Argentina elapsed time: 16.341051 seconds (0d 0h 0m 16s)

---------------  T H R E A D  ---------------

Current thread (0x000000004edfd990):  JavaThread "background-preinit" [_thread_in_vm, id=4264, stack(0x0000000050b30000,0x0000000050c30000)]

Stack: [0x0000000050b30000,0x0000000050c30000]
Native frames: (J=compiled Java code, j=interpreted, Vv=VM code, C=native code)
V  [jvm.dll+0x676b3a]
V  [jvm.dll+0x831444]
V  [jvm.dll+0x832bee]
V  [jvm.dll+0x833253]
V  [jvm.dll+0x244ce5]
V  [jvm.dll+0x82d4db]
V  [jvm.dll+0x61b2f6]
V  [jvm.dll+0x1bfd2e]
V  [jvm.dll+0x61dc41]
V  [jvm.dll+0x61bc96]
V  [jvm.dll+0x1e9e6e]
V  [jvm.dll+0x1ea92f]
V  [jvm.dll+0x1dfdd1]
V  [jvm.dll+0x53be30]
V  [jvm.dll+0x7ac5a8]
V  [jvm.dll+0x7ac694]
V  [jvm.dll+0x40ba25]
V  [jvm.dll+0x411bb8]
C  [java.dll+0x17ec]

Java frames: (J=compiled Java code, j=interpreted, Vv=VM code)
J 1222  java.lang.ClassLoader.defineClass1(Ljava/lang/ClassLoader;Ljava/lang/String;[BIILjava/security/ProtectionDomain;Ljava/lang/String;)Ljava/lang/Class; java.base@17.0.5 (0 bytes) @ 0x00000000061f43db [0x00000000061f4320+0x00000000000000bb]
J 1415 c1 java.lang.ClassLoader.defineClass(Ljava/lang/String;[BIILjava/security/ProtectionDomain;)Ljava/lang/Class; java.base@17.0.5 (43 bytes) @ 0x000000000624405c [0x0000000006243f60+0x00000000000000fc]
J 1270 c1 jdk.internal.loader.BuiltinClassLoader.defineClass(Ljava/lang/String;Ljdk/internal/loader/Resource;)Ljava/lang/Class; java.base@17.0.5 (121 bytes) @ 0x000000000620a1ac [0x0000000006209d20+0x000000000000048c]
J 1235 c1 jdk.internal.loader.BuiltinClassLoader.findClassOnClassPathOrNull(Ljava/lang/String;)Ljava/lang/Class; java.base@17.0.5 (64 bytes) @ 0x00000000061fc41c [0x00000000061fc180+0x000000000000029c]
J 964 c1 jdk.internal.loader.BuiltinClassLoader.loadClassOrNull(Ljava/lang/String;Z)Ljava/lang/Class; java.base@17.0.5 (143 bytes) @ 0x000000000618b2b4 [0x000000000618ae80+0x0000000000000434]
J 1161 c1 jdk.internal.loader.ClassLoaders$AppClassLoader.loadClass(Ljava/lang/String;Z)Ljava/lang/Class; java.base@17.0.5 (40 bytes) @ 0x00000000061d18a4 [0x00000000061d1760+0x0000000000000144]
J 1156 c1 java.lang.ClassLoader.loadClass(Ljava/lang/String;)Ljava/lang/Class; java.base@17.0.5 (7 bytes) @ 0x00000000061d0564 [0x00000000061d0520+0x0000000000000044]
v  ~StubRoutines::call_stub
j  com.fasterxml.jackson.core.util.DefaultPrettyPrinter.<init>(Lcom/fasterxml/jackson/core/SerializableString;)V+5
j  com.fasterxml.jackson.core.util.DefaultPrettyPrinter.<init>()V+4
j  com.fasterxml.jackson.databind.SerializationConfig.<clinit>()V+4
v  ~StubRoutines::call_stub
j  com.fasterxml.jackson.databind.ObjectMapper.<init>(Lcom/fasterxml/jackson/core/JsonFactory;Lcom/fasterxml/jackson/databind/ser/DefaultSerializerProvider;Lcom/fasterxml/jackson/databind/deser/DefaultDeserializationContext;)V+138
j  com.fasterxml.jackson.databind.ObjectMapper.<init>()V+4
j  org.springframework.http.converter.json.Jackson2ObjectMapperBuilder.build()Lcom/fasterxml/jackson/databind/ObjectMapper;+83
j  org.springframework.http.converter.json.MappingJackson2HttpMessageConverter.<init>()V+4
j  org.springframework.http.converter.support.AllEncompassingFormHttpMessageConverter.<init>()V+59
j  org.springframework.boot.autoconfigure.BackgroundPreinitializer$MessageConverterInitializer.run()V+4
j  org.springframework.boot.autoconfigure.BackgroundPreinitializer$1.runSafely(Ljava/lang/Runnable;)V+1
j  org.springframework.boot.autoconfigure.BackgroundPreinitializer$1.run()V+33
j  java.lang.Thread.run()V+11 java.base@17.0.5
v  ~StubRoutines::call_stub

---------------  P R O C E S S  ---------------

Threads class SMR info:
_java_thread_list=0x000000004e7bcd60, length=21, elements={
0x000000000034e4a0, 0x000000000caa4db0, 0x000000000cd5fb00, 0x000000000caaf2c0,
0x000000000cd97d50, 0x000000000cd98610, 0x000000000cd98ed0, 0x000000000cd99790,
0x000000000cd81c30, 0x000000000ceaf180, 0x000000004e551ec0, 0x000000004ebe6300,
0x000000004ebe8330, 0x000000004ecc88b0, 0x000000004ecea4c0, 0x000000004ed2c710,
0x000000004ed67620, 0x000000004ed7aa60, 0x000000004f00f650, 0x000000004f00fb20,
0x000000004edfd990
}

Java Threads: ( => current thread )
  0x000000000034e4a0 JavaThread "main" [_thread_blocked, id=6904, stack(0x00000000021e0000,0x00000000022e0000)]
  0x000000000caa4db0 JavaThread "Reference Handler" daemon [_thread_blocked, id=5368, stack(0x000000004d910000,0x000000004da10000)]
  0x000000000cd5fb00 JavaThread "Finalizer" daemon [_thread_blocked, id=3840, stack(0x000000004da50000,0x000000004db50000)]
  0x000000000caaf2c0 JavaThread "Signal Dispatcher" daemon [_thread_blocked, id=5808, stack(0x000000004dcc0000,0x000000004ddc0000)]
  0x000000000cd97d50 JavaThread "Attach Listener" daemon [_thread_blocked, id=5596, stack(0x000000004de70000,0x000000004df70000)]
  0x000000000cd98610 JavaThread "Service Thread" daemon [_thread_blocked, id=2232, stack(0x000000004e080000,0x000000004e180000)]
  0x000000000cd98ed0 JavaThread "Monitor Deflation Thread" daemon [_thread_blocked, id=3288, stack(0x000000004e1a0000,0x000000004e2a0000)]
  0x000000000cd99790 JavaThread "C1 CompilerThread0" daemon [_thread_blocked, id=5624, stack(0x000000004e3c0000,0x000000004e4c0000)]
  0x000000000cd81c30 JavaThread "Sweeper thread" daemon [_thread_blocked, id=4420, stack(0x000000004d810000,0x000000004d910000)]
  0x000000000ceaf180 JavaThread "Common-Cleaner" daemon [_thread_blocked, id=2500, stack(0x000000004e8e0000,0x000000004e9e0000)]
  0x000000004e551ec0 JavaThread "Notification Thread" daemon [_thread_blocked, id=2816, stack(0x000000004db60000,0x000000004dc60000)]
  0x000000004ebe6300 JavaThread "RMI TCP Accept-0" daemon [_thread_in_native, id=6064, stack(0x000000004e2a0000,0x000000004e3a0000)]
  0x000000004ebe8330 JavaThread "RMI TCP Accept-55883" daemon [_thread_in_native, id=4368, stack(0x00000000500f0000,0x00000000501f0000)]
  0x000000004ecc88b0 JavaThread "RMI TCP Accept-0" daemon [_thread_in_native, id=5268, stack(0x0000000050260000,0x0000000050360000)]
  0x000000004ecea4c0 JavaThread "RMI TCP Connection(1)-127.0.0.1" daemon [_thread_in_native, id=6736, stack(0x00000000505d0000,0x00000000506d0000)]
  0x000000004ed2c710 JavaThread "RMI Scheduler(0)" daemon [_thread_blocked, id=5324, stack(0x00000000507e0000,0x00000000508e0000)]
  0x000000004ed67620 JavaThread "RMI TCP Connection(2)-127.0.0.1" daemon [_thread_in_native, id=6404, stack(0x00000000509f0000,0x0000000050af0000)]
  0x000000004ed7aa60 JavaThread "JMX server connection timeout 20" daemon [_thread_blocked, id=1412, stack(0x00000000506d0000,0x00000000507d0000)]
  0x000000004f00f650 JavaThread "Thread-0" [_thread_blocked, id=6812, stack(0x0000000050480000,0x0000000050580000)]
  0x000000004f00fb20 JavaThread "restartedMain" [_thread_in_vm, id=5692, stack(0x0000000050c70000,0x0000000050d70000)]
=>0x000000004edfd990 JavaThread "background-preinit" [_thread_in_vm, id=4264, stack(0x0000000050b30000,0x0000000050c30000)]

Other Threads:
  0x000000000caaa7a0 VMThread "VM Thread" [stack: 0x000000000cef0000,0x000000000cff0000] [id=2260]
  0x000000004ecc9dd0 WatcherThread [stack: 0x0000000050380000,0x0000000050480000] [id=6260]
  0x0000000000387340 GCTaskThread "GC Thread#0" [stack: 0x000000000a490000,0x000000000a590000] [id=5568]
  0x000000004eb10150 GCTaskThread "GC Thread#1" [stack: 0x000000004f230000,0x000000004f330000] [id=5172]
  0x000000000038be50 ConcurrentGCThread "G1 Main Marker" [stack: 0x000000000a670000,0x000000000a770000] [id=4508]
  0x000000000038d470 ConcurrentGCThread "G1 Conc#0" [stack: 0x000000000a7a0000,0x000000000a8a0000] [id=6104]
  0x00000000003b79e0 ConcurrentGCThread "G1 Refine#0" [stack: 0x000000000cab0000,0x000000000cbb0000] [id=5296]
  0x00000000003b9010 ConcurrentGCThread "G1 Service" [stack: 0x000000000cbb0000,0x000000000ccb0000] [id=4428]

Threads with active compile tasks:

VM state: not at safepoint (normal execution)

VM Mutex/Monitor currently owned by a thread:  ([mutex/lock_event])
[0x0000000000330910] Metaspace_lock - owner thread: 0x000000004edfd990

Heap address: 0x00000000e0800000, size: 504 MB, Compressed Oops mode: 32-bit

CDS archive(s) not mapped
Compressed class space mapped at: 0x000000000d000000-0x000000004d000000, reserved size: 1073741824
Narrow klass base: 0x0000000000000000, Narrow klass shift: 0, Narrow klass range: 0x4d000000

GC Precious Log:
 CPUs: 2 total, 2 available
 Memory: 2008M
 Large Page Support: Disabled
 NUMA Support: Disabled
 Compressed Oops: Enabled (32-bit)
 Heap Region Size: 1M
 Heap Min Capacity: 8M
 Heap Initial Capacity: 32M
 Heap Max Capacity: 504M
 Pre-touch: Disabled
 Parallel Workers: 2
 Concurrent Workers: 1
 Concurrent Refinement Workers: 2
 Periodic GC: Disabled

Heap:
 garbage-first heap   total 32768K, used 9819K [0x00000000e0800000, 0x0000000100000000)
  region size 1024K, 3 young (3072K), 2 survivors (2048K)
 Metaspace       used 24024K, committed 24256K, reserved 1073152K
  class space    used 2801K, committed 2944K, reserved 1048576K

Heap Regions: E=young(eden), S=young(survivor), O=old, HS=humongous(starts), HC=humongous(continues), CS=collection set, F=free, OA=open archive, CA=closed archive, TAMS=top-at-mark-start (previous, next)
|   0|0x00000000e0800000, 0x00000000e0900000, 0x00000000e0900000|100%|HS|  |TAMS 0x00000000e0900000, 0x00000000e0800000| Complete 
|   1|0x00000000e0900000, 0x00000000e0a00000, 0x00000000e0a00000|100%| O|  |TAMS 0x00000000e0a00000, 0x00000000e0900000| Untracked 
|   2|0x00000000e0a00000, 0x00000000e0b00000, 0x00000000e0b00000|100%| O|  |TAMS 0x00000000e0b00000, 0x00000000e0a00000| Untracked 
|   3|0x00000000e0b00000, 0x00000000e0c00000, 0x00000000e0c00000|100%| O|  |TAMS 0x00000000e0c00000, 0x00000000e0b00000| Untracked 
|   4|0x00000000e0c00000, 0x00000000e0d00000, 0x00000000e0d00000|100%| O|  |TAMS 0x00000000e0d00000, 0x00000000e0c00000| Untracked 
|   5|0x00000000e0d00000, 0x00000000e0e00000, 0x00000000e0e00000|100%| O|  |TAMS 0x00000000e0e00000, 0x00000000e0d00000| Untracked 
|   6|0x00000000e0e00000, 0x00000000e0f00000, 0x00000000e0f00000|100%| O|  |TAMS 0x00000000e0ef3000, 0x00000000e0e00000| Untracked 
|   7|0x00000000e0f00000, 0x00000000e1000000, 0x00000000e1000000|100%| O|  |TAMS 0x00000000e0f00000, 0x00000000e0f00000| Untracked 
|   8|0x00000000e1000000, 0x00000000e1071a00, 0x00000000e1100000| 44%| O|  |TAMS 0x00000000e1000000, 0x00000000e1000000| Untracked 
|   9|0x00000000e1100000, 0x00000000e1100000, 0x00000000e1200000|  0%| F|  |TAMS 0x00000000e1100000, 0x00000000e1100000| Untracked 
|  10|0x00000000e1200000, 0x00000000e1200000, 0x00000000e1300000|  0%| F|  |TAMS 0x00000000e1200000, 0x00000000e1200000| Untracked 
|  11|0x00000000e1300000, 0x00000000e1300000, 0x00000000e1400000|  0%| F|  |TAMS 0x00000000e1300000, 0x00000000e1300000| Untracked 
|  12|0x00000000e1400000, 0x00000000e1400000, 0x00000000e1500000|  0%| F|  |TAMS 0x00000000e1400000, 0x00000000e1400000| Untracked 
|  13|0x00000000e1500000, 0x00000000e1500000, 0x00000000e1600000|  0%| F|  |TAMS 0x00000000e1500000, 0x00000000e1500000| Untracked 
|  14|0x00000000e1600000, 0x00000000e1600000, 0x00000000e1700000|  0%| F|  |TAMS 0x00000000e1600000, 0x00000000e1600000| Untracked 
|  15|0x00000000e1700000, 0x00000000e1700000, 0x00000000e1800000|  0%| F|  |TAMS 0x00000000e1700000, 0x00000000e1700000| Untracked 
|  16|0x00000000e1800000, 0x00000000e1825238, 0x00000000e1900000| 14%| S|CS|TAMS 0x00000000e1800000, 0x00000000e1800000| Complete 
|  17|0x00000000e1900000, 0x00000000e1a00000, 0x00000000e1a00000|100%| S|CS|TAMS 0x00000000e1900000, 0x00000000e1900000| Complete 
|  18|0x00000000e1a00000, 0x00000000e1a00000, 0x00000000e1b00000|  0%| F|  |TAMS 0x00000000e1a00000, 0x00000000e1a00000| Untracked 
|  19|0x00000000e1b00000, 0x00000000e1b00000, 0x00000000e1c00000|  0%| F|  |TAMS 0x00000000e1b00000, 0x00000000e1b00000| Untracked 
|  20|0x00000000e1c00000, 0x00000000e1c00000, 0x00000000e1d00000|  0%| F|  |TAMS 0x00000000e1c00000, 0x00000000e1c00000| Untracked 
|  21|0x00000000e1d00000, 0x00000000e1d00000, 0x00000000e1e00000|  0%| F|  |TAMS 0x00000000e1d00000, 0x00000000e1d00000| Untracked 
|  22|0x00000000e1e00000, 0x00000000e1e00000, 0x00000000e1f00000|  0%| F|  |TAMS 0x00000000e1e00000, 0x00000000e1e00000| Untracked 
|  23|0x00000000e1f00000, 0x00000000e1f00000, 0x00000000e2000000|  0%| F|  |TAMS 0x00000000e1f00000, 0x00000000e1f00000| Untracked 
|  24|0x00000000e2000000, 0x00000000e2000000, 0x00000000e2100000|  0%| F|  |TAMS 0x00000000e2000000, 0x00000000e2000000| Untracked 
|  25|0x00000000e2100000, 0x00000000e2100000, 0x00000000e2200000|  0%| F|  |TAMS 0x00000000e2100000, 0x00000000e2100000| Untracked 
|  26|0x00000000e2200000, 0x00000000e2200000, 0x00000000e2300000|  0%| F|  |TAMS 0x00000000e2200000, 0x00000000e2200000| Untracked 
|  27|0x00000000e2300000, 0x00000000e2300000, 0x00000000e2400000|  0%| F|  |TAMS 0x00000000e2300000, 0x00000000e2300000| Untracked 
|  28|0x00000000e2400000, 0x00000000e2400000, 0x00000000e2500000|  0%| F|  |TAMS 0x00000000e2400000, 0x00000000e2400000| Untracked 
|  29|0x00000000e2500000, 0x00000000e2500000, 0x00000000e2600000|  0%| F|  |TAMS 0x00000000e2500000, 0x00000000e2500000| Untracked 
|  30|0x00000000e2600000, 0x00000000e2600000, 0x00000000e2700000|  0%| F|  |TAMS 0x00000000e2600000, 0x00000000e2600000| Untracked 
|  31|0x00000000e2700000, 0x00000000e2754040, 0x00000000e2800000| 32%| E|  |TAMS 0x00000000e2700000, 0x00000000e2700000| Complete 

Card table byte_map: [0x0000000009140000,0x0000000009240000] _byte_map_base: 0x0000000008a3c000

Marking Bits (Prev, Next): (CMBitMap*) 0x00000000003878a0, (CMBitMap*) 0x0000000000387860
 Prev Bits: [0x0000000009b20000, 0x000000000a300000)
 Next Bits: [0x0000000009340000, 0x0000000009b20000)

Polling page: 0x0000000000220000

Metaspace:

Usage:
  Non-class:     20.73 MB used.
      Class:      2.74 MB used.
       Both:     23.46 MB used.

Virtual space:
  Non-class space:       24.00 MB reserved,      20.81 MB ( 87%) committed,  3 nodes.
      Class space:        1.00 GB reserved,       2.88 MB ( <1%) committed,  1 nodes.
             Both:        1.02 GB reserved,      23.69 MB (  2%) committed. 

Chunk freelists:
   Non-Class:  3.17 MB
       Class:  1.17 MB
        Both:  4.34 MB

MaxMetaspaceSize: unlimited
CompressedClassSpaceSize: 1.00 GB
Initial GC threshold: 21.00 MB
Current GC threshold: 35.31 MB
CDS: off
MetaspaceReclaimPolicy: balanced
 - commit_granule_bytes: 65536.
 - commit_granule_words: 8192.
 - virtual_space_node_default_size: 1048576.
 - enlarge_chunks_in_place: 1.
 - new_chunks_are_fully_committed: 0.
 - uncommit_free_chunks: 1.
 - use_allocation_guard: 0.
 - handle_deallocations: 1.


Internal statistics:

num_allocs_failed_limit: 3.
num_arena_births: 260.
num_arena_deaths: 0.
num_vsnodes_births: 4.
num_vsnodes_deaths: 0.
num_space_committed: 379.
num_space_uncommitted: 0.
num_chunks_returned_to_freelist: 3.
num_chunks_taken_from_freelist: 709.
num_chunk_merges: 3.
num_chunk_splits: 468.
num_chunks_enlarged: 330.
num_purges: 0.
num_inconsistent_stats: 0.

CodeCache: size=49152Kb used=4346Kb max_used=4346Kb free=44805Kb
 bounds [0x0000000005f30000, 0x0000000006370000, 0x0000000008f30000]
 total_blobs=2630 nmethods=2159 adapters=399
 compilation: enabled
              stopped_count=0, restarted_count=0
 full_count=0

Compilation events (20 events):
Event: 16.299 Thread 0x000000000cd99790 2151   !   1       java.io.WinNTFileSystem::resolve (362 bytes)
Event: 16.305 Thread 0x000000000cd99790 nmethod 2151 0x0000000006367890 code [0x0000000006367e60, 0x0000000006369aa8]
Event: 16.305 Thread 0x000000000cd99790 2152       1       org.springframework.util.AntPathMatcher::matchStrings (11 bytes)
Event: 16.306 Thread 0x000000000cd99790 nmethod 2152 0x000000000636aa10 code [0x000000000636abc0, 0x000000000636acd8]
Event: 16.306 Thread 0x000000000cd99790 2153       1       org.springframework.util.AntPathMatcher::getStringMatcher (98 bytes)
Event: 16.307 Thread 0x000000000cd99790 nmethod 2153 0x000000000636ae10 code [0x000000000636b000, 0x000000000636b3b8]
Event: 16.307 Thread 0x000000000cd99790 2154       1       org.springframework.util.AntPathMatcher$AntPathStringMatcher::matchStrings (214 bytes)
Event: 16.309 Thread 0x000000000cd99790 nmethod 2154 0x000000000636b590 code [0x000000000636b880, 0x000000000636c248]
Event: 16.309 Thread 0x000000000cd99790 2156       1       org.springframework.util.AntPathMatcher::skipSegment (75 bytes)
Event: 16.310 Thread 0x000000000cd99790 nmethod 2156 0x000000000636c890 code [0x000000000636ca80, 0x000000000636cf08]
Event: 16.310 Thread 0x000000000cd99790 2155       1       org.springframework.util.AntPathMatcher::skipSeparator (30 bytes)
Event: 16.311 Thread 0x000000000cd99790 nmethod 2155 0x000000000636d210 code [0x000000000636d3a0, 0x000000000636d508]
Event: 16.311 Thread 0x000000000cd99790 2159       1       java.util.ArrayDeque::addFirst (51 bytes)
Event: 16.311 Thread 0x000000000cd99790 nmethod 2159 0x000000000636d690 code [0x000000000636d840, 0x000000000636dab8]
Event: 16.311 Thread 0x000000000cd99790 2157       1       java.util.regex.Pattern$Slice::match (79 bytes)
Event: 16.312 Thread 0x000000000cd99790 nmethod 2157 0x000000000636dc10 code [0x000000000636ddc0, 0x000000000636dfd8]
Event: 16.312 Thread 0x000000000cd99790 2158       1       java.util.ArrayDeque::<init> (35 bytes)
Event: 16.312 Thread 0x000000000cd99790 nmethod 2158 0x000000000636e110 code [0x000000000636e2a0, 0x000000000636e478]
Event: 16.312 Thread 0x000000000cd99790 2160       1       org.apache.commons.logging.LogAdapter$Slf4jLog::isTraceEnabled (10 bytes)
Event: 16.313 Thread 0x000000000cd99790 nmethod 2160 0x000000000636e510 code [0x000000000636e6a0, 0x000000000636e7c8]

GC Heap History (14 events):
Event: 3.822 GC heap before
{Heap before GC invocations=0 (full 0):
 garbage-first heap   total 32768K, used 6144K [0x00000000e0800000, 0x0000000100000000)
  region size 1024K, 6 young (6144K), 0 survivors (0K)
 Metaspace       used 7929K, committed 8128K, reserved 1056768K
  class space    used 725K, committed 832K, reserved 1048576K
}
Event: 3.838 GC heap after
{Heap after GC invocations=1 (full 0):
 garbage-first heap   total 32768K, used 4925K [0x00000000e0800000, 0x0000000100000000)
  region size 1024K, 1 young (1024K), 1 survivors (1024K)
 Metaspace       used 7929K, committed 8128K, reserved 1056768K
  class space    used 725K, committed 832K, reserved 1048576K
}
Event: 5.230 GC heap before
{Heap before GC invocations=1 (full 0):
 garbage-first heap   total 32768K, used 6973K [0x00000000e0800000, 0x0000000100000000)
  region size 1024K, 3 young (3072K), 1 survivors (1024K)
 Metaspace       used 10138K, committed 10304K, reserved 1064960K
  class space    used 985K, committed 1024K, reserved 1048576K
}
Event: 5.236 GC heap after
{Heap after GC invocations=2 (full 0):
 garbage-first heap   total 32768K, used 5563K [0x00000000e0800000, 0x0000000100000000)
  region size 1024K, 1 young (1024K), 1 survivors (1024K)
 Metaspace       used 10138K, committed 10304K, reserved 1064960K
  class space    used 985K, committed 1024K, reserved 1048576K
}
Event: 9.384 GC heap before
{Heap before GC invocations=2 (full 0):
 garbage-first heap   total 32768K, used 12731K [0x00000000e0800000, 0x0000000100000000)
  region size 1024K, 8 young (8192K), 1 survivors (1024K)
 Metaspace       used 14395K, committed 14592K, reserved 1064960K
  class space    used 1498K, committed 1600K, reserved 1048576K
}
Event: 9.395 GC heap after
{Heap after GC invocations=3 (full 0):
 garbage-first heap   total 32768K, used 7134K [0x00000000e0800000, 0x0000000100000000)
  region size 1024K, 1 young (1024K), 1 survivors (1024K)
 Metaspace       used 14395K, committed 14592K, reserved 1064960K
  class space    used 1498K, committed 1600K, reserved 1048576K
}
Event: 11.819 GC heap before
{Heap before GC invocations=3 (full 0):
 garbage-first heap   total 32768K, used 15326K [0x00000000e0800000, 0x0000000100000000)
  region size 1024K, 10 young (10240K), 1 survivors (1024K)
 Metaspace       used 16001K, committed 16192K, reserved 1064960K
  class space    used 1719K, committed 1792K, reserved 1048576K
}
Event: 11.832 GC heap after
{Heap after GC invocations=4 (full 0):
 garbage-first heap   total 32768K, used 7667K [0x00000000e0800000, 0x0000000100000000)
  region size 1024K, 2 young (2048K), 2 survivors (2048K)
 Metaspace       used 16001K, committed 16192K, reserved 1064960K
  class space    used 1719K, committed 1792K, reserved 1048576K
}
Event: 13.878 GC heap before
{Heap before GC invocations=4 (full 0):
 garbage-first heap   total 32768K, used 18931K [0x00000000e0800000, 0x0000000100000000)
  region size 1024K, 13 young (13312K), 2 survivors (2048K)
 Metaspace       used 18730K, committed 19008K, reserved 1073152K
  class space    used 2105K, committed 2240K, reserved 1048576K
}
Event: 13.931 GC heap after
{Heap after GC invocations=5 (full 0):
 garbage-first heap   total 32768K, used 8812K [0x00000000e0800000, 0x0000000100000000)
  region size 1024K, 2 young (2048K), 2 survivors (2048K)
 Metaspace       used 18730K, committed 19008K, reserved 1073152K
  class space    used 2105K, committed 2240K, reserved 1048576K
}
Event: 15.476 GC heap before
{Heap before GC invocations=5 (full 0):
 garbage-first heap   total 32768K, used 19052K [0x00000000e0800000, 0x0000000100000000)
  region size 1024K, 13 young (13312K), 2 survivors (2048K)
 Metaspace       used 21219K, committed 21504K, reserved 1073152K
  class space    used 2476K, committed 2624K, reserved 1048576K
}
Event: 15.500 GC heap after
{Heap after GC invocations=6 (full 0):
 garbage-first heap   total 32768K, used 9290K [0x00000000e0800000, 0x0000000100000000)
  region size 1024K, 2 young (2048K), 2 survivors (2048K)
 Metaspace       used 21219K, committed 21504K, reserved 1073152K
  class space    used 2476K, committed 2624K, reserved 1048576K
}
Event: 16.282 GC heap before
{Heap before GC invocations=7 (full 0):
 garbage-first heap   total 32768K, used 20554K [0x00000000e0800000, 0x0000000100000000)
  region size 1024K, 14 young (14336K), 2 survivors (2048K)
 Metaspace       used 24012K, committed 24256K, reserved 1073152K
  class space    used 2799K, committed 2944K, reserved 1048576K
}
Event: 16.294 GC heap after
{Heap after GC invocations=8 (full 0):
 garbage-first heap   total 32768K, used 9819K [0x00000000e0800000, 0x0000000100000000)
  region size 1024K, 2 young (2048K), 2 survivors (2048K)
 Metaspace       used 24012K, committed 24256K, reserved 1073152K
  class space    used 2799K, committed 2944K, reserved 1048576K
}

Dll operation events (8 events):
Event: 0.133 Loaded shared library C:\Program Files\eclipse\plugins\org.eclipse.justj.openjdk.hotspot.jre.full.win32.x86_64_17.0.5.v20221102-0933\jre\bin\java.dll
Event: 2.962 Loaded shared library C:\Program Files\eclipse\plugins\org.eclipse.justj.openjdk.hotspot.jre.full.win32.x86_64_17.0.5.v20221102-0933\jre\bin\jimage.dll
Event: 3.233 Loaded shared library C:\Program Files\eclipse\plugins\org.eclipse.justj.openjdk.hotspot.jre.full.win32.x86_64_17.0.5.v20221102-0933\jre\bin\net.dll
Event: 3.245 Loaded shared library C:\Program Files\eclipse\plugins\org.eclipse.justj.openjdk.hotspot.jre.full.win32.x86_64_17.0.5.v20221102-0933\jre\bin\nio.dll
Event: 3.273 Loaded shared library C:\Program Files\eclipse\plugins\org.eclipse.justj.openjdk.hotspot.jre.full.win32.x86_64_17.0.5.v20221102-0933\jre\bin\zip.dll
Event: 3.511 Loaded shared library C:\Program Files\eclipse\plugins\org.eclipse.justj.openjdk.hotspot.jre.full.win32.x86_64_17.0.5.v20221102-0933\jre\bin\management.dll
Event: 3.603 Loaded shared library C:\Program Files\eclipse\plugins\org.eclipse.justj.openjdk.hotspot.jre.full.win32.x86_64_17.0.5.v20221102-0933\jre\bin\management_ext.dll
Event: 8.143 Loaded shared library C:\Program Files\eclipse\plugins\org.eclipse.justj.openjdk.hotspot.jre.full.win32.x86_64_17.0.5.v20221102-0933\jre\bin\verify.dll

Deoptimization events (2 events):
Event: 15.607 Thread 0x000000004f00fb20 DEOPT PACKING pc=0x000000000633d299 sp=0x0000000050d6c720
Event: 15.609 Thread 0x000000004f00fb20 DEOPT UNPACKING pc=0x0000000005f82b24 sp=0x0000000050d6bc00 mode 3

Classes unloaded (0 events):
No events

Classes redefined (0 events):
No events

Internal exceptions (20 events):
Event: 15.129 Thread 0x000000004ed67620 Exception <a 'java/lang/reflect/InvocationTargetException'{0x00000000e2100eb0}> (0x00000000e2100eb0) 
thrown [s\src\hotspot\share\runtime\reflection.cpp, line 1121]
Event: 15.174 Thread 0x000000004edfd990 Exception <a 'java/lang/NoSuchMethodError'{0x00000000e21e6200}: 'java.lang.Object java.lang.invoke.DirectMethodHandle$Holder.invokeStaticInit(java.lang.Object, java.lang.Object, java.lang.Object)'> (0x00000000e21e6200) 
thrown [s\src\hotspot\share\interpreter\linkResolver.cpp, line 759]
Event: 15.185 Thread 0x000000004edfd990 Exception <a 'java/lang/NoSuchMethodError'{0x00000000e21ec0f0}: 'java.lang.Object java.lang.invoke.DirectMethodHandle$Holder.invokeStaticInit(java.lang.Object, java.lang.Object, java.lang.Object, java.lang.Object, java.lang.Object)'> (0x00000000e21ec0f0) 
thrown [s\src\hotspot\share\interpreter\linkResolver.cpp, line 759]
Event: 15.691 Thread 0x000000004ed67620 Exception <a 'java/lang/reflect/InvocationTargetException'{0x00000000e24ab548}> (0x00000000e24ab548) 
thrown [s\src\hotspot\share\runtime\reflection.cpp, line 1121]
Event: 16.034 Thread 0x000000004f00fb20 Exception <a 'java/lang/ClassNotFoundException'{0x00000000e1f1e070}: java/lang/ObjectCustomizer> (0x00000000e1f1e070) 
thrown [s\src\hotspot\share\classfile\systemDictionary.cpp, line 256]
Event: 16.070 Thread 0x000000004f00fb20 Exception <a 'java/lang/IncompatibleClassChangeError'{0x00000000e1f22de0}: Found class java.lang.Object, but interface was expected> (0x00000000e1f22de0) 
thrown [s\src\hotspot\share\interpreter\linkResolver.cpp, line 826]
Event: 16.085 Thread 0x000000004f00fb20 Exception <a 'java/lang/ClassNotFoundException'{0x00000000e1e36b70}: org/springframework/context/annotation/ConfigurationClassPostProcessorCustomizer> (0x00000000e1e36b70) 
thrown [s\src\hotspot\share\classfile\systemDictionary.cpp, line 256]
Event: 16.136 Thread 0x000000004f00fb20 Exception <a 'java/lang/ClassNotFoundException'{0x00000000e1e696b8}: org/springframework/beans/factory/support/BeanDefinitionRegistryPostProcessorCustomizer> (0x00000000e1e696b8) 
thrown [s\src\hotspot\share\classfile\systemDictionary.cpp, line 256]
Event: 16.138 Thread 0x000000004f00fb20 Exception <a 'java/lang/ClassNotFoundException'{0x00000000e1e706f0}: org/springframework/beans/factory/config/BeanFactoryPostProcessorCustomizer> (0x00000000e1e706f0) 
thrown [s\src\hotspot\share\classfile\systemDictionary.cpp, line 256]
Event: 16.139 Thread 0x000000004f00fb20 Exception <a 'java/lang/ClassNotFoundException'{0x00000000e1e77228}: org/springframework/core/PriorityOrderedCustomizer> (0x00000000e1e77228) 
thrown [s\src\hotspot\share\classfile\systemDictionary.cpp, line 256]
Event: 16.140 Thread 0x000000004f00fb20 Exception <a 'java/lang/ClassNotFoundException'{0x00000000e1e7c8c0}: org/springframework/core/OrderedCustomizer> (0x00000000e1e7c8c0) 
thrown [s\src\hotspot\share\classfile\systemDictionary.cpp, line 256]
Event: 16.142 Thread 0x000000004f00fb20 Exception <a 'java/lang/ClassNotFoundException'{0x00000000e1d2f590}: org/springframework/context/ResourceLoaderAwareCustomizer> (0x00000000e1d2f590) 
thrown [s\src\hotspot\share\classfile\systemDictionary.cpp, line 256]
Event: 16.144 Thread 0x000000004f00fb20 Exception <a 'java/lang/ClassNotFoundException'{0x00000000e1d360c0}: org/springframework/beans/factory/AwareCustomizer> (0x00000000e1d360c0) 
thrown [s\src\hotspot\share\classfile\systemDictionary.cpp, line 256]
Event: 16.145 Thread 0x000000004f00fb20 Exception <a 'java/lang/ClassNotFoundException'{0x00000000e1d3bce8}: org/springframework/context/ApplicationStartupAwareCustomizer> (0x00000000e1d3bce8) 
thrown [s\src\hotspot\share\classfile\systemDictionary.cpp, line 256]
Event: 16.146 Thread 0x000000004f00fb20 Exception <a 'java/lang/ClassNotFoundException'{0x00000000e1d42aa0}: org/springframework/beans/factory/AwareCustomizer> (0x00000000e1d42aa0) 
thrown [s\src\hotspot\share\classfile\systemDictionary.cpp, line 256]
Event: 16.147 Thread 0x000000004f00fb20 Exception <a 'java/lang/ClassNotFoundException'{0x00000000e1d487a0}: org/springframework/beans/factory/BeanClassLoaderAwareCustomizer> (0x00000000e1d487a0) 
thrown [s\src\hotspot\share\classfile\systemDictionary.cpp, line 256]
Event: 16.149 Thread 0x000000004f00fb20 Exception <a 'java/lang/ClassNotFoundException'{0x00000000e1d5d670}: org/springframework/beans/factory/AwareCustomizer> (0x00000000e1d5d670) 
thrown [s\src\hotspot\share\classfile\systemDictionary.cpp, line 256]
Event: 16.150 Thread 0x000000004f00fb20 Exception <a 'java/lang/ClassNotFoundException'{0x00000000e1d62f58}: org/springframework/context/EnvironmentAwareCustomizer> (0x00000000e1d62f58) 
thrown [s\src\hotspot\share\classfile\systemDictionary.cpp, line 256]
Event: 16.152 Thread 0x000000004f00fb20 Exception <a 'java/lang/ClassNotFoundException'{0x00000000e1d69a08}: org/springframework/beans/factory/AwareCustomizer> (0x00000000e1d69a08) 
thrown [s\src\hotspot\share\classfile\systemDictionary.cpp, line 256]
Event: 16.200 Thread 0x000000004ed67620 Exception <a 'java/lang/reflect/InvocationTargetException'{0x00000000e1a51538}> (0x00000000e1a51538) 
thrown [s\src\hotspot\share\runtime\reflection.cpp, line 1121]

VM Operations (20 events):
Event: 13.873 Executing VM operation: G1CollectForAllocation
Event: 13.931 Executing VM operation: G1CollectForAllocation done
Event: 15.093 Executing VM operation: HandshakeAllThreads
Event: 15.093 Executing VM operation: HandshakeAllThreads done
Event: 15.093 Executing VM operation: Cleanup
Event: 15.094 Executing VM operation: Cleanup done
Event: 15.476 Executing VM operation: CollectForMetadataAllocation
Event: 15.512 Executing VM operation: CollectForMetadataAllocation done
Event: 15.536 Executing VM operation: G1Concurrent
Event: 15.545 Executing VM operation: G1Concurrent done
Event: 15.553 Executing VM operation: G1Concurrent
Event: 15.553 Executing VM operation: G1Concurrent done
Event: 15.891 Executing VM operation: HandshakeAllThreads
Event: 15.891 Executing VM operation: HandshakeAllThreads done
Event: 16.074 Executing VM operation: HandshakeAllThreads
Event: 16.074 Executing VM operation: HandshakeAllThreads done
Event: 16.187 Executing VM operation: HandshakeAllThreads
Event: 16.187 Executing VM operation: HandshakeAllThreads done
Event: 16.281 Executing VM operation: G1CollectForAllocation
Event: 16.295 Executing VM operation: G1CollectForAllocation done

Events (20 events):
Event: 16.078 loading class java/beans/GenericBeanInfo
Event: 16.078 loading class java/beans/SimpleBeanInfo
Event: 16.078 loading class java/beans/SimpleBeanInfo done
Event: 16.078 loading class java/beans/GenericBeanInfo done
Event: 16.084 loading class java/util/concurrent/atomic/AtomicReference
Event: 16.086 loading class java/util/Hashtable$EntrySet
Event: 16.086 loading class java/util/Hashtable$EntrySet done
Event: 16.098 loading class java/util/concurrent/atomic/AtomicReference done
Event: 16.125 loading class java/util/AbstractList$ListItr
Event: 16.126 loading class java/util/AbstractList$ListItr done
Event: 16.181 loading class java/net/SocketException
Event: 16.182 loading class java/net/SocketException done
Event: 16.277 loading class java/util/regex/Pattern$LazyLoop
Event: 16.277 loading class java/util/regex/Pattern$Loop
Event: 16.277 loading class java/util/regex/Pattern$Loop done
Event: 16.277 loading class java/util/regex/Pattern$LazyLoop done
Event: 16.277 loading class java/util/regex/Pattern$Prolog
Event: 16.277 loading class java/util/regex/Pattern$Prolog done
Event: 16.278 loading class java/util/regex/ASCII
Event: 16.281 loading class java/util/regex/ASCII done


Dynamic libraries:
0x000000013faa0000 - 0x000000013faae000 	C:\Program Files\eclipse\plugins\org.eclipse.justj.openjdk.hotspot.jre.full.win32.x86_64_17.0.5.v20221102-0933\jre\bin\javaw.exe
0x0000000077650000 - 0x00000000777ef000 	C:\Windows\SYSTEM32\ntdll.dll
0x0000000077430000 - 0x000000007754f000 	C:\Windows\system32\kernel32.dll
0x000007fefd630000 - 0x000007fefd69a000 	C:\Windows\system32\KERNELBASE.dll
0x000007fee0930000 - 0x000007fee0947000 	C:\Program Files\eclipse\plugins\org.eclipse.justj.openjdk.hotspot.jre.full.win32.x86_64_17.0.5.v20221102-0933\jre\bin\jli.dll
0x000007fefc050000 - 0x000007fefc244000 	C:\Windows\WinSxS\amd64_microsoft.windows.common-controls_6595b64144ccf1df_6.0.7601.17514_none_fa396087175ac9ac\COMCTL32.dll
0x000007fefd950000 - 0x000007fefd9ef000 	C:\Windows\system32\msvcrt.dll
0x000007fefda70000 - 0x000007fefdad7000 	C:\Windows\system32\GDI32.dll
0x0000000077550000 - 0x000000007764a000 	C:\Windows\system32\USER32.dll
0x000007fefdd70000 - 0x000007fefdd7e000 	C:\Windows\system32\LPK.dll
0x000007fefdd80000 - 0x000007fefde49000 	C:\Windows\system32\USP10.dll
0x000007fefd9f0000 - 0x000007fefda61000 	C:\Windows\system32\SHLWAPI.dll
0x000007fef7fc0000 - 0x000007fef7fd9000 	C:\Program Files\eclipse\plugins\org.eclipse.justj.openjdk.hotspot.jre.full.win32.x86_64_17.0.5.v20221102-0933\jre\bin\VCRUNTIME140.dll
0x000007fef7c40000 - 0x000007fef7c44000 	C:\Program Files\eclipse\plugins\org.eclipse.justj.openjdk.hotspot.jre.full.win32.x86_64_17.0.5.v20221102-0933\jre\bin\api-ms-win-crt-runtime-l1-1-0.dll
0x000007fef34a0000 - 0x000007fef359a000 	C:\Program Files\eclipse\plugins\org.eclipse.justj.openjdk.hotspot.jre.full.win32.x86_64_17.0.5.v20221102-0933\jre\bin\ucrtbase.DLL
0x000007fef42f0000 - 0x000007fef42f3000 	C:\Program Files\eclipse\plugins\org.eclipse.justj.openjdk.hotspot.jre.full.win32.x86_64_17.0.5.v20221102-0933\jre\bin\api-ms-win-core-localization-l1-2-0.dll
0x000007fef42e0000 - 0x000007fef42e3000 	C:\Program Files\eclipse\plugins\org.eclipse.justj.openjdk.hotspot.jre.full.win32.x86_64_17.0.5.v20221102-0933\jre\bin\api-ms-win-core-processthreads-l1-1-1.dll
0x000007fef3490000 - 0x000007fef3493000 	C:\Program Files\eclipse\plugins\org.eclipse.justj.openjdk.hotspot.jre.full.win32.x86_64_17.0.5.v20221102-0933\jre\bin\api-ms-win-core-file-l1-2-0.dll
0x000007fef3480000 - 0x000007fef3483000 	C:\Program Files\eclipse\plugins\org.eclipse.justj.openjdk.hotspot.jre.full.win32.x86_64_17.0.5.v20221102-0933\jre\bin\api-ms-win-core-timezone-l1-1-0.dll
0x000007fef3470000 - 0x000007fef3473000 	C:\Program Files\eclipse\plugins\org.eclipse.justj.openjdk.hotspot.jre.full.win32.x86_64_17.0.5.v20221102-0933\jre\bin\api-ms-win-core-file-l2-1-0.dll
0x000007fef3460000 - 0x000007fef3463000 	C:\Program Files\eclipse\plugins\org.eclipse.justj.openjdk.hotspot.jre.full.win32.x86_64_17.0.5.v20221102-0933\jre\bin\api-ms-win-core-synch-l1-2-0.dll
0x000007fef3450000 - 0x000007fef3453000 	C:\Program Files\eclipse\plugins\org.eclipse.justj.openjdk.hotspot.jre.full.win32.x86_64_17.0.5.v20221102-0933\jre\bin\api-ms-win-crt-heap-l1-1-0.dll
0x000007fef3440000 - 0x000007fef3444000 	C:\Program Files\eclipse\plugins\org.eclipse.justj.openjdk.hotspot.jre.full.win32.x86_64_17.0.5.v20221102-0933\jre\bin\api-ms-win-crt-string-l1-1-0.dll
0x000007fef3430000 - 0x000007fef3434000 	C:\Program Files\eclipse\plugins\org.eclipse.justj.openjdk.hotspot.jre.full.win32.x86_64_17.0.5.v20221102-0933\jre\bin\api-ms-win-crt-stdio-l1-1-0.dll
0x000007fef3420000 - 0x000007fef3424000 	C:\Program Files\eclipse\plugins\org.eclipse.justj.openjdk.hotspot.jre.full.win32.x86_64_17.0.5.v20221102-0933\jre\bin\api-ms-win-crt-convert-l1-1-0.dll
0x000007fef3410000 - 0x000007fef3413000 	C:\Program Files\eclipse\plugins\org.eclipse.justj.openjdk.hotspot.jre.full.win32.x86_64_17.0.5.v20221102-0933\jre\bin\api-ms-win-crt-environment-l1-1-0.dll
0x000007fef3400000 - 0x000007fef3403000 	C:\Program Files\eclipse\plugins\org.eclipse.justj.openjdk.hotspot.jre.full.win32.x86_64_17.0.5.v20221102-0933\jre\bin\api-ms-win-crt-filesystem-l1-1-0.dll
0x000007fef33f0000 - 0x000007fef33f5000 	C:\Program Files\eclipse\plugins\org.eclipse.justj.openjdk.hotspot.jre.full.win32.x86_64_17.0.5.v20221102-0933\jre\bin\api-ms-win-crt-math-l1-1-0.dll
0x000007fef33e0000 - 0x000007fef33e3000 	C:\Program Files\eclipse\plugins\org.eclipse.justj.openjdk.hotspot.jre.full.win32.x86_64_17.0.5.v20221102-0933\jre\bin\api-ms-win-crt-locale-l1-1-0.dll
0x000007feff910000 - 0x000007feff93e000 	C:\Windows\system32\IMM32.DLL
0x000007fefdae0000 - 0x000007fefdbe9000 	C:\Windows\system32\MSCTF.dll
0x000007fef33d0000 - 0x000007fef33dc000 	C:\Program Files\eclipse\plugins\org.eclipse.justj.openjdk.hotspot.jre.full.win32.x86_64_17.0.5.v20221102-0933\jre\bin\vcruntime140_1.dll
0x000007fef3330000 - 0x000007fef33c1000 	C:\Program Files\eclipse\plugins\org.eclipse.justj.openjdk.hotspot.jre.full.win32.x86_64_17.0.5.v20221102-0933\jre\bin\msvcp140.dll
0x000007fef3320000 - 0x000007fef3323000 	C:\Program Files\eclipse\plugins\org.eclipse.justj.openjdk.hotspot.jre.full.win32.x86_64_17.0.5.v20221102-0933\jre\bin\api-ms-win-crt-time-l1-1-0.dll
0x000007fef3310000 - 0x000007fef3313000 	C:\Program Files\eclipse\plugins\org.eclipse.justj.openjdk.hotspot.jre.full.win32.x86_64_17.0.5.v20221102-0933\jre\bin\api-ms-win-crt-utility-l1-1-0.dll
0x000007fede6c0000 - 0x000007fedf304000 	C:\Program Files\eclipse\plugins\org.eclipse.justj.openjdk.hotspot.jre.full.win32.x86_64_17.0.5.v20221102-0933\jre\bin\server\jvm.dll
0x000007feff830000 - 0x000007feff90b000 	C:\Windows\system32\ADVAPI32.dll
0x000007fefef80000 - 0x000007fefef9f000 	C:\Windows\SYSTEM32\sechost.dll
0x000007feff700000 - 0x000007feff82c000 	C:\Windows\system32\RPCRT4.dll
0x000007fef9090000 - 0x000007fef9099000 	C:\Windows\system32\WSOCK32.dll
0x000007fefe0b0000 - 0x000007fefe0fd000 	C:\Windows\system32\WS2_32.dll
0x000007fefe100000 - 0x000007fefe108000 	C:\Windows\system32\NSI.dll
0x000007fefaac0000 - 0x000007fefaafb000 	C:\Windows\system32\WINMM.dll
0x000007fefc6e0000 - 0x000007fefc6ec000 	C:\Windows\system32\VERSION.dll
0x000007fef7b50000 - 0x000007fef7b5a000 	C:\Program Files\eclipse\plugins\org.eclipse.justj.openjdk.hotspot.jre.full.win32.x86_64_17.0.5.v20221102-0933\jre\bin\jimage.dll
0x000007fefba50000 - 0x000007fefbb75000 	C:\Windows\system32\DBGHELP.DLL
0x000007fee0800000 - 0x000007fee0825000 	C:\Program Files\eclipse\plugins\org.eclipse.justj.openjdk.hotspot.jre.full.win32.x86_64_17.0.5.v20221102-0933\jre\bin\java.dll
0x000007fee07e0000 - 0x000007fee07f8000 	C:\Program Files\eclipse\plugins\org.eclipse.justj.openjdk.hotspot.jre.full.win32.x86_64_17.0.5.v20221102-0933\jre\bin\zip.dll
0x000007fefe1f0000 - 0x000007fefef78000 	C:\Windows\system32\SHELL32.dll
0x000007feff450000 - 0x000007feff653000 	C:\Windows\system32\ole32.dll
0x000007fefd580000 - 0x000007fefd58f000 	C:\Windows\system32\profapi.dll
0x000007fee07c0000 - 0x000007fee07d9000 	C:\Program Files\eclipse\plugins\org.eclipse.justj.openjdk.hotspot.jre.full.win32.x86_64_17.0.5.v20221102-0933\jre\bin\net.dll
0x000007fefa770000 - 0x000007fefa7e1000 	C:\Windows\system32\WINHTTP.dll
0x000007fefa700000 - 0x000007fefa764000 	C:\Windows\system32\webio.dll
0x000007fefcd60000 - 0x000007fefcdb5000 	C:\Windows\system32\mswsock.dll
0x000007fefcd50000 - 0x000007fefcd57000 	C:\Windows\System32\wship6.dll
0x000007fee07a0000 - 0x000007fee07b5000 	C:\Program Files\eclipse\plugins\org.eclipse.justj.openjdk.hotspot.jre.full.win32.x86_64_17.0.5.v20221102-0933\jre\bin\nio.dll
0x000007fef30d0000 - 0x000007fef30d9000 	C:\Program Files\eclipse\plugins\org.eclipse.justj.openjdk.hotspot.jre.full.win32.x86_64_17.0.5.v20221102-0933\jre\bin\management.dll
0x000007fef30c0000 - 0x000007fef30cb000 	C:\Program Files\eclipse\plugins\org.eclipse.justj.openjdk.hotspot.jre.full.win32.x86_64_17.0.5.v20221102-0933\jre\bin\management_ext.dll
0x00000000777f0000 - 0x00000000777f7000 	C:\Windows\system32\PSAPI.DLL
0x000007fefb880000 - 0x000007fefb895000 	C:\Windows\system32\NLAapi.dll
0x000007fefc560000 - 0x000007fefc575000 	C:\Windows\system32\napinsp.dll
0x000007fefc540000 - 0x000007fefc559000 	C:\Windows\system32\pnrpnsp.dll
0x000007fefcbe0000 - 0x000007fefcc3b000 	C:\Windows\system32\DNSAPI.dll
0x000007fefc530000 - 0x000007fefc53b000 	C:\Windows\System32\winrnr.dll
0x000007fefc7b0000 - 0x000007fefc7b7000 	C:\Windows\System32\wshtcpip.dll
0x000007fefab10000 - 0x000007fefab37000 	C:\Windows\system32\IPHLPAPI.DLL
0x000007fefab00000 - 0x000007fefab0b000 	C:\Windows\system32\WINNSI.DLL
0x000007fef83d0000 - 0x000007fef83d8000 	C:\Windows\system32\rasadhlp.dll
0x000007fefa200000 - 0x000007fefa253000 	C:\Windows\System32\fwpuclnt.dll
0x000007fefcdc0000 - 0x000007fefcdd8000 	C:\Windows\system32\CRYPTSP.dll
0x000007fefcac0000 - 0x000007fefcb07000 	C:\Windows\system32\rsaenh.dll
0x000007fefc8c0000 - 0x000007fefc8de000 	C:\Windows\system32\USERENV.dll
0x000007fefd470000 - 0x000007fefd47f000 	C:\Windows\system32\CRYPTBASE.dll
0x000007fefa180000 - 0x000007fefa198000 	C:\Windows\system32\dhcpcsvc.DLL
0x000007fefa060000 - 0x000007fefa071000 	C:\Windows\system32\dhcpcsvc6.DLL
0x000007fef7b30000 - 0x000007fef7b40000 	C:\Program Files\eclipse\plugins\org.eclipse.justj.openjdk.hotspot.jre.full.win32.x86_64_17.0.5.v20221102-0933\jre\bin\verify.dll

dbghelp: loaded successfully - version: 4.0.5 - missing functions: none
symbol engine: initialized successfully - sym options: 0x614 - pdb path: .;C:\Program Files\eclipse\plugins\org.eclipse.justj.openjdk.hotspot.jre.full.win32.x86_64_17.0.5.v20221102-0933\jre\bin;C:\Windows\SYSTEM32;C:\Windows\WinSxS\amd64_microsoft.windows.common-controls_6595b64144ccf1df_6.0.7601.17514_none_fa396087175ac9ac;C:\Program Files\eclipse\plugins\org.eclipse.justj.openjdk.hotspot.jre.full.win32.x86_64_17.0.5.v20221102-0933\jre\bin\server

VM Arguments:
jvm_args: -Dcom.sun.management.jmxremote -Dcom.sun.management.jmxremote.port=55883 -Dcom.sun.management.jmxremote.authenticate=false -Dcom.sun.management.jmxremote.ssl=false -Djava.rmi.server.hostname=localhost -Dspring.jmx.enabled=true -Dmanagement.endpoints.jmx.exposure.include=* -Dspring.application.admin.enabled=true -XX:TieredStopAtLevel=1 -Dspring.boot.project.name=calendario-usuarios-backend -Dfile.encoding=UTF-8 -XX:+ShowCodeDetailsInExceptionMessages 
java_command: com.sistema.examenes.SistemaExamenesBackendApplication --spring.output.ansi.enabled=always
java_class_path (initial): C:\Users\paulina\Documents\EclipseProjects\calendario-usuarios-backend\target\classes;C:\Users\paulina\.m2\repository\org\springframework\boot\spring-boot-starter-data-jpa\2.6.6\spring-boot-starter-data-jpa-2.6.6.jar;C:\Users\paulina\.m2\repository\org\springframework\boot\spring-boot-starter-aop\2.6.6\spring-boot-starter-aop-2.6.6.jar;C:\Users\paulina\.m2\repository\org\aspectj\aspectjweaver\1.9.7\aspectjweaver-1.9.7.jar;C:\Users\paulina\.m2\repository\org\springframework\boot\spring-boot-starter-jdbc\2.6.6\spring-boot-starter-jdbc-2.6.6.jar;C:\Users\paulina\.m2\repository\com\zaxxer\HikariCP\4.0.3\HikariCP-4.0.3.jar;C:\Users\paulina\.m2\repository\org\springframework\spring-jdbc\5.3.18\spring-jdbc-5.3.18.jar;C:\Users\paulina\.m2\repository\jakarta\transaction\jakarta.transaction-api\1.3.3\jakarta.transaction-api-1.3.3.jar;C:\Users\paulina\.m2\repository\jakarta\persistence\jakarta.persistence-api\2.2.3\jakarta.persistence-api-2.2.3.jar;C:\Users\paulina\.m2\repository\org\hibernate\hibernate-core\5.6.7.Final\hibernate-core-5.6.7.Final.jar;C:\Users\paulina\.m2\repository\org\jboss\logging\jboss-logging\3.4.3.Final\jboss-logging-3.4.3.Final.jar;C:\Users\paulina\.m2\repository\net\bytebuddy\byte-buddy\1.11.22\byte-buddy-1.11.22.jar;C:\Users\paulina\.m2\repository\antlr\antlr\2.7.7\antlr-2.7.7.jar;C:\Users\paulina\.m2\repository\org\jboss\jandex\2.4.2.Final\jandex-2.4.2.Final.jar;C:\Users\paulina\.m2\repository\com\fasterxml\classmate\1.5.1\classmate-1.5.1.jar;C:\Users\paulina\.m2\repository\org\hibernate\common\hibernate-commons-annotations\5.1.2.Final\hibernate-commons-annotations-5.1.2.Final.jar;C:\Users\paulina\.m2\repository\org\glassfish\jaxb\jaxb-runtime\2.3.6\jaxb-runtime-2.3.6.jar;C:\Users\paulina\.m2\repository\org\glassfish\jaxb\txw2\2.3.6\txw2-2.3.6.jar;C:\Users\paulina\.m2\repository\com\sun\istack\istack-commons-runtime\3.0.12\istack-commons-runtime-3.0.12.jar;C:\Users\paulina\.m2\repository\org\springframework\data\spring-dat
Launcher Type: SUN_STANDARD

[Global flags]
     intx CICompilerCount                          = 2                                         {product} {ergonomic}
     uint ConcGCThreads                            = 1                                         {product} {ergonomic}
     uint G1ConcRefinementThreads                  = 2                                         {product} {ergonomic}
   size_t G1HeapRegionSize                         = 1048576                                   {product} {ergonomic}
    uintx GCDrainStackTargetSize                   = 64                                        {product} {ergonomic}
   size_t InitialHeapSize                          = 33554432                                  {product} {ergonomic}
     bool ManagementServer                         = true                                      {product} {command line}
   size_t MarkStackSize                            = 4194304                                   {product} {ergonomic}
   size_t MaxHeapSize                              = 528482304                                 {product} {ergonomic}
   size_t MaxNewSize                               = 316669952                                 {product} {ergonomic}
   size_t MinHeapDeltaBytes                        = 1048576                                   {product} {ergonomic}
   size_t MinHeapSize                              = 8388608                                   {product} {ergonomic}
    uintx NonProfiledCodeHeapSize                  = 0                                      {pd product} {ergonomic}
     bool ProfileInterpreter                       = false                                  {pd product} {command line}
    uintx ProfiledCodeHeapSize                     = 0                                      {pd product} {ergonomic}
     bool ShowCodeDetailsInExceptionMessages       = true                                   {manageable} {command line}
   size_t SoftMaxHeapSize                          = 528482304                              {manageable} {ergonomic}
     intx TieredStopAtLevel                        = 1                                         {product} {command line}
     bool UseCompressedClassPointers               = true                           {product lp64_product} {ergonomic}
     bool UseCompressedOops                        = true                           {product lp64_product} {ergonomic}
     bool UseG1GC                                  = true                                      {product} {ergonomic}
     bool UseLargePagesIndividualAllocation        = false                                  {pd product} {ergonomic}

Logging:
Log output configuration:
 #0: stdout all=warning uptime,level,tags
 #1: stderr all=off uptime,level,tags

Environment Variables:
PATH=C:/Program Files/eclipse//plugins/org.eclipse.justj.openjdk.hotspot.jre.full.win32.x86_64_17.0.5.v20221102-0933/jre/bin/server;C:/Program Files/eclipse//plugins/org.eclipse.justj.openjdk.hotspot.jre.full.win32.x86_64_17.0.5.v20221102-0933/jre/bin;C:\Program Files (x86)\Common Files\Oracle\Java\javapath;C:\Windows\system32;C:\Windows;C:\Windows\System32\Wbem;C:\Windows\System32\WindowsPowerShell\v1.0\;C:\Program Files\Microsoft VS Code\bin;C:\Program Files (x86)\gnupg\bin;C:\Program Files\PostgreSQL\15\bin;C:\Users\paulina\AppData\Roaming\nvm;C:\Program Files\nodejs;C:\Program Files\nodejs\;C:\Users\paulina\AppData\Roaming\nvm;C:\Program Files\nodejs;C:\Users\paulina\AppData\Roaming\npm;C:\Program Files\eclipse;
USERNAME=paulina
OS=Windows_NT
PROCESSOR_IDENTIFIER=Intel64 Family 6 Model 23 Stepping 10, GenuineIntel
TMP=C:\Users\paulina\AppData\Local\Temp
TEMP=C:\Users\paulina\AppData\Local\Temp



---------------  S Y S T E M  ---------------

OS:
 Windows 7 , 64 bit Build 7601 (6.1.7601.24384)
OS uptime: 0 days 5:49 hours

CPU: total 2 (initial active 2) (2 cores per cpu, 1 threads per core) family 6 model 23 stepping 10 microcode 0x0, cx8, cmov, fxsr, mmx, sse, sse2, sse3, ssse3, tsc, clflush

Memory: 4k page, system-wide physical 2008M (53M free)
TotalPageFile size 8034M (AvailPageFile size 4M)
current process WorkingSet (physical memory assigned to process): 81M, peak: 81M
current process commit charge ("private bytes"): 123M, peak: 123M

vm_info: OpenJDK 64-Bit Server VM (17.0.5+8) for windows-amd64 JRE (17.0.5+8), built on Oct 19 2022 04:48:13 by "temurin" with MS VC++ 16.7 (VS2019)

END.
