#
# There is insufficient memory for the Java Runtime Environment to continue.
# Native memory allocation (mmap) failed to map 33554432 bytes for G1 virtual space
# Possible reasons:
#   The system is out of physical RAM or swap space
#   The process is running with CompressedOops enabled, and the Java Heap may be blocking the growth of the native heap
# Possible solutions:
#   Reduce memory load on the system
#   Increase physical memory or swap space
#   Check if swap backing store is full
#   Decrease Java heap size (-Xmx/-Xms)
#   Decrease number of Java threads
#   Decrease Java thread stack sizes (-Xss)
#   Set larger code cache with -XX:ReservedCodeCacheSize=
#   JVM is running with Unscaled Compressed Oops mode in which the Java heap is
#     placed in the first 4GB address space. The Java Heap base address is the
#     maximum limit for the native heap growth. Please use -XX:HeapBaseMinAddress
#     to set the Java Heap base and to place the Java Heap above 4GB virtual address.
# This output file may be truncated or incomplete.
#
#  Out of Memory Error (os_windows.cpp:3548), pid=5648, tid=4412
#
# JRE version:  (17.0.5+8) (build )
# Java VM: OpenJDK 64-Bit Server VM (17.0.5+8, mixed mode, emulated-client, sharing, tiered, compressed oops, compressed class ptrs, g1 gc, windows-amd64)
# No core dump will be written. Minidumps are not enabled by default on client versions of Windows
#

---------------  S U M M A R Y ------------

Command Line: -Dcom.sun.management.jmxremote -Dcom.sun.management.jmxremote.port=57543 -Dcom.sun.management.jmxremote.authenticate=false -Dcom.sun.management.jmxremote.ssl=false -Djava.rmi.server.hostname=localhost -Dspring.jmx.enabled=true -Dmanagement.endpoints.jmx.exposure.include=* -Dspring.application.admin.enabled=true -XX:TieredStopAtLevel=1 -Dspring.boot.project.name=calendario-usuarios-backend -Dfile.encoding=UTF-8 -XX:+ShowCodeDetailsInExceptionMessages com.sistema.examenes.SistemaExamenesBackendApplication --spring.output.ansi.enabled=always

Host: Pentium(R) Dual-Core CPU       T4500  @ 2.30GHz, 2 cores, 1G,  Windows 7 , 64 bit Build 7601 (6.1.7601.24384)
Time: Thu Jun  8 01:41:33 2023 Hora estándar de Argentina elapsed time: 0.225647 seconds (0d 0h 0m 0s)

---------------  T H R E A D  ---------------

Current thread (0x000000000030e4a0):  JavaThread "Unknown thread" [_thread_in_vm, id=4412, stack(0x0000000002100000,0x0000000002200000)]

Stack: [0x0000000002100000,0x0000000002200000]
Native frames: (J=compiled Java code, j=interpreted, Vv=VM code, C=native code)
V  [jvm.dll+0x676b3a]
V  [jvm.dll+0x831444]
V  [jvm.dll+0x832bee]
V  [jvm.dll+0x833253]
V  [jvm.dll+0x244ce5]
V  [jvm.dll+0x673a49]
V  [jvm.dll+0x66811a]
V  [jvm.dll+0x303ceb]
V  [jvm.dll+0x30b1e6]
V  [jvm.dll+0x35adbe]
V  [jvm.dll+0x35afef]
V  [jvm.dll+0x2dab88]
V  [jvm.dll+0x2dbaf4]
V  [jvm.dll+0x803121]
V  [jvm.dll+0x368bb1]
V  [jvm.dll+0x7e265c]
V  [jvm.dll+0x3eb17f]
V  [jvm.dll+0x3eccc1]
C  [jli.dll+0x5267]
C  [ucrtbase.DLL+0x1c1ae]
C  [kernel32.dll+0x1570d]
C  [ntdll.dll+0x5385d]


---------------  P R O C E S S  ---------------

Threads class SMR info:
_java_thread_list=0x000007fedf1d2f18, length=0, elements={
}

Java Threads: ( => current thread )

Other Threads:
  0x0000000000347340 GCTaskThread "GC Thread#0" [stack: 0x000000000a330000,0x000000000a430000] [id=2660]
  0x000000000034be50 ConcurrentGCThread "G1 Main Marker" [stack: 0x000000000a5b0000,0x000000000a6b0000] [id=2676]
  0x000000000034d470 ConcurrentGCThread "G1 Conc#0" [stack: 0x000000000a7f0000,0x000000000a8f0000] [id=5624]

[error occurred during error reporting (printing all threads), id 0xc0000005, EXCEPTION_ACCESS_VIOLATION (0xc0000005) at pc=0x000007fede9ab617]

VM state: not at safepoint (not fully initialized)

VM Mutex/Monitor currently owned by a thread:  ([mutex/lock_event])
[0x000000000030bb50] Heap_lock - owner thread: 0x000000000030e4a0

Heap address: 0x00000000e0800000, size: 504 MB, Compressed Oops mode: 32-bit

CDS archive(s) mapped at: [0x0000000000000000-0x0000000000000000-0x0000000000000000), size 0, SharedBaseAddress: 0x0000000800000000, ArchiveRelocationMode: 0.
Narrow klass base: 0x0000000000000000, Narrow klass shift: 0, Narrow klass range: 0x0

GC Precious Log:
<Empty>

Heap:
 garbage-first heap   total 0K, used 0K [0x00000000e0800000, 0x0000000100000000)
  region size 1024K, 0 young (0K), 0 survivors (0K)

[error occurred during error reporting (printing heap information), id 0xc0000005, EXCEPTION_ACCESS_VIOLATION (0xc0000005) at pc=0x000007feded8fcb9]

GC Heap History (0 events):
No events

Dll operation events (1 events):
Event: 0.156 Loaded shared library C:\Program Files\eclipse\plugins\org.eclipse.justj.openjdk.hotspot.jre.full.win32.x86_64_17.0.5.v20221102-0933\jre\bin\java.dll

Deoptimization events (0 events):
No events

Classes unloaded (0 events):
No events

Classes redefined (0 events):
No events

Internal exceptions (0 events):
No events

VM Operations (0 events):
No events

Events (0 events):
No events


Dynamic libraries:
0x000000013faa0000 - 0x000000013faae000 	C:\Program Files\eclipse\plugins\org.eclipse.justj.openjdk.hotspot.jre.full.win32.x86_64_17.0.5.v20221102-0933\jre\bin\javaw.exe
0x0000000077650000 - 0x00000000777ef000 	C:\Windows\SYSTEM32\ntdll.dll
0x0000000077430000 - 0x000000007754f000 	C:\Windows\system32\kernel32.dll
0x000007fefd630000 - 0x000007fefd69a000 	C:\Windows\system32\KERNELBASE.dll
0x000007fee0930000 - 0x000007fee0947000 	C:\Program Files\eclipse\plugins\org.eclipse.justj.openjdk.hotspot.jre.full.win32.x86_64_17.0.5.v20221102-0933\jre\bin\jli.dll
0x000007fefc050000 - 0x000007fefc244000 	C:\Windows\WinSxS\amd64_microsoft.windows.common-controls_6595b64144ccf1df_6.0.7601.17514_none_fa396087175ac9ac\COMCTL32.dll
0x000007fefd950000 - 0x000007fefd9ef000 	C:\Windows\system32\msvcrt.dll
0x000007fefda70000 - 0x000007fefdad7000 	C:\Windows\system32\GDI32.dll
0x0000000077550000 - 0x000000007764a000 	C:\Windows\system32\USER32.dll
0x000007fefdd70000 - 0x000007fefdd7e000 	C:\Windows\system32\LPK.dll
0x000007fefdd80000 - 0x000007fefde49000 	C:\Windows\system32\USP10.dll
0x000007fefd9f0000 - 0x000007fefda61000 	C:\Windows\system32\SHLWAPI.dll
0x000007fef7fc0000 - 0x000007fef7fd9000 	C:\Program Files\eclipse\plugins\org.eclipse.justj.openjdk.hotspot.jre.full.win32.x86_64_17.0.5.v20221102-0933\jre\bin\VCRUNTIME140.dll
0x000007fef7c40000 - 0x000007fef7c44000 	C:\Program Files\eclipse\plugins\org.eclipse.justj.openjdk.hotspot.jre.full.win32.x86_64_17.0.5.v20221102-0933\jre\bin\api-ms-win-crt-runtime-l1-1-0.dll
0x000007fef34a0000 - 0x000007fef359a000 	C:\Program Files\eclipse\plugins\org.eclipse.justj.openjdk.hotspot.jre.full.win32.x86_64_17.0.5.v20221102-0933\jre\bin\ucrtbase.DLL
0x000007fef42f0000 - 0x000007fef42f3000 	C:\Program Files\eclipse\plugins\org.eclipse.justj.openjdk.hotspot.jre.full.win32.x86_64_17.0.5.v20221102-0933\jre\bin\api-ms-win-core-localization-l1-2-0.dll
0x000007fef42e0000 - 0x000007fef42e3000 	C:\Program Files\eclipse\plugins\org.eclipse.justj.openjdk.hotspot.jre.full.win32.x86_64_17.0.5.v20221102-0933\jre\bin\api-ms-win-core-processthreads-l1-1-1.dll
0x000007fef3490000 - 0x000007fef3493000 	C:\Program Files\eclipse\plugins\org.eclipse.justj.openjdk.hotspot.jre.full.win32.x86_64_17.0.5.v20221102-0933\jre\bin\api-ms-win-core-file-l1-2-0.dll
0x000007fef3480000 - 0x000007fef3483000 	C:\Program Files\eclipse\plugins\org.eclipse.justj.openjdk.hotspot.jre.full.win32.x86_64_17.0.5.v20221102-0933\jre\bin\api-ms-win-core-timezone-l1-1-0.dll
0x000007fef3470000 - 0x000007fef3473000 	C:\Program Files\eclipse\plugins\org.eclipse.justj.openjdk.hotspot.jre.full.win32.x86_64_17.0.5.v20221102-0933\jre\bin\api-ms-win-core-file-l2-1-0.dll
0x000007fef3460000 - 0x000007fef3463000 	C:\Program Files\eclipse\plugins\org.eclipse.justj.openjdk.hotspot.jre.full.win32.x86_64_17.0.5.v20221102-0933\jre\bin\api-ms-win-core-synch-l1-2-0.dll
0x000007fef3450000 - 0x000007fef3453000 	C:\Program Files\eclipse\plugins\org.eclipse.justj.openjdk.hotspot.jre.full.win32.x86_64_17.0.5.v20221102-0933\jre\bin\api-ms-win-crt-heap-l1-1-0.dll
0x000007fef3440000 - 0x000007fef3444000 	C:\Program Files\eclipse\plugins\org.eclipse.justj.openjdk.hotspot.jre.full.win32.x86_64_17.0.5.v20221102-0933\jre\bin\api-ms-win-crt-string-l1-1-0.dll
0x000007fef3430000 - 0x000007fef3434000 	C:\Program Files\eclipse\plugins\org.eclipse.justj.openjdk.hotspot.jre.full.win32.x86_64_17.0.5.v20221102-0933\jre\bin\api-ms-win-crt-stdio-l1-1-0.dll
0x000007fef3420000 - 0x000007fef3424000 	C:\Program Files\eclipse\plugins\org.eclipse.justj.openjdk.hotspot.jre.full.win32.x86_64_17.0.5.v20221102-0933\jre\bin\api-ms-win-crt-convert-l1-1-0.dll
0x000007fef3410000 - 0x000007fef3413000 	C:\Program Files\eclipse\plugins\org.eclipse.justj.openjdk.hotspot.jre.full.win32.x86_64_17.0.5.v20221102-0933\jre\bin\api-ms-win-crt-environment-l1-1-0.dll
0x000007fef3400000 - 0x000007fef3403000 	C:\Program Files\eclipse\plugins\org.eclipse.justj.openjdk.hotspot.jre.full.win32.x86_64_17.0.5.v20221102-0933\jre\bin\api-ms-win-crt-filesystem-l1-1-0.dll
0x000007fef33f0000 - 0x000007fef33f5000 	C:\Program Files\eclipse\plugins\org.eclipse.justj.openjdk.hotspot.jre.full.win32.x86_64_17.0.5.v20221102-0933\jre\bin\api-ms-win-crt-math-l1-1-0.dll
0x000007fef33e0000 - 0x000007fef33e3000 	C:\Program Files\eclipse\plugins\org.eclipse.justj.openjdk.hotspot.jre.full.win32.x86_64_17.0.5.v20221102-0933\jre\bin\api-ms-win-crt-locale-l1-1-0.dll
0x000007feff910000 - 0x000007feff93e000 	C:\Windows\system32\IMM32.DLL
0x000007fefdae0000 - 0x000007fefdbe9000 	C:\Windows\system32\MSCTF.dll
0x000007fef33d0000 - 0x000007fef33dc000 	C:\Program Files\eclipse\plugins\org.eclipse.justj.openjdk.hotspot.jre.full.win32.x86_64_17.0.5.v20221102-0933\jre\bin\vcruntime140_1.dll
0x000007fef3330000 - 0x000007fef33c1000 	C:\Program Files\eclipse\plugins\org.eclipse.justj.openjdk.hotspot.jre.full.win32.x86_64_17.0.5.v20221102-0933\jre\bin\msvcp140.dll
0x000007fef3320000 - 0x000007fef3323000 	C:\Program Files\eclipse\plugins\org.eclipse.justj.openjdk.hotspot.jre.full.win32.x86_64_17.0.5.v20221102-0933\jre\bin\api-ms-win-crt-time-l1-1-0.dll
0x000007fef3310000 - 0x000007fef3313000 	C:\Program Files\eclipse\plugins\org.eclipse.justj.openjdk.hotspot.jre.full.win32.x86_64_17.0.5.v20221102-0933\jre\bin\api-ms-win-crt-utility-l1-1-0.dll
0x000007fede6c0000 - 0x000007fedf304000 	C:\Program Files\eclipse\plugins\org.eclipse.justj.openjdk.hotspot.jre.full.win32.x86_64_17.0.5.v20221102-0933\jre\bin\server\jvm.dll
0x000007feff830000 - 0x000007feff90b000 	C:\Windows\system32\ADVAPI32.dll
0x000007fefef80000 - 0x000007fefef9f000 	C:\Windows\SYSTEM32\sechost.dll
0x000007feff700000 - 0x000007feff82c000 	C:\Windows\system32\RPCRT4.dll
0x000007fef9090000 - 0x000007fef9099000 	C:\Windows\system32\WSOCK32.dll
0x000007fefe0b0000 - 0x000007fefe0fd000 	C:\Windows\system32\WS2_32.dll
0x000007fefe100000 - 0x000007fefe108000 	C:\Windows\system32\NSI.dll
0x000007fefaac0000 - 0x000007fefaafb000 	C:\Windows\system32\WINMM.dll
0x000007fefc6e0000 - 0x000007fefc6ec000 	C:\Windows\system32\VERSION.dll
0x000007fef7b50000 - 0x000007fef7b5a000 	C:\Program Files\eclipse\plugins\org.eclipse.justj.openjdk.hotspot.jre.full.win32.x86_64_17.0.5.v20221102-0933\jre\bin\jimage.dll
0x000007fefba50000 - 0x000007fefbb75000 	C:\Windows\system32\DBGHELP.DLL
0x000007fee0800000 - 0x000007fee0825000 	C:\Program Files\eclipse\plugins\org.eclipse.justj.openjdk.hotspot.jre.full.win32.x86_64_17.0.5.v20221102-0933\jre\bin\java.dll

dbghelp: loaded successfully - version: 4.0.5 - missing functions: none
symbol engine: initialized successfully - sym options: 0x614 - pdb path: .;C:\Program Files\eclipse\plugins\org.eclipse.justj.openjdk.hotspot.jre.full.win32.x86_64_17.0.5.v20221102-0933\jre\bin;C:\Windows\SYSTEM32;C:\Windows\WinSxS\amd64_microsoft.windows.common-controls_6595b64144ccf1df_6.0.7601.17514_none_fa396087175ac9ac;C:\Program Files\eclipse\plugins\org.eclipse.justj.openjdk.hotspot.jre.full.win32.x86_64_17.0.5.v20221102-0933\jre\bin\server

VM Arguments:
jvm_args: -Dcom.sun.management.jmxremote -Dcom.sun.management.jmxremote.port=57543 -Dcom.sun.management.jmxremote.authenticate=false -Dcom.sun.management.jmxremote.ssl=false -Djava.rmi.server.hostname=localhost -Dspring.jmx.enabled=true -Dmanagement.endpoints.jmx.exposure.include=* -Dspring.application.admin.enabled=true -XX:TieredStopAtLevel=1 -Dspring.boot.project.name=calendario-usuarios-backend -Dfile.encoding=UTF-8 -XX:+ShowCodeDetailsInExceptionMessages 
java_command: com.sistema.examenes.SistemaExamenesBackendApplication --spring.output.ansi.enabled=always
java_class_path (initial): C:\Users\paulina\Documents\EclipseProjects\calendario-usuarios-backend\target\classes;C:\Users\paulina\.m2\repository\org\springframework\boot\spring-boot-starter-data-jpa\2.6.6\spring-boot-starter-data-jpa-2.6.6.jar;C:\Users\paulina\.m2\repository\org\springframework\boot\spring-boot-starter-aop\2.6.6\spring-boot-starter-aop-2.6.6.jar;C:\Users\paulina\.m2\repository\org\aspectj\aspectjweaver\1.9.7\aspectjweaver-1.9.7.jar;C:\Users\paulina\.m2\repository\org\springframework\boot\spring-boot-starter-jdbc\2.6.6\spring-boot-starter-jdbc-2.6.6.jar;C:\Users\paulina\.m2\repository\com\zaxxer\HikariCP\4.0.3\HikariCP-4.0.3.jar;C:\Users\paulina\.m2\repository\org\springframework\spring-jdbc\5.3.18\spring-jdbc-5.3.18.jar;C:\Users\paulina\.m2\repository\jakarta\transaction\jakarta.transaction-api\1.3.3\jakarta.transaction-api-1.3.3.jar;C:\Users\paulina\.m2\repository\jakarta\persistence\jakarta.persistence-api\2.2.3\jakarta.persistence-api-2.2.3.jar;C:\Users\paulina\.m2\repository\org\hibernate\hibernate-core\5.6.7.Final\hibernate-core-5.6.7.Final.jar;C:\Users\paulina\.m2\repository\org\jboss\logging\jboss-logging\3.4.3.Final\jboss-logging-3.4.3.Final.jar;C:\Users\paulina\.m2\repository\net\bytebuddy\byte-buddy\1.11.22\byte-buddy-1.11.22.jar;C:\Users\paulina\.m2\repository\antlr\antlr\2.7.7\antlr-2.7.7.jar;C:\Users\paulina\.m2\repository\org\jboss\jandex\2.4.2.Final\jandex-2.4.2.Final.jar;C:\Users\paulina\.m2\repository\com\fasterxml\classmate\1.5.1\classmate-1.5.1.jar;C:\Users\paulina\.m2\repository\org\hibernate\common\hibernate-commons-annotations\5.1.2.Final\hibernate-commons-annotations-5.1.2.Final.jar;C:\Users\paulina\.m2\repository\org\glassfish\jaxb\jaxb-runtime\2.3.6\jaxb-runtime-2.3.6.jar;C:\Users\paulina\.m2\repository\org\glassfish\jaxb\txw2\2.3.6\txw2-2.3.6.jar;C:\Users\paulina\.m2\repository\com\sun\istack\istack-commons-runtime\3.0.12\istack-commons-runtime-3.0.12.jar;C:\Users\paulina\.m2\repository\org\springframework\data\spring-dat
Launcher Type: SUN_STANDARD

[Global flags]
     intx CICompilerCount                          = 2                                         {product} {ergonomic}
     uint ConcGCThreads                            = 1                                         {product} {ergonomic}
     uint G1ConcRefinementThreads                  = 2                                         {product} {ergonomic}
   size_t G1HeapRegionSize                         = 1048576                                   {product} {ergonomic}
    uintx GCDrainStackTargetSize                   = 64                                        {product} {ergonomic}
   size_t InitialHeapSize                          = 33554432                                  {product} {ergonomic}
     bool ManagementServer                         = true                                      {product} {command line}
   size_t MarkStackSize                            = 4194304                                   {product} {ergonomic}
   size_t MaxHeapSize                              = 528482304                                 {product} {ergonomic}
   size_t MinHeapDeltaBytes                        = 1048576                                   {product} {ergonomic}
   size_t MinHeapSize                              = 8388608                                   {product} {ergonomic}
    uintx NonProfiledCodeHeapSize                  = 0                                      {pd product} {ergonomic}
     bool ProfileInterpreter                       = false                                  {pd product} {command line}
    uintx ProfiledCodeHeapSize                     = 0                                      {pd product} {ergonomic}
     bool ShowCodeDetailsInExceptionMessages       = true                                   {manageable} {command line}
   size_t SoftMaxHeapSize                          = 528482304                              {manageable} {ergonomic}
     intx TieredStopAtLevel                        = 1                                         {product} {command line}
     bool UseCompressedClassPointers               = true                           {product lp64_product} {ergonomic}
     bool UseCompressedOops                        = true                           {product lp64_product} {ergonomic}
     bool UseG1GC                                  = true                                      {product} {ergonomic}
     bool UseLargePagesIndividualAllocation        = false                                  {pd product} {ergonomic}

Logging:
Log output configuration:
 #0: stdout all=warning uptime,level,tags
 #1: stderr all=off uptime,level,tags

Environment Variables:
PATH=C:/Program Files/eclipse//plugins/org.eclipse.justj.openjdk.hotspot.jre.full.win32.x86_64_17.0.5.v20221102-0933/jre/bin/server;C:/Program Files/eclipse//plugins/org.eclipse.justj.openjdk.hotspot.jre.full.win32.x86_64_17.0.5.v20221102-0933/jre/bin;C:\Program Files (x86)\Common Files\Oracle\Java\javapath;C:\Windows\system32;C:\Windows;C:\Windows\System32\Wbem;C:\Windows\System32\WindowsPowerShell\v1.0\;C:\Program Files\Microsoft VS Code\bin;C:\Program Files (x86)\gnupg\bin;C:\Program Files\PostgreSQL\15\bin;C:\Users\paulina\AppData\Roaming\nvm;C:\Program Files\nodejs;C:\Program Files\nodejs\;C:\Users\paulina\AppData\Roaming\nvm;C:\Program Files\nodejs;C:\Users\paulina\AppData\Roaming\npm;C:\Program Files\eclipse;
USERNAME=paulina
OS=Windows_NT
PROCESSOR_IDENTIFIER=Intel64 Family 6 Model 23 Stepping 10, GenuineIntel
TMP=C:\Users\paulina\AppData\Local\Temp
TEMP=C:\Users\paulina\AppData\Local\Temp



---------------  S Y S T E M  ---------------

OS:
 Windows 7 , 64 bit Build 7601 (6.1.7601.24384)
OS uptime: 0 days 6:17 hours

CPU: total 2 (initial active 2) (2 cores per cpu, 1 threads per core) family 6 model 23 stepping 10 microcode 0x0, cx8, cmov, fxsr, mmx, sse, sse2, sse3, ssse3, tsc, clflush

Memory: 4k page, system-wide physical 2008M (55M free)
TotalPageFile size 8034M (AvailPageFile size 7M)
current process WorkingSet (physical memory assigned to process): 9M, peak: 9M
current process commit charge ("private bytes"): 45M, peak: 75M

vm_info: OpenJDK 64-Bit Server VM (17.0.5+8) for windows-amd64 JRE (17.0.5+8), built on Oct 19 2022 04:48:13 by "temurin" with MS VC++ 16.7 (VS2019)

END.
