#
# There is insufficient memory for the Java Runtime Environment to continue.
# Native memory allocation (mmap) failed to map 60817408 bytes for G1 virtual space
# Possible reasons:
#   The system is out of physical RAM or swap space
#   The process is running with CompressedOops enabled, and the Java Heap may be blocking the growth of the native heap
# Possible solutions:
#   Reduce memory load on the system
#   Increase physical memory or swap space
#   Check if swap backing store is full
#   Decrease Java heap size (-Xmx/-Xms)
#   Decrease number of Java threads
#   Decrease Java thread stack sizes (-Xss)
#   Set larger code cache with -XX:ReservedCodeCacheSize=
#   JVM is running with Unscaled Compressed Oops mode in which the Java heap is
#     placed in the first 4GB address space. The Java Heap base address is the
#     maximum limit for the native heap growth. Please use -XX:HeapBaseMinAddress
#     to set the Java Heap base and to place the Java Heap above 4GB virtual address.
# This output file may be truncated or incomplete.
#
#  Out of Memory Error (os_windows.cpp:3548), pid=3192, tid=2332
#
# JRE version: OpenJDK Runtime Environment Temurin-17.0.5+8 (17.0.5+8) (build 17.0.5+8)
# Java VM: OpenJDK 64-Bit Server VM Temurin-17.0.5+8 (17.0.5+8, mixed mode, emulated-client, tiered, compressed oops, compressed class ptrs, g1 gc, windows-amd64)
# No core dump will be written. Minidumps are not enabled by default on client versions of Windows
#

---------------  S U M M A R Y ------------

Command Line: -Dcom.sun.management.jmxremote -Dcom.sun.management.jmxremote.port=55919 -Dcom.sun.management.jmxremote.authenticate=false -Dcom.sun.management.jmxremote.ssl=false -Djava.rmi.server.hostname=localhost -Dspring.jmx.enabled=true -Dmanagement.endpoints.jmx.exposure.include=* -Dspring.application.admin.enabled=true -XX:TieredStopAtLevel=1 -Dspring.boot.project.name=calendario-usuarios-backend -Dfile.encoding=UTF-8 -XX:+ShowCodeDetailsInExceptionMessages com.sistema.examenes.SistemaExamenesBackendApplication --spring.output.ansi.enabled=always

Host: Pentium(R) Dual-Core CPU       T4500  @ 2.30GHz, 2 cores, 1G,  Windows 7 , 64 bit Build 7601 (6.1.7601.24384)
Time: Thu Jun  8 01:14:22 2023 Hora estándar de Argentina elapsed time: 49.483113 seconds (0d 0h 0m 49s)

---------------  T H R E A D  ---------------

Current thread (0x000000000ca6a9f0):  VMThread "VM Thread" [stack: 0x000000000cb90000,0x000000000cc90000] [id=2332]

Stack: [0x000000000cb90000,0x000000000cc90000]
Native frames: (J=compiled Java code, j=interpreted, Vv=VM code, C=native code)
V  [jvm.dll+0x676b3a]
V  [jvm.dll+0x831444]
V  [jvm.dll+0x832bee]
V  [jvm.dll+0x833253]
V  [jvm.dll+0x244ce5]
V  [jvm.dll+0x673a49]
V  [jvm.dll+0x66811a]
V  [jvm.dll+0x303ceb]
V  [jvm.dll+0x30b1e6]
V  [jvm.dll+0x35adbe]
V  [jvm.dll+0x35afef]
V  [jvm.dll+0x2dab88]
V  [jvm.dll+0x2d8e3c]
V  [jvm.dll+0x2d840c]
V  [jvm.dll+0x31c31b]
V  [jvm.dll+0x8376fb]
V  [jvm.dll+0x838434]
V  [jvm.dll+0x83894c]
V  [jvm.dll+0x838d24]
V  [jvm.dll+0x838df0]
V  [jvm.dll+0x7e17ea]
V  [jvm.dll+0x6759e5]
C  [ucrtbase.DLL+0x1c1ae]
C  [kernel32.dll+0x1570d]
C  [ntdll.dll+0x5385d]

VM_Operation (0x0000000050d892f0): G1CollectForAllocation, mode: safepoint, requested by thread 0x000000004f488cf0


---------------  P R O C E S S  ---------------

Threads class SMR info:
_java_thread_list=0x0000000051ce1350, length=21, elements={
0x000000000047e4a0, 0x000000004d0adc50, 0x000000004d08ffd0, 0x000000000ca6f3d0,
0x000000004d0e7cc0, 0x000000004d0e8580, 0x000000004d0e8e40, 0x000000004d0e9700,
0x000000004d0cf2a0, 0x000000004d1ffae0, 0x000000004e683980, 0x000000004f051e20,
0x000000004f050af0, 0x000000004f12db30, 0x000000004f152480, 0x000000004f19e1d0,
0x000000004f291a80, 0x000000004f3bf9e0, 0x000000004f488820, 0x000000004f488cf0,
0x000000004f489690
}

Java Threads: ( => current thread )
  0x000000000047e4a0 JavaThread "main" [_thread_blocked, id=6292, stack(0x0000000002130000,0x0000000002230000)]
  0x000000004d0adc50 JavaThread "Reference Handler" daemon [_thread_blocked, id=6532, stack(0x000000004d210000,0x000000004d310000)]
  0x000000004d08ffd0 JavaThread "Finalizer" daemon [_thread_blocked, id=716, stack(0x000000004dc20000,0x000000004dd20000)]
  0x000000000ca6f3d0 JavaThread "Signal Dispatcher" daemon [_thread_blocked, id=6800, stack(0x000000004ddc0000,0x000000004dec0000)]
  0x000000004d0e7cc0 JavaThread "Attach Listener" daemon [_thread_blocked, id=5176, stack(0x000000000ce80000,0x000000000cf80000)]
  0x000000004d0e8580 JavaThread "Service Thread" daemon [_thread_blocked, id=6472, stack(0x000000004e0b0000,0x000000004e1b0000)]
  0x000000004d0e8e40 JavaThread "Monitor Deflation Thread" daemon [_thread_blocked, id=3548, stack(0x000000004df70000,0x000000004e070000)]
  0x000000004d0e9700 JavaThread "C1 CompilerThread0" daemon [_thread_blocked, id=3712, stack(0x000000004e3a0000,0x000000004e4a0000)]
  0x000000004d0cf2a0 JavaThread "Sweeper thread" daemon [_thread_blocked, id=5764, stack(0x000000004e500000,0x000000004e600000)]
  0x000000004d1ffae0 JavaThread "Common-Cleaner" daemon [_thread_blocked, id=6756, stack(0x000000004ead0000,0x000000004ebd0000)]
  0x000000004e683980 JavaThread "Notification Thread" daemon [_thread_blocked, id=4464, stack(0x000000004e200000,0x000000004e300000)]
  0x000000004f051e20 JavaThread "RMI TCP Accept-0" daemon [_thread_in_native, id=5844, stack(0x00000000503c0000,0x00000000504c0000)]
  0x000000004f050af0 JavaThread "RMI TCP Accept-55919" daemon [_thread_in_native, id=6692, stack(0x0000000050600000,0x0000000050700000)]
  0x000000004f12db30 JavaThread "RMI TCP Accept-0" daemon [_thread_in_native, id=6524, stack(0x000000004ec00000,0x000000004ed00000)]
  0x000000004f152480 JavaThread "RMI TCP Connection(idle)" daemon [_thread_blocked, id=4312, stack(0x0000000050900000,0x0000000050a00000)]
  0x000000004f19e1d0 JavaThread "RMI Scheduler(0)" daemon [_thread_blocked, id=6960, stack(0x0000000050190000,0x0000000050290000)]
  0x000000004f291a80 JavaThread "RMI TCP Connection(2)-127.0.0.1" daemon [_thread_blocked, id=3452, stack(0x0000000050a80000,0x0000000050b80000)]
  0x000000004f3bf9e0 JavaThread "JMX server connection timeout 20" daemon [_thread_blocked, id=4592, stack(0x0000000050010000,0x0000000050110000)]
  0x000000004f488820 JavaThread "Thread-0" [_thread_blocked, id=3796, stack(0x0000000050b80000,0x0000000050c80000)]
  0x000000004f488cf0 JavaThread "restartedMain" [_thread_blocked, id=5484, stack(0x0000000050c90000,0x0000000050d90000)]
  0x000000004f489690 JavaThread "HikariPool-1 housekeeper" daemon [_thread_blocked, id=2424, stack(0x0000000052950000,0x0000000052a50000)]

Other Threads:
=>0x000000000ca6a9f0 VMThread "VM Thread" [stack: 0x000000000cb90000,0x000000000cc90000] [id=2332]
  0x000000004f10cb80 WatcherThread [stack: 0x00000000507f0000,0x00000000508f0000] [id=6848]
  0x00000000004b7340 GCTaskThread "GC Thread#0" [stack: 0x000000000a400000,0x000000000a500000] [id=7112]
  0x000000004eedd4d0 GCTaskThread "GC Thread#1" [stack: 0x000000004f670000,0x000000004f770000] [id=6316]
  0x00000000004bbe50 ConcurrentGCThread "G1 Main Marker" [stack: 0x000000000a570000,0x000000000a670000] [id=6844]
  0x00000000004bd470 ConcurrentGCThread "G1 Conc#0" [stack: 0x000000000a760000,0x000000000a860000] [id=6436]
  0x00000000004e79e0 ConcurrentGCThread "G1 Refine#0" [stack: 0x000000000ca70000,0x000000000cb70000] [id=1068]
  0x00000000004e9010 ConcurrentGCThread "G1 Service" [stack: 0x000000000cd50000,0x000000000ce50000] [id=6460]

Threads with active compile tasks:

VM state: at safepoint (normal execution)

VM Mutex/Monitor currently owned by a thread:  ([mutex/lock_event])
[0x0000000000461600] Threads_lock - owner thread: 0x000000000ca6a9f0
[0x000000000047bb50] Heap_lock - owner thread: 0x000000004f488cf0

Heap address: 0x00000000e0800000, size: 504 MB, Compressed Oops mode: 32-bit

CDS archive(s) not mapped
Compressed class space mapped at: 0x000000000d000000-0x000000004d000000, reserved size: 1073741824
Narrow klass base: 0x0000000000000000, Narrow klass shift: 0, Narrow klass range: 0x4d000000

GC Precious Log:
 CPUs: 2 total, 2 available
 Memory: 2008M
 Large Page Support: Disabled
 NUMA Support: Disabled
 Compressed Oops: Enabled (32-bit)
 Heap Region Size: 1M
 Heap Min Capacity: 8M
 Heap Initial Capacity: 32M
 Heap Max Capacity: 504M
 Pre-touch: Disabled
 Parallel Workers: 2
 Concurrent Workers: 1
 Concurrent Refinement Workers: 2
 Periodic GC: Disabled

Heap:
 garbage-first heap   total 46080K, used 22886K [0x00000000e0800000, 0x0000000100000000)
  region size 1024K, 1 young (1024K), 1 survivors (1024K)
 Metaspace       used 55830K, committed 56192K, reserved 1097728K
  class space    used 7549K, committed 7744K, reserved 1048576K

Heap Regions: E=young(eden), S=young(survivor), O=old, HS=humongous(starts), HC=humongous(continues), CS=collection set, F=free, OA=open archive, CA=closed archive, TAMS=top-at-mark-start (previous, next)
|   0|0x00000000e0800000, 0x00000000e0900000, 0x00000000e0900000|100%|HS|  |TAMS 0x00000000e0900000, 0x00000000e0800000| Complete 
|   1|0x00000000e0900000, 0x00000000e0a00000, 0x00000000e0a00000|100%| O|  |TAMS 0x00000000e0a00000, 0x00000000e0900000| Untracked 
|   2|0x00000000e0a00000, 0x00000000e0b00000, 0x00000000e0b00000|100%| O|  |TAMS 0x00000000e0b00000, 0x00000000e0a00000| Untracked 
|   3|0x00000000e0b00000, 0x00000000e0c00000, 0x00000000e0c00000|100%| O|  |TAMS 0x00000000e0c00000, 0x00000000e0b00000| Untracked 
|   4|0x00000000e0c00000, 0x00000000e0d00000, 0x00000000e0d00000|100%| O|  |TAMS 0x00000000e0d00000, 0x00000000e0c00000| Untracked 
|   5|0x00000000e0d00000, 0x00000000e0e00000, 0x00000000e0e00000|100%| O|  |TAMS 0x00000000e0e00000, 0x00000000e0d00000| Untracked 
|   6|0x00000000e0e00000, 0x00000000e0f00000, 0x00000000e0f00000|100%| O|  |TAMS 0x00000000e0f00000, 0x00000000e0e00000| Untracked 
|   7|0x00000000e0f00000, 0x00000000e1000000, 0x00000000e1000000|100%| O|  |TAMS 0x00000000e1000000, 0x00000000e0f00000| Untracked 
|   8|0x00000000e1000000, 0x00000000e1100000, 0x00000000e1100000|100%| O|  |TAMS 0x00000000e1000000, 0x00000000e1000000| Untracked 
|   9|0x00000000e1100000, 0x00000000e1200000, 0x00000000e1200000|100%| O|  |TAMS 0x00000000e1200000, 0x00000000e1100000| Untracked 
|  10|0x00000000e1200000, 0x00000000e1300000, 0x00000000e1300000|100%| O|  |TAMS 0x00000000e1300000, 0x00000000e1200000| Untracked 
|  11|0x00000000e1300000, 0x00000000e1400000, 0x00000000e1400000|100%| O|  |TAMS 0x00000000e1400000, 0x00000000e1300000| Untracked 
|  12|0x00000000e1400000, 0x00000000e1500000, 0x00000000e1500000|100%| O|  |TAMS 0x00000000e1500000, 0x00000000e1400000| Complete 
|  13|0x00000000e1500000, 0x00000000e1600000, 0x00000000e1600000|100%| O|  |TAMS 0x00000000e1600000, 0x00000000e1500000| Untracked 
|  14|0x00000000e1600000, 0x00000000e1700000, 0x00000000e1700000|100%| O|  |TAMS 0x00000000e1700000, 0x00000000e1600000| Untracked 
|  15|0x00000000e1700000, 0x00000000e1700000, 0x00000000e1800000|  0%| F|  |TAMS 0x00000000e1700000, 0x00000000e1700000| Untracked 
|  16|0x00000000e1800000, 0x00000000e1833800, 0x00000000e1900000| 20%| O|  |TAMS 0x00000000e1800000, 0x00000000e1800000| Untracked 
|  17|0x00000000e1900000, 0x00000000e1a00000, 0x00000000e1a00000|100%| O|  |TAMS 0x00000000e1a00000, 0x00000000e1900000| Untracked 
|  18|0x00000000e1a00000, 0x00000000e1a00000, 0x00000000e1b00000|  0%| F|  |TAMS 0x00000000e1a00000, 0x00000000e1a00000| Untracked 
|  19|0x00000000e1b00000, 0x00000000e1c00000, 0x00000000e1c00000|100%| O|  |TAMS 0x00000000e1c00000, 0x00000000e1b00000| Untracked 
|  20|0x00000000e1c00000, 0x00000000e1d00000, 0x00000000e1d00000|100%| O|  |TAMS 0x00000000e1c7f400, 0x00000000e1c00000| Untracked 
|  21|0x00000000e1d00000, 0x00000000e1e00000, 0x00000000e1e00000|100%| O|  |TAMS 0x00000000e1d00000, 0x00000000e1d00000| Untracked 
|  22|0x00000000e1e00000, 0x00000000e1f00000, 0x00000000e1f00000|100%| O|  |TAMS 0x00000000e1e00000, 0x00000000e1e00000| Untracked 
|  23|0x00000000e1f00000, 0x00000000e2000000, 0x00000000e2000000|100%| O|  |TAMS 0x00000000e1f00000, 0x00000000e1f00000| Untracked 
|  24|0x00000000e2000000, 0x00000000e2100000, 0x00000000e2100000|100%| O|  |TAMS 0x00000000e2000000, 0x00000000e2000000| Untracked 
|  25|0x00000000e2100000, 0x00000000e2100000, 0x00000000e2200000|  0%| F|  |TAMS 0x00000000e2100000, 0x00000000e2100000| Untracked 
|  26|0x00000000e2200000, 0x00000000e2200000, 0x00000000e2300000|  0%| F|  |TAMS 0x00000000e2200000, 0x00000000e2200000| Untracked 
|  27|0x00000000e2300000, 0x00000000e2300000, 0x00000000e2400000|  0%| F|  |TAMS 0x00000000e2300000, 0x00000000e2300000| Untracked 
|  28|0x00000000e2400000, 0x00000000e2400000, 0x00000000e2500000|  0%| F|  |TAMS 0x00000000e2400000, 0x00000000e2400000| Untracked 
|  29|0x00000000e2500000, 0x00000000e2500000, 0x00000000e2600000|  0%| F|  |TAMS 0x00000000e2500000, 0x00000000e2500000| Untracked 
|  30|0x00000000e2600000, 0x00000000e2600000, 0x00000000e2700000|  0%| F|  |TAMS 0x00000000e2600000, 0x00000000e2600000| Untracked 
|  31|0x00000000e2700000, 0x00000000e2700000, 0x00000000e2800000|  0%| F|  |TAMS 0x00000000e2700000, 0x00000000e2700000| Untracked 
|  32|0x00000000e2800000, 0x00000000e2800000, 0x00000000e2900000|  0%| F|  |TAMS 0x00000000e2800000, 0x00000000e2800000| Untracked 
|  33|0x00000000e2900000, 0x00000000e2900000, 0x00000000e2a00000|  0%| F|  |TAMS 0x00000000e2900000, 0x00000000e2900000| Untracked 
|  34|0x00000000e2a00000, 0x00000000e2a00000, 0x00000000e2b00000|  0%| F|  |TAMS 0x00000000e2a00000, 0x00000000e2a00000| Untracked 
|  35|0x00000000e2b00000, 0x00000000e2b00000, 0x00000000e2c00000|  0%| F|  |TAMS 0x00000000e2b00000, 0x00000000e2b00000| Untracked 
|  36|0x00000000e2c00000, 0x00000000e2c00000, 0x00000000e2d00000|  0%| F|  |TAMS 0x00000000e2c00000, 0x00000000e2c00000| Untracked 
|  37|0x00000000e2d00000, 0x00000000e2d00000, 0x00000000e2e00000|  0%| F|  |TAMS 0x00000000e2d00000, 0x00000000e2d00000| Untracked 
|  38|0x00000000e2e00000, 0x00000000e2e00000, 0x00000000e2f00000|  0%| F|  |TAMS 0x00000000e2e00000, 0x00000000e2e00000| Untracked 
|  39|0x00000000e2f00000, 0x00000000e2f00000, 0x00000000e3000000|  0%| F|  |TAMS 0x00000000e2f00000, 0x00000000e2f00000| Untracked 
|  40|0x00000000e3000000, 0x00000000e3000000, 0x00000000e3100000|  0%| F|  |TAMS 0x00000000e3000000, 0x00000000e3000000| Untracked 
|  41|0x00000000e3100000, 0x00000000e3100000, 0x00000000e3200000|  0%| F|  |TAMS 0x00000000e3100000, 0x00000000e3100000| Untracked 
|  42|0x00000000e3200000, 0x00000000e3200000, 0x00000000e3300000|  0%| F|  |TAMS 0x00000000e3200000, 0x00000000e3200000| Untracked 
|  43|0x00000000e3300000, 0x00000000e3326208, 0x00000000e3400000| 14%| S|CS|TAMS 0x00000000e3300000, 0x00000000e3300000| Complete 
|  44|0x00000000e3400000, 0x00000000e3400000, 0x00000000e3500000|  0%| F|  |TAMS 0x00000000e3400000, 0x00000000e3400000| Untracked 

Card table byte_map: [0x0000000009060000,0x0000000009160000] _byte_map_base: 0x000000000895c000

Marking Bits (Prev, Next): (CMBitMap*) 0x00000000004b78a0, (CMBitMap*) 0x00000000004b7860
 Prev Bits: [0x0000000009a40000, 0x000000000a220000)
 Next Bits: [0x0000000009260000, 0x0000000009a40000)

Polling page: 0x0000000000120000

Metaspace:

Usage:
  Non-class:     47.15 MB used.
      Class:      7.37 MB used.
       Both:     54.52 MB used.

Virtual space:
  Non-class space:       48.00 MB reserved,      47.31 MB ( 99%) committed,  6 nodes.
      Class space:        1.00 GB reserved,       7.56 MB ( <1%) committed,  1 nodes.
             Both:        1.05 GB reserved,      54.88 MB (  5%) committed. 

Chunk freelists:
   Non-Class:  576.00 KB
       Class:  320.00 KB
        Both:  896.00 KB

MaxMetaspaceSize: unlimited
CompressedClassSpaceSize: 1.00 GB
Initial GC threshold: 21.00 MB
Current GC threshold: 89.94 MB
CDS: off
MetaspaceReclaimPolicy: balanced
 - commit_granule_bytes: 65536.
 - commit_granule_words: 8192.
 - virtual_space_node_default_size: 1048576.
 - enlarge_chunks_in_place: 1.
 - new_chunks_are_fully_committed: 0.
 - uncommit_free_chunks: 1.
 - use_allocation_guard: 0.
 - handle_deallocations: 1.


Internal statistics:

num_allocs_failed_limit: 6.
num_arena_births: 484.
num_arena_deaths: 90.
num_vsnodes_births: 7.
num_vsnodes_deaths: 0.
num_space_committed: 878.
num_space_uncommitted: 0.
num_chunks_returned_to_freelist: 120.
num_chunks_taken_from_freelist: 2273.
num_chunk_merges: 33.
num_chunk_splits: 1539.
num_chunks_enlarged: 1187.
num_purges: 2.
num_inconsistent_stats: 0.

CodeCache: size=49152Kb used=8363Kb max_used=8363Kb free=40788Kb
 bounds [0x0000000005d40000, 0x0000000006570000, 0x0000000008d40000]
 total_blobs=5197 nmethods=4630 adapters=495
 compilation: enabled
              stopped_count=0, restarted_count=0
 full_count=0

Compilation events (20 events):
Event: 48.470 Thread 0x000000004d0e9700 4624       1       java.io.ObjectInputStream::checkResolve (86 bytes)
Event: 48.471 Thread 0x000000004d0e9700 nmethod 4624 0x0000000006565890 code [0x0000000006565a40, 0x0000000006565bf8]
Event: 48.988 Thread 0x000000004d0e9700 4625   !   1       java.util.regex.Pattern::RemoveQEQuoting (370 bytes)
Event: 48.990 Thread 0x000000004d0e9700 nmethod 4625 0x0000000006566090 code [0x00000000065662c0, 0x0000000006566d48]
Event: 48.990 Thread 0x000000004d0e9700 4626       1       java.util.regex.ASCII::toLower (16 bytes)
Event: 48.991 Thread 0x000000004d0e9700 nmethod 4626 0x0000000006567310 code [0x00000000065674a0, 0x0000000006567578]
Event: 48.991 Thread 0x000000004d0e9700 4627       1       java.util.regex.ASCII::isUpper (18 bytes)
Event: 48.991 Thread 0x000000004d0e9700 nmethod 4627 0x0000000006567610 code [0x00000000065677a0, 0x0000000006567878]
Event: 48.997 Thread 0x000000004d0e9700 4628       1       java.util.regex.Pattern::expr (142 bytes)
Event: 48.998 Thread 0x000000004d0e9700 nmethod 4628 0x0000000006567910 code [0x0000000006567b20, 0x00000000065681a8]
Event: 49.000 Thread 0x000000004d0e9700 4629       1       java.util.regex.Pattern::nextEscaped (19 bytes)
Event: 49.000 Thread 0x000000004d0e9700 nmethod 4629 0x0000000006568510 code [0x00000000065686a0, 0x0000000006568798]
Event: 49.023 Thread 0x000000004d0e9700 4630       1       sun.rmi.runtime.Log$LoggerLog::log (45 bytes)
Event: 49.029 Thread 0x000000004d0e9700 nmethod 4630 0x0000000006568890 code [0x0000000006568aa0, 0x0000000006568e78]
Event: 49.282 Thread 0x000000004d0e9700 4631   !   1       jdk.proxy2.$Proxy8::annotationType (29 bytes)
Event: 49.282 Thread 0x000000004d0e9700 nmethod 4631 0x0000000006569190 code [0x0000000006569340, 0x0000000006569538]
Event: 49.282 Thread 0x000000004d0e9700 4632   !   1       jdk.proxy2.$Proxy110::annotationType (29 bytes)
Event: 49.282 Thread 0x000000004d0e9700 nmethod 4632 0x0000000006569690 code [0x0000000006569840, 0x0000000006569a38]
Event: 49.304 Thread 0x000000004d0e9700 4633       1       java.lang.reflect.ProxyGenerator::generateStaticInitializer (342 bytes)
Event: 49.305 Thread 0x000000004d0e9700 nmethod 4633 0x0000000006569b90 code [0x0000000006569f20, 0x000000000656a968]

GC Heap History (20 events):
Event: 13.874 GC heap after
{Heap after GC invocations=15 (full 0):
 garbage-first heap   total 46080K, used 17368K [0x00000000e0800000, 0x0000000100000000)
  region size 1024K, 2 young (2048K), 2 survivors (2048K)
 Metaspace       used 35811K, committed 36160K, reserved 1081344K
  class space    used 4514K, committed 4672K, reserved 1048576K
}
Event: 16.774 GC heap before
{Heap before GC invocations=16 (full 0):
 garbage-first heap   total 46080K, used 33752K [0x00000000e0800000, 0x0000000100000000)
  region size 1024K, 18 young (18432K), 2 survivors (2048K)
 Metaspace       used 36978K, committed 37312K, reserved 1081344K
  class space    used 4705K, committed 4864K, reserved 1048576K
}
Event: 16.792 GC heap after
{Heap after GC invocations=17 (full 0):
 garbage-first heap   total 46080K, used 18229K [0x00000000e0800000, 0x0000000100000000)
  region size 1024K, 2 young (2048K), 2 survivors (2048K)
 Metaspace       used 36978K, committed 37312K, reserved 1081344K
  class space    used 4705K, committed 4864K, reserved 1048576K
}
Event: 24.919 GC heap before
{Heap before GC invocations=17 (full 0):
 garbage-first heap   total 46080K, used 34613K [0x00000000e0800000, 0x0000000100000000)
  region size 1024K, 18 young (18432K), 2 survivors (2048K)
 Metaspace       used 41039K, committed 41408K, reserved 1089536K
  class space    used 5347K, committed 5504K, reserved 1048576K
}
Event: 24.937 GC heap after
{Heap after GC invocations=18 (full 0):
 garbage-first heap   total 46080K, used 19106K [0x00000000e0800000, 0x0000000100000000)
  region size 1024K, 2 young (2048K), 2 survivors (2048K)
 Metaspace       used 41039K, committed 41408K, reserved 1089536K
  class space    used 5347K, committed 5504K, reserved 1048576K
}
Event: 30.626 GC heap before
{Heap before GC invocations=18 (full 0):
 garbage-first heap   total 46080K, used 34466K [0x00000000e0800000, 0x0000000100000000)
  region size 1024K, 18 young (18432K), 2 survivors (2048K)
 Metaspace       used 45800K, committed 46208K, reserved 1089536K
  class space    used 6015K, committed 6208K, reserved 1048576K
}
Event: 30.672 GC heap after
{Heap after GC invocations=19 (full 0):
 garbage-first heap   total 46080K, used 20467K [0x00000000e0800000, 0x0000000100000000)
  region size 1024K, 3 young (3072K), 3 survivors (3072K)
 Metaspace       used 45800K, committed 46208K, reserved 1089536K
  class space    used 6015K, committed 6208K, reserved 1048576K
}
Event: 36.366 GC heap before
{Heap before GC invocations=19 (full 0):
 garbage-first heap   total 46080K, used 33779K [0x00000000e0800000, 0x0000000100000000)
  region size 1024K, 17 young (17408K), 3 survivors (3072K)
 Metaspace       used 49440K, committed 49856K, reserved 1097728K
  class space    used 6514K, committed 6720K, reserved 1048576K
}
Event: 36.408 GC heap after
{Heap after GC invocations=20 (full 0):
 garbage-first heap   total 46080K, used 21356K [0x00000000e0800000, 0x0000000100000000)
  region size 1024K, 3 young (3072K), 3 survivors (3072K)
 Metaspace       used 49440K, committed 49856K, reserved 1097728K
  class space    used 6514K, committed 6720K, reserved 1048576K
}
Event: 39.881 GC heap before
{Heap before GC invocations=20 (full 0):
 garbage-first heap   total 46080K, used 35692K [0x00000000e0800000, 0x0000000100000000)
  region size 1024K, 17 young (17408K), 3 survivors (3072K)
 Metaspace       used 52183K, committed 52608K, reserved 1097728K
  class space    used 7005K, committed 7168K, reserved 1048576K
}
Event: 40.410 GC heap after
{Heap after GC invocations=21 (full 0):
 garbage-first heap   total 46080K, used 22037K [0x00000000e0800000, 0x0000000100000000)
  region size 1024K, 2 young (2048K), 2 survivors (2048K)
 Metaspace       used 52183K, committed 52608K, reserved 1097728K
  class space    used 7005K, committed 7168K, reserved 1048576K
}
Event: 44.264 GC heap before
{Heap before GC invocations=21 (full 0):
 garbage-first heap   total 46080K, used 36373K [0x00000000e0800000, 0x0000000100000000)
  region size 1024K, 16 young (16384K), 2 survivors (2048K)
 Metaspace       used 54726K, committed 55168K, reserved 1097728K
  class space    used 7341K, committed 7552K, reserved 1048576K
}
Event: 44.455 GC heap after
{Heap after GC invocations=22 (full 0):
 garbage-first heap   total 46080K, used 23061K [0x00000000e0800000, 0x0000000100000000)
  region size 1024K, 2 young (2048K), 2 survivors (2048K)
 Metaspace       used 54726K, committed 55168K, reserved 1097728K
  class space    used 7341K, committed 7552K, reserved 1048576K
}
Event: 47.997 GC heap before
{Heap before GC invocations=23 (full 0):
 garbage-first heap   total 46080K, used 33301K [0x00000000e0800000, 0x0000000100000000)
  region size 1024K, 12 young (12288K), 2 survivors (2048K)
 Metaspace       used 55255K, committed 55616K, reserved 1097728K
  class space    used 7474K, committed 7616K, reserved 1048576K
}
Event: 48.134 GC heap after
{Heap after GC invocations=24 (full 0):
 garbage-first heap   total 46080K, used 23635K [0x00000000e0800000, 0x0000000100000000)
  region size 1024K, 2 young (2048K), 2 survivors (2048K)
 Metaspace       used 55255K, committed 55616K, reserved 1097728K
  class space    used 7474K, committed 7616K, reserved 1048576K
}
Event: 48.656 GC heap before
{Heap before GC invocations=24 (full 0):
 garbage-first heap   total 46080K, used 24659K [0x00000000e0800000, 0x0000000100000000)
  region size 1024K, 3 young (3072K), 2 survivors (2048K)
 Metaspace       used 55652K, committed 56000K, reserved 1097728K
  class space    used 7514K, committed 7680K, reserved 1048576K
}
Event: 48.973 GC heap after
{Heap after GC invocations=25 (full 0):
 garbage-first heap   total 46080K, used 23316K [0x00000000e0800000, 0x0000000100000000)
  region size 1024K, 1 young (1024K), 1 survivors (1024K)
 Metaspace       used 55652K, committed 56000K, reserved 1097728K
  class space    used 7514K, committed 7680K, reserved 1048576K
}
Event: 49.240 GC heap before
{Heap before GC invocations=25 (full 0):
 garbage-first heap   total 46080K, used 24340K [0x00000000e0800000, 0x0000000100000000)
  region size 1024K, 2 young (2048K), 1 survivors (1024K)
 Metaspace       used 55804K, committed 56192K, reserved 1097728K
  class space    used 7545K, committed 7744K, reserved 1048576K
}
Event: 49.269 GC heap after
{Heap after GC invocations=26 (full 0):
 garbage-first heap   total 46080K, used 23059K [0x00000000e0800000, 0x0000000100000000)
  region size 1024K, 1 young (1024K), 1 survivors (1024K)
 Metaspace       used 55804K, committed 56192K, reserved 1097728K
  class space    used 7545K, committed 7744K, reserved 1048576K
}
Event: 49.307 GC heap before
{Heap before GC invocations=26 (full 0):
 garbage-first heap   total 46080K, used 24083K [0x00000000e0800000, 0x0000000100000000)
  region size 1024K, 2 young (2048K), 1 survivors (1024K)
 Metaspace       used 55830K, committed 56192K, reserved 1097728K
  class space    used 7549K, committed 7744K, reserved 1048576K
}

Dll operation events (9 events):
Event: 0.101 Loaded shared library C:\Program Files\eclipse\plugins\org.eclipse.justj.openjdk.hotspot.jre.full.win32.x86_64_17.0.5.v20221102-0933\jre\bin\java.dll
Event: 1.400 Loaded shared library C:\Program Files\eclipse\plugins\org.eclipse.justj.openjdk.hotspot.jre.full.win32.x86_64_17.0.5.v20221102-0933\jre\bin\jimage.dll
Event: 1.469 Loaded shared library C:\Program Files\eclipse\plugins\org.eclipse.justj.openjdk.hotspot.jre.full.win32.x86_64_17.0.5.v20221102-0933\jre\bin\net.dll
Event: 1.478 Loaded shared library C:\Program Files\eclipse\plugins\org.eclipse.justj.openjdk.hotspot.jre.full.win32.x86_64_17.0.5.v20221102-0933\jre\bin\nio.dll
Event: 1.494 Loaded shared library C:\Program Files\eclipse\plugins\org.eclipse.justj.openjdk.hotspot.jre.full.win32.x86_64_17.0.5.v20221102-0933\jre\bin\zip.dll
Event: 1.671 Loaded shared library C:\Program Files\eclipse\plugins\org.eclipse.justj.openjdk.hotspot.jre.full.win32.x86_64_17.0.5.v20221102-0933\jre\bin\management.dll
Event: 1.719 Loaded shared library C:\Program Files\eclipse\plugins\org.eclipse.justj.openjdk.hotspot.jre.full.win32.x86_64_17.0.5.v20221102-0933\jre\bin\management_ext.dll
Event: 3.151 Loaded shared library C:\Program Files\eclipse\plugins\org.eclipse.justj.openjdk.hotspot.jre.full.win32.x86_64_17.0.5.v20221102-0933\jre\bin\verify.dll
Event: 13.633 Loaded shared library C:\Program Files\eclipse\plugins\org.eclipse.justj.openjdk.hotspot.jre.full.win32.x86_64_17.0.5.v20221102-0933\jre\bin\sunmscapi.dll

Deoptimization events (6 events):
Event: 7.164 Thread 0x000000004f488cf0 DEOPT PACKING pc=0x000000000616dc19 sp=0x0000000050d8c0c0
Event: 7.164 Thread 0x000000004f488cf0 DEOPT UNPACKING pc=0x0000000005d92b24 sp=0x0000000050d8b5a0 mode 3
Event: 10.699 Thread 0x000000004f488cf0 DEOPT PACKING pc=0x0000000006182e0c sp=0x0000000050d8cbe0
Event: 10.699 Thread 0x000000004f488cf0 DEOPT UNPACKING pc=0x0000000005d92b24 sp=0x0000000050d8c138 mode 0
Event: 38.131 Thread 0x000000004f488cf0 DEOPT PACKING pc=0x00000000064c19f4 sp=0x0000000050d878e0
Event: 38.141 Thread 0x000000004f488cf0 DEOPT UNPACKING pc=0x0000000005d92b24 sp=0x0000000050d86d68 mode 0

Classes unloaded (20 events):
Event: 44.779 Thread 0x000000000ca6a9f0 Unloading class 0x000000000d143800 'java/lang/invoke/LambdaForm$MH+0x000000000d143800'
Event: 44.779 Thread 0x000000000ca6a9f0 Unloading class 0x000000000d143400 'java/lang/invoke/LambdaForm$MH+0x000000000d143400'
Event: 44.780 Thread 0x000000000ca6a9f0 Unloading class 0x000000000d143000 'java/lang/invoke/LambdaForm$MH+0x000000000d143000'
Event: 44.780 Thread 0x000000000ca6a9f0 Unloading class 0x000000000d141800 'jdk/internal/reflect/GeneratedSerializationConstructorAccessor3'
Event: 44.780 Thread 0x000000000ca6a9f0 Unloading class 0x000000000d141400 'jdk/internal/reflect/GeneratedSerializationConstructorAccessor2'
Event: 44.780 Thread 0x000000000ca6a9f0 Unloading class 0x000000000d141000 'jdk/internal/reflect/GeneratedSerializationConstructorAccessor1'
Event: 44.781 Thread 0x000000000ca6a9f0 Unloading class 0x000000000d140800 'java/lang/invoke/LambdaForm$DMH+0x000000000d140800'
Event: 44.781 Thread 0x000000000ca6a9f0 Unloading class 0x000000000d140000 'java/lang/invoke/LambdaForm$DMH+0x000000000d140000'
Event: 44.781 Thread 0x000000000ca6a9f0 Unloading class 0x000000000d0c6c00 'jdk/internal/reflect/GeneratedConstructorAccessor1'
Event: 44.781 Thread 0x000000000ca6a9f0 Unloading class 0x000000000d0c6000 'java/lang/invoke/LambdaForm$MH+0x000000000d0c6000'
Event: 44.781 Thread 0x000000000ca6a9f0 Unloading class 0x000000000d0c5c00 'java/lang/invoke/LambdaForm$MH+0x000000000d0c5c00'
Event: 44.781 Thread 0x000000000ca6a9f0 Unloading class 0x000000000d0c5800 'java/lang/invoke/LambdaForm$MH+0x000000000d0c5800'
Event: 44.781 Thread 0x000000000ca6a9f0 Unloading class 0x000000000d0c5400 'java/lang/invoke/LambdaForm$MH+0x000000000d0c5400'
Event: 44.781 Thread 0x000000000ca6a9f0 Unloading class 0x000000000d0c5000 'java/lang/invoke/LambdaForm$MH+0x000000000d0c5000'
Event: 44.781 Thread 0x000000000ca6a9f0 Unloading class 0x000000000d0c3c00 'java/lang/invoke/LambdaForm$MH+0x000000000d0c3c00'
Event: 44.781 Thread 0x000000000ca6a9f0 Unloading class 0x000000000d0c3800 'java/lang/invoke/LambdaForm$MH+0x000000000d0c3800'
Event: 44.781 Thread 0x000000000ca6a9f0 Unloading class 0x000000000d0c3000 'java/lang/invoke/LambdaForm$MH+0x000000000d0c3000'
Event: 44.781 Thread 0x000000000ca6a9f0 Unloading class 0x000000000d0c2400 'java/lang/invoke/LambdaForm$MH+0x000000000d0c2400'
Event: 44.781 Thread 0x000000000ca6a9f0 Unloading class 0x000000000d0c1c00 'java/lang/invoke/LambdaForm$MH+0x000000000d0c1c00'
Event: 44.781 Thread 0x000000000ca6a9f0 Unloading class 0x000000000d0c1400 'java/lang/invoke/LambdaForm$MH+0x000000000d0c1400'

Classes redefined (0 events):
No events

Internal exceptions (20 events):
Event: 14.367 Thread 0x000000004f488cf0 Exception <a 'java/lang/ClassNotFoundException'{0x00000000e2d5e978}: org/springframework/beans/factory/InitializingBeanCustomizer> (0x00000000e2d5e978) 
thrown [s\src\hotspot\share\classfile\systemDictionary.cpp, line 256]
Event: 29.369 Thread 0x000000004f488cf0 Exception <a 'java/lang/NoSuchMethodError'{0x00000000e2a4e628}: 'java.lang.Object java.lang.invoke.DirectMethodHandle$Holder.invokeStaticInit(java.lang.Object, java.lang.Object, java.lang.Object, java.lang.Object)'> (0x00000000e2a4e628) 
thrown [s\src\hotspot\share\interpreter\linkResolver.cpp, line 759]
Event: 32.713 Thread 0x000000004f488cf0 Exception <a 'java/lang/NoSuchMethodError'{0x00000000e306dbc0}: 'java.lang.Object java.lang.invoke.DirectMethodHandle$Holder.newInvokeSpecial(java.lang.Object, java.lang.Object, int, java.lang.Object, java.lang.Object)'> (0x00000000e306dbc0) 
thrown [s\src\hotspot\share\interpreter\linkResolver.cpp, line 759]
Event: 38.943 Thread 0x000000004f488cf0 Exception <a 'java/lang/NoSuchMethodError'{0x00000000e2b80088}: 'void java.lang.invoke.DirectMethodHandle$Holder.invokeInterface(java.lang.Object, java.lang.Object)'> (0x00000000e2b80088) 
thrown [s\src\hotspot\share\interpreter\linkResolver.cpp, line 759]
Event: 38.951 Thread 0x000000004f488cf0 Exception <a 'java/lang/NoSuchMethodError'{0x00000000e2b940e8}: 'int java.lang.invoke.DirectMethodHandle$Holder.invokeStatic(java.lang.Object, java.lang.Object, int)'> (0x00000000e2b940e8) 
thrown [s\src\hotspot\share\interpreter\linkResolver.cpp, line 759]
Event: 39.046 Thread 0x000000004f488cf0 Exception <a 'java/lang/NoSuchMethodError'{0x00000000e2a27340}: 'java.lang.Object java.lang.invoke.DirectMethodHandle$Holder.invokeStaticInit(java.lang.Object, java.lang.Object, java.lang.Object, java.lang.Object, int, int)'> (0x00000000e2a27340) 
thrown [s\src\hotspot\share\interpreter\linkResolver.cpp, line 759]
Event: 39.381 Thread 0x000000004f488cf0 Exception <a 'java/lang/NoSuchMethodError'{0x00000000e2ad3ba8}: 'void java.lang.invoke.DirectMethodHandle$Holder.invokeStaticInit(java.lang.Object, java.lang.Object, java.lang.Object, java.lang.Object)'> (0x00000000e2ad3ba8) 
thrown [s\src\hotspot\share\interpreter\linkResolver.cpp, line 759]
Event: 43.908 Thread 0x000000004f488cf0 Exception <a 'java/lang/ClassNotFoundException'{0x00000000e2843ca0}: java/lang/ObjectCustomizer> (0x00000000e2843ca0) 
thrown [s\src\hotspot\share\classfile\systemDictionary.cpp, line 256]
Event: 43.932 Thread 0x000000004f488cf0 Exception <a 'java/lang/ClassNotFoundException'{0x00000000e2851738}: com/sistema/examenes/modelo/usuario/UsuarioCustomizer> (0x00000000e2851738) 
thrown [s\src\hotspot\share\classfile\systemDictionary.cpp, line 256]
Event: 43.952 Thread 0x000000004f488cf0 Exception <a 'java/lang/ClassNotFoundException'{0x00000000e288a028}: org/springframework/security/core/userdetails/UserDetailsCustomizer> (0x00000000e288a028) 
thrown [s\src\hotspot\share\classfile\systemDictionary.cpp, line 256]
Event: 44.203 Thread 0x000000004f488cf0 Exception <a 'java/lang/NoSuchMethodError'{0x00000000e278c8e0}: 'int java.lang.invoke.DirectMethodHandle$Holder.invokeVirtual(java.lang.Object, java.lang.Object, java.lang.Object)'> (0x00000000e278c8e0) 
thrown [s\src\hotspot\share\interpreter\linkResolver.cpp, line 759]
Event: 44.541 Thread 0x000000004f488cf0 Exception <a 'java/lang/ClassNotFoundException'{0x00000000e348fac8}: java/lang/ObjectCustomizer> (0x00000000e348fac8) 
thrown [s\src\hotspot\share\classfile\systemDictionary.cpp, line 256]
Event: 44.546 Thread 0x000000004f488cf0 Exception <a 'java/lang/ClassNotFoundException'{0x00000000e349d708}: com/sistema/examenes/modelo/usuario/pagos/PagoCustomizer> (0x00000000e349d708) 
thrown [s\src\hotspot\share\classfile\systemDictionary.cpp, line 256]
Event: 44.559 Thread 0x000000004f488cf0 Exception <a 'java/lang/ClassNotFoundException'{0x00000000e34d67b0}: java/lang/ObjectCustomizer> (0x00000000e34d67b0) 
thrown [s\src\hotspot\share\classfile\systemDictionary.cpp, line 256]
Event: 44.565 Thread 0x000000004f488cf0 Exception <a 'java/lang/ClassNotFoundException'{0x00000000e34e4af0}: com/sistema/examenes/modelo/usuario/pagos/LicenciaCustomizer> (0x00000000e34e4af0) 
thrown [s\src\hotspot\share\classfile\systemDictionary.cpp, line 256]
Event: 46.656 Thread 0x000000004f488cf0 Exception <a 'java/lang/IncompatibleClassChangeError'{0x00000000e32d3398}: Found class java.lang.Object, but interface was expected> (0x00000000e32d3398) 
thrown [s\src\hotspot\share\interpreter\linkResolver.cpp, line 826]
Event: 47.703 Thread 0x000000004f488cf0 Exception <a 'java/lang/reflect/InvocationTargetException'{0x00000000e2b39530}> (0x00000000e2b39530) 
thrown [s\src\hotspot\share\runtime\reflection.cpp, line 1121]
Event: 47.930 Thread 0x000000004f488cf0 Exception <a 'java/lang/NoSuchMethodError'{0x00000000e2bb4710}: 'java.lang.Object java.lang.invoke.DirectMethodHandle$Holder.invokeStatic(java.lang.Object, java.lang.Object, int, java.lang.Object)'> (0x00000000e2bb4710) 
thrown [s\src\hotspot\share\interpreter\linkResolver.cpp, line 759]
Event: 47.932 Thread 0x000000004f488cf0 Exception <a 'java/lang/NoSuchMethodError'{0x00000000e2bbc0d8}: 'java.lang.Object java.lang.invoke.DirectMethodHandle$Holder.newInvokeSpecial(java.lang.Object, java.lang.Object, int)'> (0x00000000e2bbc0d8) 
thrown [s\src\hotspot\share\interpreter\linkResolver.cpp, line 759]
Event: 47.948 Thread 0x000000004f488cf0 Exception <a 'java/lang/IncompatibleClassChangeError'{0x00000000e2bef118}: Found class java.lang.Object, but interface was expected> (0x00000000e2bef118) 
thrown [s\src\hotspot\share\interpreter\linkResolver.cpp, line 826]

VM Operations (20 events):
Event: 43.413 Executing VM operation: Cleanup done
Event: 44.254 Executing VM operation: G1CollectForAllocation
Event: 44.515 Executing VM operation: G1CollectForAllocation done
Event: 44.767 Executing VM operation: G1Concurrent
Event: 46.243 Executing VM operation: G1Concurrent done
Event: 46.275 Executing VM operation: G1Concurrent
Event: 46.344 Executing VM operation: G1Concurrent done
Event: 46.967 Executing VM operation: HandshakeAllThreads
Event: 46.967 Executing VM operation: HandshakeAllThreads done
Event: 46.970 Executing VM operation: HandshakeAllThreads
Event: 46.971 Executing VM operation: HandshakeAllThreads done
Event: 47.971 Executing VM operation: Cleanup
Event: 47.995 Executing VM operation: Cleanup done
Event: 47.997 Executing VM operation: G1CollectForAllocation
Event: 48.134 Executing VM operation: G1CollectForAllocation done
Event: 48.655 Executing VM operation: G1CollectForAllocation
Event: 48.974 Executing VM operation: G1CollectForAllocation done
Event: 49.234 Executing VM operation: G1CollectForAllocation
Event: 49.269 Executing VM operation: G1CollectForAllocation done
Event: 49.307 Executing VM operation: G1CollectForAllocation

Events (20 events):
Event: 44.541 loading class java/lang/ObjectCustomizer
Event: 44.541 loading class java/lang/ObjectCustomizer done
Event: 44.558 loading class java/lang/ObjectCustomizer
Event: 44.558 loading class java/lang/ObjectCustomizer done
Event: 44.559 loading class java/lang/ObjectCustomizer
Event: 44.559 loading class java/lang/ObjectCustomizer done
Event: 46.683 loading class java/lang/Package$1PackageInfoProxy
Event: 46.684 loading class java/lang/Package$1PackageInfoProxy done
Event: 47.788 loading class java/lang/Character$UnicodeBlock
Event: 47.807 loading class java/lang/Character$Subset
Event: 47.807 loading class java/lang/Character$Subset done
Event: 47.807 loading class java/lang/Character$UnicodeBlock done
Event: 48.986 loading class java/util/regex/Pattern$LookBehindEndNode
Event: 48.987 loading class java/util/regex/Pattern$LookBehindEndNode done
Event: 48.988 loading class java/util/regex/Pattern$NotBehind
Event: 48.988 loading class java/util/regex/Pattern$NotBehind done
Event: 48.988 loading class java/util/regex/Pattern$Behind
Event: 48.989 loading class java/util/regex/Pattern$Behind done
Event: 48.989 loading class java/util/regex/Pattern$GroupCurly
Event: 48.989 loading class java/util/regex/Pattern$GroupCurly done


Dynamic libraries:
0x000000013faa0000 - 0x000000013faae000 	C:\Program Files\eclipse\plugins\org.eclipse.justj.openjdk.hotspot.jre.full.win32.x86_64_17.0.5.v20221102-0933\jre\bin\javaw.exe
0x0000000077650000 - 0x00000000777ef000 	C:\Windows\SYSTEM32\ntdll.dll
0x0000000077430000 - 0x000000007754f000 	C:\Windows\system32\kernel32.dll
0x000007fefd630000 - 0x000007fefd69a000 	C:\Windows\system32\KERNELBASE.dll
0x000007fee0930000 - 0x000007fee0947000 	C:\Program Files\eclipse\plugins\org.eclipse.justj.openjdk.hotspot.jre.full.win32.x86_64_17.0.5.v20221102-0933\jre\bin\jli.dll
0x000007fefc050000 - 0x000007fefc244000 	C:\Windows\WinSxS\amd64_microsoft.windows.common-controls_6595b64144ccf1df_6.0.7601.17514_none_fa396087175ac9ac\COMCTL32.dll
0x000007fefd950000 - 0x000007fefd9ef000 	C:\Windows\system32\msvcrt.dll
0x000007fefda70000 - 0x000007fefdad7000 	C:\Windows\system32\GDI32.dll
0x0000000077550000 - 0x000000007764a000 	C:\Windows\system32\USER32.dll
0x000007fefdd70000 - 0x000007fefdd7e000 	C:\Windows\system32\LPK.dll
0x000007fefdd80000 - 0x000007fefde49000 	C:\Windows\system32\USP10.dll
0x000007fefd9f0000 - 0x000007fefda61000 	C:\Windows\system32\SHLWAPI.dll
0x000007fef7fc0000 - 0x000007fef7fd9000 	C:\Program Files\eclipse\plugins\org.eclipse.justj.openjdk.hotspot.jre.full.win32.x86_64_17.0.5.v20221102-0933\jre\bin\VCRUNTIME140.dll
0x000007fef7c40000 - 0x000007fef7c44000 	C:\Program Files\eclipse\plugins\org.eclipse.justj.openjdk.hotspot.jre.full.win32.x86_64_17.0.5.v20221102-0933\jre\bin\api-ms-win-crt-runtime-l1-1-0.dll
0x000007fef34a0000 - 0x000007fef359a000 	C:\Program Files\eclipse\plugins\org.eclipse.justj.openjdk.hotspot.jre.full.win32.x86_64_17.0.5.v20221102-0933\jre\bin\ucrtbase.DLL
0x000007fef42f0000 - 0x000007fef42f3000 	C:\Program Files\eclipse\plugins\org.eclipse.justj.openjdk.hotspot.jre.full.win32.x86_64_17.0.5.v20221102-0933\jre\bin\api-ms-win-core-localization-l1-2-0.dll
0x000007fef42e0000 - 0x000007fef42e3000 	C:\Program Files\eclipse\plugins\org.eclipse.justj.openjdk.hotspot.jre.full.win32.x86_64_17.0.5.v20221102-0933\jre\bin\api-ms-win-core-processthreads-l1-1-1.dll
0x000007fef3490000 - 0x000007fef3493000 	C:\Program Files\eclipse\plugins\org.eclipse.justj.openjdk.hotspot.jre.full.win32.x86_64_17.0.5.v20221102-0933\jre\bin\api-ms-win-core-file-l1-2-0.dll
0x000007fef3480000 - 0x000007fef3483000 	C:\Program Files\eclipse\plugins\org.eclipse.justj.openjdk.hotspot.jre.full.win32.x86_64_17.0.5.v20221102-0933\jre\bin\api-ms-win-core-timezone-l1-1-0.dll
0x000007fef3470000 - 0x000007fef3473000 	C:\Program Files\eclipse\plugins\org.eclipse.justj.openjdk.hotspot.jre.full.win32.x86_64_17.0.5.v20221102-0933\jre\bin\api-ms-win-core-file-l2-1-0.dll
0x000007fef3460000 - 0x000007fef3463000 	C:\Program Files\eclipse\plugins\org.eclipse.justj.openjdk.hotspot.jre.full.win32.x86_64_17.0.5.v20221102-0933\jre\bin\api-ms-win-core-synch-l1-2-0.dll
0x000007fef3450000 - 0x000007fef3453000 	C:\Program Files\eclipse\plugins\org.eclipse.justj.openjdk.hotspot.jre.full.win32.x86_64_17.0.5.v20221102-0933\jre\bin\api-ms-win-crt-heap-l1-1-0.dll
0x000007fef3440000 - 0x000007fef3444000 	C:\Program Files\eclipse\plugins\org.eclipse.justj.openjdk.hotspot.jre.full.win32.x86_64_17.0.5.v20221102-0933\jre\bin\api-ms-win-crt-string-l1-1-0.dll
0x000007fef3430000 - 0x000007fef3434000 	C:\Program Files\eclipse\plugins\org.eclipse.justj.openjdk.hotspot.jre.full.win32.x86_64_17.0.5.v20221102-0933\jre\bin\api-ms-win-crt-stdio-l1-1-0.dll
0x000007fef3420000 - 0x000007fef3424000 	C:\Program Files\eclipse\plugins\org.eclipse.justj.openjdk.hotspot.jre.full.win32.x86_64_17.0.5.v20221102-0933\jre\bin\api-ms-win-crt-convert-l1-1-0.dll
0x000007fef3410000 - 0x000007fef3413000 	C:\Program Files\eclipse\plugins\org.eclipse.justj.openjdk.hotspot.jre.full.win32.x86_64_17.0.5.v20221102-0933\jre\bin\api-ms-win-crt-environment-l1-1-0.dll
0x000007fef3400000 - 0x000007fef3403000 	C:\Program Files\eclipse\plugins\org.eclipse.justj.openjdk.hotspot.jre.full.win32.x86_64_17.0.5.v20221102-0933\jre\bin\api-ms-win-crt-filesystem-l1-1-0.dll
0x000007fef33f0000 - 0x000007fef33f5000 	C:\Program Files\eclipse\plugins\org.eclipse.justj.openjdk.hotspot.jre.full.win32.x86_64_17.0.5.v20221102-0933\jre\bin\api-ms-win-crt-math-l1-1-0.dll
0x000007fef33e0000 - 0x000007fef33e3000 	C:\Program Files\eclipse\plugins\org.eclipse.justj.openjdk.hotspot.jre.full.win32.x86_64_17.0.5.v20221102-0933\jre\bin\api-ms-win-crt-locale-l1-1-0.dll
0x000007feff910000 - 0x000007feff93e000 	C:\Windows\system32\IMM32.DLL
0x000007fefdae0000 - 0x000007fefdbe9000 	C:\Windows\system32\MSCTF.dll
0x000007fef33d0000 - 0x000007fef33dc000 	C:\Program Files\eclipse\plugins\org.eclipse.justj.openjdk.hotspot.jre.full.win32.x86_64_17.0.5.v20221102-0933\jre\bin\vcruntime140_1.dll
0x000007fef3330000 - 0x000007fef33c1000 	C:\Program Files\eclipse\plugins\org.eclipse.justj.openjdk.hotspot.jre.full.win32.x86_64_17.0.5.v20221102-0933\jre\bin\msvcp140.dll
0x000007fef3320000 - 0x000007fef3323000 	C:\Program Files\eclipse\plugins\org.eclipse.justj.openjdk.hotspot.jre.full.win32.x86_64_17.0.5.v20221102-0933\jre\bin\api-ms-win-crt-time-l1-1-0.dll
0x000007fef3310000 - 0x000007fef3313000 	C:\Program Files\eclipse\plugins\org.eclipse.justj.openjdk.hotspot.jre.full.win32.x86_64_17.0.5.v20221102-0933\jre\bin\api-ms-win-crt-utility-l1-1-0.dll
0x000007fede6c0000 - 0x000007fedf304000 	C:\Program Files\eclipse\plugins\org.eclipse.justj.openjdk.hotspot.jre.full.win32.x86_64_17.0.5.v20221102-0933\jre\bin\server\jvm.dll
0x000007feff830000 - 0x000007feff90b000 	C:\Windows\system32\ADVAPI32.dll
0x000007fefef80000 - 0x000007fefef9f000 	C:\Windows\SYSTEM32\sechost.dll
0x000007feff700000 - 0x000007feff82c000 	C:\Windows\system32\RPCRT4.dll
0x000007fef9090000 - 0x000007fef9099000 	C:\Windows\system32\WSOCK32.dll
0x000007fefe0b0000 - 0x000007fefe0fd000 	C:\Windows\system32\WS2_32.dll
0x000007fefe100000 - 0x000007fefe108000 	C:\Windows\system32\NSI.dll
0x000007fefaac0000 - 0x000007fefaafb000 	C:\Windows\system32\WINMM.dll
0x000007fefc6e0000 - 0x000007fefc6ec000 	C:\Windows\system32\VERSION.dll
0x000007fef7b50000 - 0x000007fef7b5a000 	C:\Program Files\eclipse\plugins\org.eclipse.justj.openjdk.hotspot.jre.full.win32.x86_64_17.0.5.v20221102-0933\jre\bin\jimage.dll
0x000007fefba50000 - 0x000007fefbb75000 	C:\Windows\system32\DBGHELP.DLL
0x000007fee0800000 - 0x000007fee0825000 	C:\Program Files\eclipse\plugins\org.eclipse.justj.openjdk.hotspot.jre.full.win32.x86_64_17.0.5.v20221102-0933\jre\bin\java.dll
0x000007fee07e0000 - 0x000007fee07f8000 	C:\Program Files\eclipse\plugins\org.eclipse.justj.openjdk.hotspot.jre.full.win32.x86_64_17.0.5.v20221102-0933\jre\bin\zip.dll
0x000007fefe1f0000 - 0x000007fefef78000 	C:\Windows\system32\SHELL32.dll
0x000007feff450000 - 0x000007feff653000 	C:\Windows\system32\ole32.dll
0x000007fefd580000 - 0x000007fefd58f000 	C:\Windows\system32\profapi.dll
0x000007fee07c0000 - 0x000007fee07d9000 	C:\Program Files\eclipse\plugins\org.eclipse.justj.openjdk.hotspot.jre.full.win32.x86_64_17.0.5.v20221102-0933\jre\bin\net.dll
0x000007fefa770000 - 0x000007fefa7e1000 	C:\Windows\system32\WINHTTP.dll
0x000007fefa700000 - 0x000007fefa764000 	C:\Windows\system32\webio.dll
0x000007fefcd60000 - 0x000007fefcdb5000 	C:\Windows\system32\mswsock.dll
0x000007fefcd50000 - 0x000007fefcd57000 	C:\Windows\System32\wship6.dll
0x000007fee07a0000 - 0x000007fee07b5000 	C:\Program Files\eclipse\plugins\org.eclipse.justj.openjdk.hotspot.jre.full.win32.x86_64_17.0.5.v20221102-0933\jre\bin\nio.dll
0x000007fef30d0000 - 0x000007fef30d9000 	C:\Program Files\eclipse\plugins\org.eclipse.justj.openjdk.hotspot.jre.full.win32.x86_64_17.0.5.v20221102-0933\jre\bin\management.dll
0x000007fef30c0000 - 0x000007fef30cb000 	C:\Program Files\eclipse\plugins\org.eclipse.justj.openjdk.hotspot.jre.full.win32.x86_64_17.0.5.v20221102-0933\jre\bin\management_ext.dll
0x00000000777f0000 - 0x00000000777f7000 	C:\Windows\system32\PSAPI.DLL
0x000007fefb880000 - 0x000007fefb895000 	C:\Windows\system32\NLAapi.dll
0x000007fefc560000 - 0x000007fefc575000 	C:\Windows\system32\napinsp.dll
0x000007fefc540000 - 0x000007fefc559000 	C:\Windows\system32\pnrpnsp.dll
0x000007fefcbe0000 - 0x000007fefcc3b000 	C:\Windows\system32\DNSAPI.dll
0x000007fefc530000 - 0x000007fefc53b000 	C:\Windows\System32\winrnr.dll
0x000007fefc7b0000 - 0x000007fefc7b7000 	C:\Windows\System32\wshtcpip.dll
0x000007fefab10000 - 0x000007fefab37000 	C:\Windows\system32\IPHLPAPI.DLL
0x000007fefab00000 - 0x000007fefab0b000 	C:\Windows\system32\WINNSI.DLL
0x000007fef83d0000 - 0x000007fef83d8000 	C:\Windows\system32\rasadhlp.dll
0x000007fefa200000 - 0x000007fefa253000 	C:\Windows\System32\fwpuclnt.dll
0x000007fefcdc0000 - 0x000007fefcdd8000 	C:\Windows\system32\CRYPTSP.dll
0x000007fefcac0000 - 0x000007fefcb07000 	C:\Windows\system32\rsaenh.dll
0x000007fefc8c0000 - 0x000007fefc8de000 	C:\Windows\system32\USERENV.dll
0x000007fefd470000 - 0x000007fefd47f000 	C:\Windows\system32\CRYPTBASE.dll
0x000007fefa180000 - 0x000007fefa198000 	C:\Windows\system32\dhcpcsvc.DLL
0x000007fefa060000 - 0x000007fefa071000 	C:\Windows\system32\dhcpcsvc6.DLL
0x000007fef7b30000 - 0x000007fef7b40000 	C:\Program Files\eclipse\plugins\org.eclipse.justj.openjdk.hotspot.jre.full.win32.x86_64_17.0.5.v20221102-0933\jre\bin\verify.dll
0x000007fee0600000 - 0x000007fee060e000 	C:\Program Files\eclipse\plugins\org.eclipse.justj.openjdk.hotspot.jre.full.win32.x86_64_17.0.5.v20221102-0933\jre\bin\sunmscapi.dll
0x000007fefd6e0000 - 0x000007fefd84d000 	C:\Windows\system32\CRYPT32.dll
0x000007fefd620000 - 0x000007fefd62f000 	C:\Windows\system32\MSASN1.dll
0x000007fefcf90000 - 0x000007fefcfe0000 	C:\Windows\system32\ncrypt.dll
0x000007fefcf60000 - 0x000007fefcf82000 	C:\Windows\system32\bcrypt.dll

dbghelp: loaded successfully - version: 4.0.5 - missing functions: none
symbol engine: initialized successfully - sym options: 0x614 - pdb path: .;C:\Program Files\eclipse\plugins\org.eclipse.justj.openjdk.hotspot.jre.full.win32.x86_64_17.0.5.v20221102-0933\jre\bin;C:\Windows\SYSTEM32;C:\Windows\WinSxS\amd64_microsoft.windows.common-controls_6595b64144ccf1df_6.0.7601.17514_none_fa396087175ac9ac;C:\Program Files\eclipse\plugins\org.eclipse.justj.openjdk.hotspot.jre.full.win32.x86_64_17.0.5.v20221102-0933\jre\bin\server

VM Arguments:
jvm_args: -Dcom.sun.management.jmxremote -Dcom.sun.management.jmxremote.port=55919 -Dcom.sun.management.jmxremote.authenticate=false -Dcom.sun.management.jmxremote.ssl=false -Djava.rmi.server.hostname=localhost -Dspring.jmx.enabled=true -Dmanagement.endpoints.jmx.exposure.include=* -Dspring.application.admin.enabled=true -XX:TieredStopAtLevel=1 -Dspring.boot.project.name=calendario-usuarios-backend -Dfile.encoding=UTF-8 -XX:+ShowCodeDetailsInExceptionMessages 
java_command: com.sistema.examenes.SistemaExamenesBackendApplication --spring.output.ansi.enabled=always
java_class_path (initial): C:\Users\paulina\Documents\EclipseProjects\calendario-usuarios-backend\target\classes;C:\Users\paulina\.m2\repository\org\springframework\boot\spring-boot-starter-data-jpa\2.6.6\spring-boot-starter-data-jpa-2.6.6.jar;C:\Users\paulina\.m2\repository\org\springframework\boot\spring-boot-starter-aop\2.6.6\spring-boot-starter-aop-2.6.6.jar;C:\Users\paulina\.m2\repository\org\aspectj\aspectjweaver\1.9.7\aspectjweaver-1.9.7.jar;C:\Users\paulina\.m2\repository\org\springframework\boot\spring-boot-starter-jdbc\2.6.6\spring-boot-starter-jdbc-2.6.6.jar;C:\Users\paulina\.m2\repository\com\zaxxer\HikariCP\4.0.3\HikariCP-4.0.3.jar;C:\Users\paulina\.m2\repository\org\springframework\spring-jdbc\5.3.18\spring-jdbc-5.3.18.jar;C:\Users\paulina\.m2\repository\jakarta\transaction\jakarta.transaction-api\1.3.3\jakarta.transaction-api-1.3.3.jar;C:\Users\paulina\.m2\repository\jakarta\persistence\jakarta.persistence-api\2.2.3\jakarta.persistence-api-2.2.3.jar;C:\Users\paulina\.m2\repository\org\hibernate\hibernate-core\5.6.7.Final\hibernate-core-5.6.7.Final.jar;C:\Users\paulina\.m2\repository\org\jboss\logging\jboss-logging\3.4.3.Final\jboss-logging-3.4.3.Final.jar;C:\Users\paulina\.m2\repository\net\bytebuddy\byte-buddy\1.11.22\byte-buddy-1.11.22.jar;C:\Users\paulina\.m2\repository\antlr\antlr\2.7.7\antlr-2.7.7.jar;C:\Users\paulina\.m2\repository\org\jboss\jandex\2.4.2.Final\jandex-2.4.2.Final.jar;C:\Users\paulina\.m2\repository\com\fasterxml\classmate\1.5.1\classmate-1.5.1.jar;C:\Users\paulina\.m2\repository\org\hibernate\common\hibernate-commons-annotations\5.1.2.Final\hibernate-commons-annotations-5.1.2.Final.jar;C:\Users\paulina\.m2\repository\org\glassfish\jaxb\jaxb-runtime\2.3.6\jaxb-runtime-2.3.6.jar;C:\Users\paulina\.m2\repository\org\glassfish\jaxb\txw2\2.3.6\txw2-2.3.6.jar;C:\Users\paulina\.m2\repository\com\sun\istack\istack-commons-runtime\3.0.12\istack-commons-runtime-3.0.12.jar;C:\Users\paulina\.m2\repository\org\springframework\data\spring-dat
Launcher Type: SUN_STANDARD

[Global flags]
     intx CICompilerCount                          = 2                                         {product} {ergonomic}
     uint ConcGCThreads                            = 1                                         {product} {ergonomic}
     uint G1ConcRefinementThreads                  = 2                                         {product} {ergonomic}
   size_t G1HeapRegionSize                         = 1048576                                   {product} {ergonomic}
    uintx GCDrainStackTargetSize                   = 64                                        {product} {ergonomic}
   size_t InitialHeapSize                          = 33554432                                  {product} {ergonomic}
     bool ManagementServer                         = true                                      {product} {command line}
   size_t MarkStackSize                            = 4194304                                   {product} {ergonomic}
   size_t MaxHeapSize                              = 528482304                                 {product} {ergonomic}
   size_t MaxNewSize                               = 316669952                                 {product} {ergonomic}
   size_t MinHeapDeltaBytes                        = 1048576                                   {product} {ergonomic}
   size_t MinHeapSize                              = 8388608                                   {product} {ergonomic}
    uintx NonProfiledCodeHeapSize                  = 0                                      {pd product} {ergonomic}
     bool ProfileInterpreter                       = false                                  {pd product} {command line}
    uintx ProfiledCodeHeapSize                     = 0                                      {pd product} {ergonomic}
     bool ShowCodeDetailsInExceptionMessages       = true                                   {manageable} {command line}
   size_t SoftMaxHeapSize                          = 528482304                              {manageable} {ergonomic}
     intx TieredStopAtLevel                        = 1                                         {product} {command line}
     bool UseCompressedClassPointers               = true                           {product lp64_product} {ergonomic}
     bool UseCompressedOops                        = true                           {product lp64_product} {ergonomic}
     bool UseG1GC                                  = true                                      {product} {ergonomic}
     bool UseLargePagesIndividualAllocation        = false                                  {pd product} {ergonomic}

Logging:
Log output configuration:
 #0: stdout all=warning uptime,level,tags
 #1: stderr all=off uptime,level,tags

Environment Variables:
PATH=C:/Program Files/eclipse//plugins/org.eclipse.justj.openjdk.hotspot.jre.full.win32.x86_64_17.0.5.v20221102-0933/jre/bin/server;C:/Program Files/eclipse//plugins/org.eclipse.justj.openjdk.hotspot.jre.full.win32.x86_64_17.0.5.v20221102-0933/jre/bin;C:\Program Files (x86)\Common Files\Oracle\Java\javapath;C:\Windows\system32;C:\Windows;C:\Windows\System32\Wbem;C:\Windows\System32\WindowsPowerShell\v1.0\;C:\Program Files\Microsoft VS Code\bin;C:\Program Files (x86)\gnupg\bin;C:\Program Files\PostgreSQL\15\bin;C:\Users\paulina\AppData\Roaming\nvm;C:\Program Files\nodejs;C:\Program Files\nodejs\;C:\Users\paulina\AppData\Roaming\nvm;C:\Program Files\nodejs;C:\Users\paulina\AppData\Roaming\npm;C:\Program Files\eclipse;
USERNAME=paulina
OS=Windows_NT
PROCESSOR_IDENTIFIER=Intel64 Family 6 Model 23 Stepping 10, GenuineIntel
TMP=C:\Users\paulina\AppData\Local\Temp
TEMP=C:\Users\paulina\AppData\Local\Temp



---------------  S Y S T E M  ---------------

OS:
 Windows 7 , 64 bit Build 7601 (6.1.7601.24384)
OS uptime: 0 days 5:50 hours

CPU: total 2 (initial active 2) (2 cores per cpu, 1 threads per core) family 6 model 23 stepping 10 microcode 0x0, cx8, cmov, fxsr, mmx, sse, sse2, sse3, ssse3, tsc, clflush

Memory: 4k page, system-wide physical 2008M (49M free)
TotalPageFile size 8034M (AvailPageFile size 51M)
current process WorkingSet (physical memory assigned to process): 136M, peak: 136M
current process commit charge ("private bytes"): 189M, peak: 247M

vm_info: OpenJDK 64-Bit Server VM (17.0.5+8) for windows-amd64 JRE (17.0.5+8), built on Oct 19 2022 04:48:13 by "temurin" with MS VC++ 16.7 (VS2019)

END.
