#
# There is insufficient memory for the Java Runtime Environment to continue.
# Native memory allocation (mmap) failed to map 124780544 bytes for G1 virtual space
# Possible reasons:
#   The system is out of physical RAM or swap space
#   The process is running with CompressedOops enabled, and the Java Heap may be blocking the growth of the native heap
# Possible solutions:
#   Reduce memory load on the system
#   Increase physical memory or swap space
#   Check if swap backing store is full
#   Decrease Java heap size (-Xmx/-Xms)
#   Decrease number of Java threads
#   Decrease Java thread stack sizes (-Xss)
#   Set larger code cache with -XX:ReservedCodeCacheSize=
#   JVM is running with Unscaled Compressed Oops mode in which the Java heap is
#     placed in the first 4GB address space. The Java Heap base address is the
#     maximum limit for the native heap growth. Please use -XX:HeapBaseMinAddress
#     to set the Java Heap base and to place the Java Heap above 4GB virtual address.
# This output file may be truncated or incomplete.
#
#  Out of Memory Error (os_windows.cpp:3548), pid=3244, tid=3496
#
# JRE version: OpenJDK Runtime Environment Temurin-17.0.5+8 (17.0.5+8) (build 17.0.5+8)
# Java VM: OpenJDK 64-Bit Server VM Temurin-17.0.5+8 (17.0.5+8, mixed mode, emulated-client, tiered, compressed oops, compressed class ptrs, g1 gc, windows-amd64)
# No core dump will be written. Minidumps are not enabled by default on client versions of Windows
#

---------------  S U M M A R Y ------------

Command Line: -Dcom.sun.management.jmxremote -Dcom.sun.management.jmxremote.port=49167 -Dcom.sun.management.jmxremote.authenticate=false -Dcom.sun.management.jmxremote.ssl=false -Djava.rmi.server.hostname=localhost -Dspring.jmx.enabled=true -Dmanagement.endpoints.jmx.exposure.include=* -Dspring.application.admin.enabled=true -XX:TieredStopAtLevel=1 -Dspring.boot.project.name=portal-examenes-backend-master -Dfile.encoding=UTF-8 -XX:+ShowCodeDetailsInExceptionMessages com.sistema.examenes.SistemaExamenesBackendApplication --spring.output.ansi.enabled=always

Host: Pentium(R) Dual-Core CPU       T4500  @ 2.30GHz, 2 cores, 1G,  Windows 7 , 64 bit Build 7601 (6.1.7601.17514)
Time: Wed Apr  5 17:42:00 2023 Hora estándar de Argentina elapsed time: 1966.813612 seconds (0d 0h 32m 46s)

---------------  T H R E A D  ---------------

Current thread (0x000000000c937580):  VMThread "VM Thread" [stack: 0x000000004ce60000,0x000000004cf60000] [id=3496]

Stack: [0x000000004ce60000,0x000000004cf60000]
Native frames: (J=compiled Java code, j=interpreted, Vv=VM code, C=native code)
V  [jvm.dll+0x676b3a]
V  [jvm.dll+0x831444]
V  [jvm.dll+0x832bee]
V  [jvm.dll+0x833253]
V  [jvm.dll+0x244ce5]
V  [jvm.dll+0x673a49]
V  [jvm.dll+0x66811a]
V  [jvm.dll+0x303ceb]
V  [jvm.dll+0x30b1e6]
V  [jvm.dll+0x35adbe]
V  [jvm.dll+0x35afef]
V  [jvm.dll+0x2dab88]
V  [jvm.dll+0x2d8e3c]
V  [jvm.dll+0x2d840c]
V  [jvm.dll+0x31c31b]
V  [jvm.dll+0x8376fb]
V  [jvm.dll+0x838434]
V  [jvm.dll+0x83894c]
V  [jvm.dll+0x838d24]
V  [jvm.dll+0x838df0]
V  [jvm.dll+0x7e17ea]
V  [jvm.dll+0x6759e5]
C  [ucrtbase.DLL+0x1c1ae]
C  [kernel32.dll+0x1652d]
C  [ntdll.dll+0x2c521]

VM_Operation (0x0000000050c5b980): G1CollectForAllocation, mode: safepoint, requested by thread 0x000000004f485130


---------------  P R O C E S S  ---------------

Threads class SMR info:
_java_thread_list=0x0000000054bbf530, length=25, elements={
0x000000000c932460, 0x000000004cc9b430, 0x000000004cc9ef20, 0x000000004cce2ca0,
0x000000004cce4120, 0x000000004cce49e0, 0x000000004cce5e60, 0x000000004ccf8ed0,
0x000000004cd925a0, 0x000000004e4c22a0, 0x000000004f0711f0, 0x000000004f114e10,
0x000000004f13e6a0, 0x000000004f151400, 0x000000004f158ab0, 0x000000004f1ba630,
0x000000004f486470, 0x000000004f483df0, 0x000000004f486e10, 0x000000004f485130,
0x000000004f4842c0, 0x000000004f486940, 0x000000004f4877b0, 0x000000004f484c60,
0x000000004f485fa0
}

Java Threads: ( => current thread )
  0x000000000c932460 JavaThread "Reference Handler" daemon [_thread_blocked, id=3580, stack(0x000000004d840000,0x000000004d940000)]
  0x000000004cc9b430 JavaThread "Finalizer" daemon [_thread_blocked, id=2924, stack(0x000000004db00000,0x000000004dc00000)]
  0x000000004cc9ef20 JavaThread "Signal Dispatcher" daemon [_thread_blocked, id=2868, stack(0x000000004dc60000,0x000000004dd60000)]
  0x000000004cce2ca0 JavaThread "Attach Listener" daemon [_thread_blocked, id=2668, stack(0x000000004dd70000,0x000000004de70000)]
  0x000000004cce4120 JavaThread "Service Thread" daemon [_thread_blocked, id=692, stack(0x000000004df60000,0x000000004e060000)]
  0x000000004cce49e0 JavaThread "Monitor Deflation Thread" daemon [_thread_blocked, id=960, stack(0x000000004e130000,0x000000004e230000)]
  0x000000004cce5e60 JavaThread "C1 CompilerThread0" daemon [_thread_blocked, id=1984, stack(0x000000004e340000,0x000000004e440000)]
  0x000000004ccf8ed0 JavaThread "Sweeper thread" daemon [_thread_blocked, id=2904, stack(0x000000004d9b0000,0x000000004dab0000)]
  0x000000004cd925a0 JavaThread "Common-Cleaner" daemon [_thread_blocked, id=2300, stack(0x000000004e8d0000,0x000000004e9d0000)]
  0x000000004e4c22a0 JavaThread "Notification Thread" daemon [_thread_blocked, id=2804, stack(0x000000004eb50000,0x000000004ec50000)]
  0x000000004f0711f0 JavaThread "RMI TCP Accept-0" daemon [_thread_in_native, id=832, stack(0x000000004ea30000,0x000000004eb30000)]
  0x000000004f114e10 JavaThread "RMI TCP Accept-49167" daemon [_thread_in_native, id=2992, stack(0x0000000050220000,0x0000000050320000)]
  0x000000004f13e6a0 JavaThread "RMI TCP Accept-0" daemon [_thread_in_native, id=2504, stack(0x0000000050070000,0x0000000050170000)]
  0x000000004f151400 JavaThread "RMI Scheduler(0)" daemon [_thread_blocked, id=1640, stack(0x00000000507d0000,0x00000000508d0000)]
  0x000000004f158ab0 JavaThread "RMI TCP Connection(idle)" daemon [_thread_blocked, id=1648, stack(0x0000000050690000,0x0000000050790000)]
  0x000000004f1ba630 JavaThread "JMX server connection timeout 20" daemon [_thread_blocked, id=1980, stack(0x00000000509c0000,0x0000000050ac0000)]
  0x000000004f486470 JavaThread "Live Reload Server" daemon [_thread_in_native, id=2716, stack(0x0000000056520000,0x0000000056620000)]
  0x000000004f483df0 JavaThread "DestroyJavaVM" [_thread_blocked, id=1632, stack(0x00000000021b0000,0x00000000022b0000)]
  0x000000004f486e10 JavaThread "Thread-19" [_thread_blocked, id=5024, stack(0x0000000050cc0000,0x0000000050dc0000)]
  0x000000004f485130 JavaThread "restartedMain" [_thread_blocked, id=4612, stack(0x0000000050b60000,0x0000000050c60000)]
  0x000000004f4842c0 JavaThread "HikariPool-6 housekeeper" daemon [_thread_blocked, id=5028, stack(0x0000000052900000,0x0000000052a00000)]
  0x000000004f486940 JavaThread "HikariPool-6 connection adder" daemon [_thread_blocked, id=5900, stack(0x0000000052a30000,0x0000000052b30000)]
  0x000000004f4877b0 JavaThread "Catalina-utility-1" [_thread_blocked, id=5656, stack(0x0000000050ef0000,0x0000000050ff0000)]
  0x000000004f484c60 JavaThread "Catalina-utility-2" [_thread_blocked, id=3780, stack(0x0000000053ca0000,0x0000000053da0000)]
  0x000000004f485fa0 JavaThread "container-0" [_thread_blocked, id=2648, stack(0x000000004e240000,0x000000004e340000)]

Other Threads:
=>0x000000000c937580 VMThread "VM Thread" [stack: 0x000000004ce60000,0x000000004cf60000] [id=3496]
  0x000000004f13f040 WatcherThread [stack: 0x0000000050500000,0x0000000050600000] [id=2360]
  0x00000000001a2f00 GCTaskThread "GC Thread#0" [stack: 0x000000000a2a0000,0x000000000a3a0000] [id=2624]
  0x000000004eee5780 GCTaskThread "GC Thread#1" [stack: 0x000000004ece0000,0x000000004ede0000] [id=1276]
  0x00000000001a7a10 ConcurrentGCThread "G1 Main Marker" [stack: 0x000000000a4f0000,0x000000000a5f0000] [id=3528]
  0x00000000001a8330 ConcurrentGCThread "G1 Conc#0" [stack: 0x000000000a160000,0x000000000a260000] [id=3552]
  0x00000000001d36a0 ConcurrentGCThread "G1 Refine#0" [stack: 0x000000000c740000,0x000000000c840000] [id=3500]
  0x00000000001d3fd0 ConcurrentGCThread "G1 Service" [stack: 0x000000000ca30000,0x000000000cb30000] [id=3524]

Threads with active compile tasks:

VM state: at safepoint (normal execution)

VM Mutex/Monitor currently owned by a thread:  ([mutex/lock_event])
[0x0000000000167730] Threads_lock - owner thread: 0x000000000c937580
[0x0000000000167d60] Heap_lock - owner thread: 0x000000004f485130

Heap address: 0x00000000e0800000, size: 504 MB, Compressed Oops mode: 32-bit

CDS archive(s) not mapped
Compressed class space mapped at: 0x000000000cc00000-0x000000004cc00000, reserved size: 1073741824
Narrow klass base: 0x0000000000000000, Narrow klass shift: 0, Narrow klass range: 0x4cc00000

GC Precious Log:
 CPUs: 2 total, 2 available
 Memory: 2008M
 Large Page Support: Disabled
 NUMA Support: Disabled
 Compressed Oops: Enabled (32-bit)
 Heap Region Size: 1M
 Heap Min Capacity: 8M
 Heap Initial Capacity: 32M
 Heap Max Capacity: 504M
 Pre-touch: Disabled
 Parallel Workers: 2
 Concurrent Workers: 1
 Concurrent Refinement Workers: 2
 Periodic GC: Disabled

Heap:
 garbage-first heap   total 86016K, used 30563K [0x00000000e0800000, 0x0000000100000000)
  region size 1024K, 4 young (4096K), 4 survivors (4096K)
 Metaspace       used 71040K, committed 71680K, reserved 1114112K
  class space    used 9495K, committed 9792K, reserved 1048576K

Heap Regions: E=young(eden), S=young(survivor), O=old, HS=humongous(starts), HC=humongous(continues), CS=collection set, F=free, OA=open archive, CA=closed archive, TAMS=top-at-mark-start (previous, next)
|   0|0x00000000e0800000, 0x00000000e0900000, 0x00000000e0900000|100%|HS|  |TAMS 0x00000000e0900000, 0x00000000e0800000| Untracked 
|   1|0x00000000e0900000, 0x00000000e0a00000, 0x00000000e0a00000|100%| O|  |TAMS 0x00000000e0a00000, 0x00000000e0900000| Untracked 
|   2|0x00000000e0a00000, 0x00000000e0afffe8, 0x00000000e0b00000| 99%| O|  |TAMS 0x00000000e0afffe8, 0x00000000e0a00000| Untracked 
|   3|0x00000000e0b00000, 0x00000000e0bffff8, 0x00000000e0c00000| 99%| O|  |TAMS 0x00000000e0bffff8, 0x00000000e0b00000| Untracked 
|   4|0x00000000e0c00000, 0x00000000e0cfff78, 0x00000000e0d00000| 99%| O|  |TAMS 0x00000000e0cfff78, 0x00000000e0c00000| Untracked 
|   5|0x00000000e0d00000, 0x00000000e0dffff8, 0x00000000e0e00000| 99%| O|  |TAMS 0x00000000e0dffff8, 0x00000000e0d00000| Untracked 
|   6|0x00000000e0e00000, 0x00000000e0effff8, 0x00000000e0f00000| 99%| O|  |TAMS 0x00000000e0effff8, 0x00000000e0e00000| Untracked 
|   7|0x00000000e0f00000, 0x00000000e0fffff0, 0x00000000e1000000| 99%| O|  |TAMS 0x00000000e0fffff0, 0x00000000e0f00000| Untracked 
|   8|0x00000000e1000000, 0x00000000e10fffb8, 0x00000000e1100000| 99%| O|  |TAMS 0x00000000e10fffb8, 0x00000000e1000000| Untracked 
|   9|0x00000000e1100000, 0x00000000e11ffff0, 0x00000000e1200000| 99%| O|  |TAMS 0x00000000e11ffff0, 0x00000000e1100000| Untracked 
|  10|0x00000000e1200000, 0x00000000e12ffff8, 0x00000000e1300000| 99%| O|  |TAMS 0x00000000e12ffff8, 0x00000000e1200000| Untracked 
|  11|0x00000000e1300000, 0x00000000e13fffd8, 0x00000000e1400000| 99%| O|  |TAMS 0x00000000e13fffd8, 0x00000000e1300000| Untracked 
|  12|0x00000000e1400000, 0x00000000e14ffff8, 0x00000000e1500000| 99%| O|  |TAMS 0x00000000e14ffff8, 0x00000000e1400000| Untracked 
|  13|0x00000000e1500000, 0x00000000e15fffe0, 0x00000000e1600000| 99%| O|  |TAMS 0x00000000e15fffe0, 0x00000000e1500000| Untracked 
|  14|0x00000000e1600000, 0x00000000e1700000, 0x00000000e1700000|100%| O|  |TAMS 0x00000000e1700000, 0x00000000e1600000| Untracked 
|  15|0x00000000e1700000, 0x00000000e17ffff0, 0x00000000e1800000| 99%| O|  |TAMS 0x00000000e1700000, 0x00000000e1700000| Untracked 
|  16|0x00000000e1800000, 0x00000000e1900000, 0x00000000e1900000|100%| O|  |TAMS 0x00000000e1800000, 0x00000000e1800000| Untracked 
|  17|0x00000000e1900000, 0x00000000e1a00000, 0x00000000e1a00000|100%| O|  |TAMS 0x00000000e1900000, 0x00000000e1900000| Untracked 
|  18|0x00000000e1a00000, 0x00000000e1afffe0, 0x00000000e1b00000| 99%| O|  |TAMS 0x00000000e1a00000, 0x00000000e1a00000| Untracked 
|  19|0x00000000e1b00000, 0x00000000e1bfffe0, 0x00000000e1c00000| 99%| O|  |TAMS 0x00000000e1b00000, 0x00000000e1b00000| Untracked 
|  20|0x00000000e1c00000, 0x00000000e1cfff88, 0x00000000e1d00000| 99%| O|  |TAMS 0x00000000e1c00000, 0x00000000e1c00000| Untracked 
|  21|0x00000000e1d00000, 0x00000000e1dfffc8, 0x00000000e1e00000| 99%| O|  |TAMS 0x00000000e1d00000, 0x00000000e1d00000| Untracked 
|  22|0x00000000e1e00000, 0x00000000e1e1c520, 0x00000000e1f00000| 11%| O|  |TAMS 0x00000000e1e00000, 0x00000000e1e00000| Untracked 
|  23|0x00000000e1f00000, 0x00000000e1ffffd8, 0x00000000e2000000| 99%| O|  |TAMS 0x00000000e1f00000, 0x00000000e1f00000| Untracked 
|  24|0x00000000e2000000, 0x00000000e2100000, 0x00000000e2100000|100%| O|  |TAMS 0x00000000e2000000, 0x00000000e2000000| Untracked 
|  25|0x00000000e2100000, 0x00000000e21948c8, 0x00000000e2200000| 58%| O|  |TAMS 0x00000000e2100000, 0x00000000e2100000| Untracked 
|  26|0x00000000e2200000, 0x00000000e2300000, 0x00000000e2300000|100%| O|  |TAMS 0x00000000e2200000, 0x00000000e2200000| Untracked 
|  27|0x00000000e2300000, 0x00000000e2328400, 0x00000000e2400000| 15%| O|  |TAMS 0x00000000e2300000, 0x00000000e2300000| Untracked 
|  28|0x00000000e2400000, 0x00000000e2400000, 0x00000000e2500000|  0%| F|  |TAMS 0x00000000e2400000, 0x00000000e2400000| Untracked 
|  29|0x00000000e2500000, 0x00000000e2500000, 0x00000000e2600000|  0%| F|  |TAMS 0x00000000e2500000, 0x00000000e2500000| Untracked 
|  30|0x00000000e2600000, 0x00000000e2600000, 0x00000000e2700000|  0%| F|  |TAMS 0x00000000e2600000, 0x00000000e2600000| Untracked 
|  31|0x00000000e2700000, 0x00000000e2700000, 0x00000000e2800000|  0%| F|  |TAMS 0x00000000e2700000, 0x00000000e2700000| Untracked 
|  32|0x00000000e2800000, 0x00000000e2800000, 0x00000000e2900000|  0%| F|  |TAMS 0x00000000e2800000, 0x00000000e2800000| Untracked 
|  33|0x00000000e2900000, 0x00000000e2900000, 0x00000000e2a00000|  0%| F|  |TAMS 0x00000000e2900000, 0x00000000e2900000| Untracked 
|  34|0x00000000e2a00000, 0x00000000e2a00000, 0x00000000e2b00000|  0%| F|  |TAMS 0x00000000e2a00000, 0x00000000e2a00000| Untracked 
|  35|0x00000000e2b00000, 0x00000000e2b00000, 0x00000000e2c00000|  0%| F|  |TAMS 0x00000000e2b00000, 0x00000000e2b00000| Untracked 
|  36|0x00000000e2c00000, 0x00000000e2c00000, 0x00000000e2d00000|  0%| F|  |TAMS 0x00000000e2c00000, 0x00000000e2c00000| Untracked 
|  37|0x00000000e2d00000, 0x00000000e2d00000, 0x00000000e2e00000|  0%| F|  |TAMS 0x00000000e2d00000, 0x00000000e2d00000| Untracked 
|  38|0x00000000e2e00000, 0x00000000e2e00000, 0x00000000e2f00000|  0%| F|  |TAMS 0x00000000e2e00000, 0x00000000e2e00000| Untracked 
|  39|0x00000000e2f00000, 0x00000000e2f00000, 0x00000000e3000000|  0%| F|  |TAMS 0x00000000e2f00000, 0x00000000e2f00000| Untracked 
|  40|0x00000000e3000000, 0x00000000e3000000, 0x00000000e3100000|  0%| F|  |TAMS 0x00000000e3000000, 0x00000000e3000000| Untracked 
|  41|0x00000000e3100000, 0x00000000e3100000, 0x00000000e3200000|  0%| F|  |TAMS 0x00000000e3100000, 0x00000000e3100000| Untracked 
|  42|0x00000000e3200000, 0x00000000e3200000, 0x00000000e3300000|  0%| F|  |TAMS 0x00000000e3200000, 0x00000000e3200000| Untracked 
|  43|0x00000000e3300000, 0x00000000e3300000, 0x00000000e3400000|  0%| F|  |TAMS 0x00000000e3300000, 0x00000000e3300000| Untracked 
|  44|0x00000000e3400000, 0x00000000e3400000, 0x00000000e3500000|  0%| F|  |TAMS 0x00000000e3400000, 0x00000000e3400000| Untracked 
|  45|0x00000000e3500000, 0x00000000e3500000, 0x00000000e3600000|  0%| F|  |TAMS 0x00000000e3500000, 0x00000000e3500000| Untracked 
|  46|0x00000000e3600000, 0x00000000e3600000, 0x00000000e3700000|  0%| F|  |TAMS 0x00000000e3600000, 0x00000000e3600000| Untracked 
|  47|0x00000000e3700000, 0x00000000e3700000, 0x00000000e3800000|  0%| F|  |TAMS 0x00000000e3700000, 0x00000000e3700000| Untracked 
|  48|0x00000000e3800000, 0x00000000e3800000, 0x00000000e3900000|  0%| F|  |TAMS 0x00000000e3800000, 0x00000000e3800000| Untracked 
|  49|0x00000000e3900000, 0x00000000e3900000, 0x00000000e3a00000|  0%| F|  |TAMS 0x00000000e3900000, 0x00000000e3900000| Untracked 
|  50|0x00000000e3a00000, 0x00000000e3a00000, 0x00000000e3b00000|  0%| F|  |TAMS 0x00000000e3a00000, 0x00000000e3a00000| Untracked 
|  51|0x00000000e3b00000, 0x00000000e3b00000, 0x00000000e3c00000|  0%| F|  |TAMS 0x00000000e3b00000, 0x00000000e3b00000| Untracked 
|  52|0x00000000e3c00000, 0x00000000e3d00000, 0x00000000e3d00000|100%| S|CS|TAMS 0x00000000e3c00000, 0x00000000e3c00000| Complete 
|  53|0x00000000e3d00000, 0x00000000e3e00000, 0x00000000e3e00000|100%| S|CS|TAMS 0x00000000e3d00000, 0x00000000e3d00000| Complete 
|  54|0x00000000e3e00000, 0x00000000e3f00000, 0x00000000e3f00000|100%| S|CS|TAMS 0x00000000e3e00000, 0x00000000e3e00000| Complete 
|  55|0x00000000e3f00000, 0x00000000e4000000, 0x00000000e4000000|100%| S|CS|TAMS 0x00000000e3f00000, 0x00000000e3f00000| Complete 
|  56|0x00000000e4000000, 0x00000000e4000000, 0x00000000e4100000|  0%| F|  |TAMS 0x00000000e4000000, 0x00000000e4000000| Untracked 
|  57|0x00000000e4100000, 0x00000000e4100000, 0x00000000e4200000|  0%| F|  |TAMS 0x00000000e4100000, 0x00000000e4100000| Untracked 
|  58|0x00000000e4200000, 0x00000000e4200000, 0x00000000e4300000|  0%| F|  |TAMS 0x00000000e4200000, 0x00000000e4200000| Untracked 
|  59|0x00000000e4300000, 0x00000000e4300000, 0x00000000e4400000|  0%| F|  |TAMS 0x00000000e4300000, 0x00000000e4300000| Untracked 
|  60|0x00000000e4400000, 0x00000000e4400000, 0x00000000e4500000|  0%| F|  |TAMS 0x00000000e4400000, 0x00000000e4400000| Untracked 
|  61|0x00000000e4500000, 0x00000000e4500000, 0x00000000e4600000|  0%| F|  |TAMS 0x00000000e4500000, 0x00000000e4500000| Untracked 
|  62|0x00000000e4600000, 0x00000000e4600000, 0x00000000e4700000|  0%| F|  |TAMS 0x00000000e4600000, 0x00000000e4600000| Untracked 
|  63|0x00000000e4700000, 0x00000000e4700000, 0x00000000e4800000|  0%| F|  |TAMS 0x00000000e4700000, 0x00000000e4700000| Untracked 
|  64|0x00000000e4800000, 0x00000000e4800000, 0x00000000e4900000|  0%| F|  |TAMS 0x00000000e4800000, 0x00000000e4800000| Untracked 
|  65|0x00000000e4900000, 0x00000000e4900000, 0x00000000e4a00000|  0%| F|  |TAMS 0x00000000e4900000, 0x00000000e4900000| Untracked 
|  66|0x00000000e4a00000, 0x00000000e4a00000, 0x00000000e4b00000|  0%| F|  |TAMS 0x00000000e4a00000, 0x00000000e4a00000| Untracked 
|  67|0x00000000e4b00000, 0x00000000e4b00000, 0x00000000e4c00000|  0%| F|  |TAMS 0x00000000e4b00000, 0x00000000e4b00000| Untracked 
|  68|0x00000000e4c00000, 0x00000000e4c00000, 0x00000000e4d00000|  0%| F|  |TAMS 0x00000000e4c00000, 0x00000000e4c00000| Untracked 
|  69|0x00000000e4d00000, 0x00000000e4d00000, 0x00000000e4e00000|  0%| F|  |TAMS 0x00000000e4d00000, 0x00000000e4d00000| Untracked 
|  70|0x00000000e4e00000, 0x00000000e4e00000, 0x00000000e4f00000|  0%| F|  |TAMS 0x00000000e4e00000, 0x00000000e4e00000| Untracked 
|  71|0x00000000e4f00000, 0x00000000e4f00000, 0x00000000e5000000|  0%| F|  |TAMS 0x00000000e4f00000, 0x00000000e4f00000| Untracked 
|  72|0x00000000e5000000, 0x00000000e5000000, 0x00000000e5100000|  0%| F|  |TAMS 0x00000000e5000000, 0x00000000e5000000| Untracked 
|  73|0x00000000e5100000, 0x00000000e5100000, 0x00000000e5200000|  0%| F|  |TAMS 0x00000000e5100000, 0x00000000e5100000| Untracked 
|  74|0x00000000e5200000, 0x00000000e5200000, 0x00000000e5300000|  0%| F|  |TAMS 0x00000000e5200000, 0x00000000e5200000| Untracked 
|  75|0x00000000e5300000, 0x00000000e5300000, 0x00000000e5400000|  0%| F|  |TAMS 0x00000000e5300000, 0x00000000e5300000| Untracked 
|  76|0x00000000e5400000, 0x00000000e5400000, 0x00000000e5500000|  0%| F|  |TAMS 0x00000000e5400000, 0x00000000e5400000| Untracked 
|  77|0x00000000e5500000, 0x00000000e5500000, 0x00000000e5600000|  0%| F|  |TAMS 0x00000000e5500000, 0x00000000e5500000| Untracked 
|  78|0x00000000e5600000, 0x00000000e5600000, 0x00000000e5700000|  0%| F|  |TAMS 0x00000000e5600000, 0x00000000e5600000| Untracked 
|  79|0x00000000e5700000, 0x00000000e5700000, 0x00000000e5800000|  0%| F|  |TAMS 0x00000000e5700000, 0x00000000e5700000| Untracked 
|  80|0x00000000e5800000, 0x00000000e5800000, 0x00000000e5900000|  0%| F|  |TAMS 0x00000000e5800000, 0x00000000e5800000| Untracked 
|  81|0x00000000e5900000, 0x00000000e5900000, 0x00000000e5a00000|  0%| F|  |TAMS 0x00000000e5900000, 0x00000000e5900000| Untracked 
|  82|0x00000000e5a00000, 0x00000000e5a00000, 0x00000000e5b00000|  0%| F|  |TAMS 0x00000000e5a00000, 0x00000000e5a00000| Untracked 
|  83|0x00000000e5b00000, 0x00000000e5b00000, 0x00000000e5c00000|  0%| F|  |TAMS 0x00000000e5b00000, 0x00000000e5b00000| Untracked 

Card table byte_map: [0x0000000008f90000,0x0000000009090000] _byte_map_base: 0x000000000888c000

Marking Bits (Prev, Next): (CMBitMap*) 0x00000000001a3460, (CMBitMap*) 0x00000000001a3420
 Prev Bits: [0x0000000009970000, 0x000000000a150000)
 Next Bits: [0x0000000009190000, 0x0000000009970000)

Polling page: 0x0000000000420000

Metaspace:

Usage:
  Non-class:     60.10 MB used.
      Class:      9.27 MB used.
       Both:     69.38 MB used.

Virtual space:
  Non-class space:       64.00 MB reserved,      60.44 MB ( 94%) committed,  8 nodes.
      Class space:        1.00 GB reserved,       9.56 MB ( <1%) committed,  1 nodes.
             Both:        1.06 GB reserved,      70.00 MB (  6%) committed. 

Chunk freelists:
   Non-Class:  3.23 MB
       Class:  2.42 MB
        Both:  5.65 MB

MaxMetaspaceSize: unlimited
CompressedClassSpaceSize: 1.00 GB
Initial GC threshold: 21.00 MB
Current GC threshold: 116.06 MB
CDS: off
MetaspaceReclaimPolicy: balanced
 - commit_granule_bytes: 65536.
 - commit_granule_words: 8192.
 - virtual_space_node_default_size: 1048576.
 - enlarge_chunks_in_place: 1.
 - new_chunks_are_fully_committed: 0.
 - uncommit_free_chunks: 1.
 - use_allocation_guard: 0.
 - handle_deallocations: 1.


Internal statistics:

num_allocs_failed_limit: 6.
num_arena_births: 1374.
num_arena_deaths: 486.
num_vsnodes_births: 9.
num_vsnodes_deaths: 0.
num_space_committed: 1131.
num_space_uncommitted: 11.
num_chunks_returned_to_freelist: 768.
num_chunks_taken_from_freelist: 4322.
num_chunk_merges: 191.
num_chunk_splits: 2484.
num_chunks_enlarged: 1584.
num_purges: 14.
num_inconsistent_stats: 0.

CodeCache: size=49152Kb used=19424Kb max_used=19424Kb free=29727Kb
 bounds [0x0000000005d80000, 0x0000000007080000, 0x0000000008d80000]
 total_blobs=11872 nmethods=11246 adapters=553
 compilation: enabled
              stopped_count=0, restarted_count=0
 full_count=0

Compilation events (20 events):
Event: 1966.526 Thread 0x000000004cce5e60 11327   !   1       jdk.proxy2.$Proxy106::annotationType (29 bytes)
Event: 1966.527 Thread 0x000000004cce5e60 nmethod 11327 0x0000000007074910 code [0x0000000007074ac0, 0x0000000007074cb8]
Event: 1966.542 Thread 0x000000004cce5e60 11328       1       org.springframework.data.util.ClassTypeInformation::equals (6 bytes)
Event: 1966.542 Thread 0x000000004cce5e60 nmethod 11328 0x0000000007074e10 code [0x0000000007074fa0, 0x0000000007075088]
Event: 1966.542 Thread 0x000000004cce5e60 11329       1       org.springframework.data.util.TypeDiscoverer::equals (90 bytes)
Event: 1966.543 Thread 0x000000004cce5e60 nmethod 11329 0x0000000007075110 code [0x0000000007075320, 0x0000000007075648]
Event: 1966.556 Thread 0x000000004cce5e60 11330       1       org.springframework.data.jpa.mapping.JpaPersistentPropertyImpl$$Lambda$932/0x000000000d385418::get (12 bytes)
Event: 1966.556 Thread 0x000000004cce5e60 nmethod 11330 0x0000000007075790 code [0x0000000007075920, 0x0000000007075a08]
Event: 1966.556 Thread 0x000000004cce5e60 11331       1       org.springframework.data.jpa.mapping.JpaPersistentPropertyImpl::lambda$new$2 (55 bytes)
Event: 1966.558 Thread 0x000000004cce5e60 nmethod 11331 0x0000000007075b10 code [0x0000000007075d60, 0x0000000007076438]
Event: 1966.558 Thread 0x000000004cce5e60 11332       1       org.springframework.data.jpa.mapping.JpaPersistentPropertyImpl$$Lambda$935/0x000000000d385a98::<init> (10 bytes)
Event: 1966.558 Thread 0x000000004cce5e60 nmethod 11332 0x0000000007076890 code [0x0000000007076a20, 0x0000000007076b38]
Event: 1966.584 Thread 0x000000004cce5e60 11333   !   1       org.springframework.data.jpa.mapping.JpaMetamodelMappingContext$Metamodels::getMetamodelFor (100 bytes)
Event: 1966.585 Thread 0x000000004cce5e60 nmethod 11333 0x0000000007076b90 code [0x0000000007076dc0, 0x00000000070771f8]
Event: 1966.598 Thread 0x000000004cce5e60 11334       1       java.util.Collections$EmptySet::forEach (6 bytes)
Event: 1966.598 Thread 0x000000004cce5e60 nmethod 11334 0x0000000007077590 code [0x0000000007077720, 0x0000000007077868]
Event: 1966.602 Thread 0x000000004cce5e60 11335       1       java.lang.Package::getName (5 bytes)
Event: 1966.603 Thread 0x000000004cce5e60 nmethod 11335 0x0000000007077910 code [0x0000000007077aa0, 0x0000000007077b78]
Event: 1966.656 Thread 0x000000004cce5e60 11336       1       org.springframework.beans.factory.support.DefaultListableBeanFactory$NestedDependencyDescriptor::<init> (10 bytes)
Event: 1966.657 Thread 0x000000004cce5e60 nmethod 11336 0x0000000007077c10 code [0x0000000007077dc0, 0x0000000007077fb8]

GC Heap History (20 events):
Event: 1824.496 GC heap after
{Heap after GC invocations=56 (full 4):
 garbage-first heap   total 151552K, used 23844K [0x00000000e0800000, 0x0000000100000000)
  region size 1024K, 3 young (3072K), 3 survivors (3072K)
 Metaspace       used 69744K, committed 71296K, reserved 1114112K
  class space    used 9404K, committed 9792K, reserved 1048576K
}
Event: 1833.848 GC heap before
{Heap before GC invocations=56 (full 4):
 garbage-first heap   total 151552K, used 49444K [0x00000000e0800000, 0x0000000100000000)
  region size 1024K, 28 young (28672K), 3 survivors (3072K)
 Metaspace       used 69793K, committed 71296K, reserved 1114112K
  class space    used 9412K, committed 9792K, reserved 1048576K
}
Event: 1834.149 GC heap after
{Heap after GC invocations=57 (full 4):
 garbage-first heap   total 151552K, used 26832K [0x00000000e0800000, 0x0000000100000000)
  region size 1024K, 4 young (4096K), 4 survivors (4096K)
 Metaspace       used 69793K, committed 71296K, reserved 1114112K
  class space    used 9412K, committed 9792K, reserved 1048576K
}
Event: 1834.338 GC heap before
{Heap before GC invocations=57 (full 4):
 garbage-first heap   total 151552K, used 36048K [0x00000000e0800000, 0x0000000100000000)
  region size 1024K, 13 young (13312K), 4 survivors (4096K)
 Metaspace       used 69874K, committed 71296K, reserved 1114112K
  class space    used 9419K, committed 9792K, reserved 1048576K
}
Event: 1834.462 GC heap after
{Heap after GC invocations=58 (full 4):
 garbage-first heap   total 151552K, used 27492K [0x00000000e0800000, 0x0000000100000000)
  region size 1024K, 1 young (1024K), 1 survivors (1024K)
 Metaspace       used 69874K, committed 71296K, reserved 1114112K
  class space    used 9419K, committed 9792K, reserved 1048576K
}
Event: 1841.115 GC heap before
{Heap before GC invocations=58 (full 4):
 garbage-first heap   total 151552K, used 62308K [0x00000000e0800000, 0x0000000100000000)
  region size 1024K, 35 young (35840K), 1 survivors (1024K)
 Metaspace       used 70094K, committed 71296K, reserved 1114112K
  class space    used 9435K, committed 9792K, reserved 1048576K
}
Event: 1841.137 GC heap after
{Heap after GC invocations=59 (full 4):
 garbage-first heap   total 151552K, used 29514K [0x00000000e0800000, 0x0000000100000000)
  region size 1024K, 3 young (3072K), 3 survivors (3072K)
 Metaspace       used 70094K, committed 71296K, reserved 1114112K
  class space    used 9435K, committed 9792K, reserved 1048576K
}
Event: 1842.117 GC heap before
{Heap before GC invocations=59 (full 4):
 garbage-first heap   total 151552K, used 56138K [0x00000000e0800000, 0x0000000100000000)
  region size 1024K, 29 young (29696K), 3 survivors (3072K)
 Metaspace       used 70229K, committed 71296K, reserved 1114112K
  class space    used 9446K, committed 9792K, reserved 1048576K
}
Event: 1842.211 GC heap after
{Heap after GC invocations=60 (full 4):
 garbage-first heap   total 151552K, used 30061K [0x00000000e0800000, 0x0000000100000000)
  region size 1024K, 1 young (1024K), 1 survivors (1024K)
 Metaspace       used 70229K, committed 71296K, reserved 1114112K
  class space    used 9446K, committed 9792K, reserved 1048576K
}
Event: 1870.692 GC heap before
{Heap before GC invocations=60 (full 4):
 garbage-first heap   total 151552K, used 89453K [0x00000000e0800000, 0x0000000100000000)
  region size 1024K, 60 young (61440K), 1 survivors (1024K)
 Metaspace       used 70514K, committed 71296K, reserved 1114112K
  class space    used 9477K, committed 9792K, reserved 1048576K
}
Event: 1871.254 GC heap after
{Heap after GC invocations=61 (full 4):
 garbage-first heap   total 151552K, used 34165K [0x00000000e0800000, 0x0000000100000000)
  region size 1024K, 5 young (5120K), 5 survivors (5120K)
 Metaspace       used 70514K, committed 71296K, reserved 1114112K
  class space    used 9477K, committed 9792K, reserved 1048576K
}
Event: 1937.884 GC heap before
{Heap before GC invocations=61 (full 4):
 garbage-first heap   total 151552K, used 39285K [0x00000000e0800000, 0x0000000100000000)
  region size 1024K, 11 young (11264K), 5 survivors (5120K)
 Metaspace       used 70626K, committed 71296K, reserved 1114112K
  class space    used 9484K, committed 9792K, reserved 1048576K
}
Event: 1938.203 GC heap after
{Heap after GC invocations=62 (full 4):
 garbage-first heap   total 151552K, used 34027K [0x00000000e0800000, 0x0000000100000000)
  region size 1024K, 1 young (1024K), 1 survivors (1024K)
 Metaspace       used 70626K, committed 71296K, reserved 1114112K
  class space    used 9484K, committed 9792K, reserved 1048576K
}
Event: 1953.219 GC heap before
{Heap before GC invocations=62 (full 4):
 garbage-first heap   total 151552K, used 36075K [0x00000000e0800000, 0x0000000100000000)
  region size 1024K, 4 young (4096K), 1 survivors (1024K)
 Metaspace       used 70629K, committed 71296K, reserved 1114112K
  class space    used 9484K, committed 9792K, reserved 1048576K
}
Event: 1959.668 GC heap after
{Heap after GC invocations=63 (full 5):
 garbage-first heap   total 86016K, used 24258K [0x00000000e0800000, 0x0000000100000000)
  region size 1024K, 0 young (0K), 0 survivors (0K)
 Metaspace       used 70430K, committed 71296K, reserved 1114112K
  class space    used 9435K, committed 9792K, reserved 1048576K
}
Event: 1963.899 GC heap before
{Heap before GC invocations=63 (full 5):
 garbage-first heap   total 86016K, used 57026K [0x00000000e0800000, 0x0000000100000000)
  region size 1024K, 32 young (32768K), 0 survivors (0K)
 Metaspace       used 70683K, committed 71296K, reserved 1114112K
  class space    used 9464K, committed 9792K, reserved 1048576K
}
Event: 1963.937 GC heap after
{Heap after GC invocations=64 (full 5):
 garbage-first heap   total 86016K, used 26716K [0x00000000e0800000, 0x0000000100000000)
  region size 1024K, 3 young (3072K), 3 survivors (3072K)
 Metaspace       used 70683K, committed 71296K, reserved 1114112K
  class space    used 9464K, committed 9792K, reserved 1048576K
}
Event: 1965.765 GC heap before
{Heap before GC invocations=64 (full 5):
 garbage-first heap   total 86016K, used 63580K [0x00000000e0800000, 0x0000000100000000)
  region size 1024K, 39 young (39936K), 3 survivors (3072K)
 Metaspace       used 70843K, committed 71488K, reserved 1114112K
  class space    used 9480K, committed 9792K, reserved 1048576K
}
Event: 1965.824 GC heap after
{Heap after GC invocations=65 (full 5):
 garbage-first heap   total 86016K, used 29139K [0x00000000e0800000, 0x0000000100000000)
  region size 1024K, 5 young (5120K), 5 survivors (5120K)
 Metaspace       used 70843K, committed 71488K, reserved 1114112K
  class space    used 9480K, committed 9792K, reserved 1048576K
}
Event: 1966.743 GC heap before
{Heap before GC invocations=65 (full 5):
 garbage-first heap   total 86016K, used 57811K [0x00000000e0800000, 0x0000000100000000)
  region size 1024K, 33 young (33792K), 5 survivors (5120K)
 Metaspace       used 71040K, committed 71680K, reserved 1114112K
  class space    used 9495K, committed 9792K, reserved 1048576K
}

Dll operation events (9 events):
Event: 0.174 Loaded shared library C:\Program Files\eclipse\plugins\org.eclipse.justj.openjdk.hotspot.jre.full.win32.x86_64_17.0.5.v20221102-0933\jre\bin\java.dll
Event: 1.619 Loaded shared library C:\Program Files\eclipse\plugins\org.eclipse.justj.openjdk.hotspot.jre.full.win32.x86_64_17.0.5.v20221102-0933\jre\bin\jimage.dll
Event: 1.680 Loaded shared library C:\Program Files\eclipse\plugins\org.eclipse.justj.openjdk.hotspot.jre.full.win32.x86_64_17.0.5.v20221102-0933\jre\bin\net.dll
Event: 1.687 Loaded shared library C:\Program Files\eclipse\plugins\org.eclipse.justj.openjdk.hotspot.jre.full.win32.x86_64_17.0.5.v20221102-0933\jre\bin\nio.dll
Event: 1.698 Loaded shared library C:\Program Files\eclipse\plugins\org.eclipse.justj.openjdk.hotspot.jre.full.win32.x86_64_17.0.5.v20221102-0933\jre\bin\zip.dll
Event: 1.841 Loaded shared library C:\Program Files\eclipse\plugins\org.eclipse.justj.openjdk.hotspot.jre.full.win32.x86_64_17.0.5.v20221102-0933\jre\bin\management.dll
Event: 1.888 Loaded shared library C:\Program Files\eclipse\plugins\org.eclipse.justj.openjdk.hotspot.jre.full.win32.x86_64_17.0.5.v20221102-0933\jre\bin\management_ext.dll
Event: 3.972 Loaded shared library C:\Program Files\eclipse\plugins\org.eclipse.justj.openjdk.hotspot.jre.full.win32.x86_64_17.0.5.v20221102-0933\jre\bin\verify.dll
Event: 26.743 Loaded shared library C:\Program Files\eclipse\plugins\org.eclipse.justj.openjdk.hotspot.jre.full.win32.x86_64_17.0.5.v20221102-0933\jre\bin\sunmscapi.dll

Deoptimization events (20 events):
Event: 21.337 Thread 0x000000004f4842c0 DEOPT PACKING pc=0x00000000061cb98c sp=0x0000000050bcd1e0
Event: 21.337 Thread 0x000000004f4842c0 DEOPT UNPACKING pc=0x0000000005dd2b24 sp=0x0000000050bcc738 mode 0
Event: 46.500 Thread 0x000000004f4842c0 DEOPT PACKING pc=0x0000000006473f5d sp=0x0000000050bcbf80
Event: 46.500 Thread 0x000000004f4842c0 DEOPT UNPACKING pc=0x0000000005dd2b24 sp=0x0000000050bcb4e8 mode 3
Event: 52.446 Thread 0x000000004f4842c0 DEOPT PACKING pc=0x000000000619bd1a sp=0x0000000050bc9c10
Event: 52.446 Thread 0x000000004f4842c0 DEOPT UNPACKING pc=0x0000000005dd2b24 sp=0x0000000050bc9118 mode 3
Event: 52.448 Thread 0x000000004f4842c0 DEOPT PACKING pc=0x0000000006162295 sp=0x0000000050bc9bd0
Event: 52.449 Thread 0x000000004f4842c0 DEOPT UNPACKING pc=0x0000000005dd2b24 sp=0x0000000050bc9118 mode 3
Event: 52.449 Thread 0x000000004f4842c0 DEOPT PACKING pc=0x00000000061765d4 sp=0x0000000050bc9b60
Event: 52.449 Thread 0x000000004f4842c0 DEOPT UNPACKING pc=0x0000000005dd2b24 sp=0x0000000050bc9118 mode 3
Event: 359.704 Thread 0x0000000054a062d0 DEOPT PACKING pc=0x0000000006880c19 sp=0x0000000056b8ab10
Event: 359.715 Thread 0x0000000054a062d0 DEOPT UNPACKING pc=0x0000000005dd2b24 sp=0x0000000056b89ff0 mode 3
Event: 583.301 Thread 0x0000000054a06c70 DEOPT PACKING pc=0x000000000699de61 sp=0x0000000056518ac0
Event: 583.360 Thread 0x0000000054a06c70 DEOPT UNPACKING pc=0x0000000005dd2b24 sp=0x0000000056518098 mode 3
Event: 1111.394 Thread 0x000000004f4877b0 DEOPT PACKING pc=0x0000000006de8ac2 sp=0x00000000528f7980
Event: 1111.398 Thread 0x000000004f4877b0 DEOPT UNPACKING pc=0x0000000005dd2b24 sp=0x00000000528f6e88 mode 3
Event: 1587.169 Thread 0x0000000054d23010 DEOPT PACKING pc=0x0000000006ebbb33 sp=0x0000000056fcb200
Event: 1587.177 Thread 0x0000000054d23010 DEOPT UNPACKING pc=0x0000000005dd2b24 sp=0x0000000056fca728 mode 3
Event: 1874.457 Thread 0x0000000057d884b0 DEOPT PACKING pc=0x0000000006ec83e3 sp=0x0000000056cdb330
Event: 1874.516 Thread 0x0000000057d884b0 DEOPT UNPACKING pc=0x0000000005dd2b24 sp=0x0000000056cda860 mode 3

Classes unloaded (20 events):
Event: 1954.664 Thread 0x000000000c937580 Unloading class 0x000000000d549800 'jdk/internal/reflect/GeneratedMethodAccessor135'
Event: 1954.664 Thread 0x000000000c937580 Unloading class 0x000000000d549400 'jdk/internal/reflect/GeneratedMethodAccessor134'
Event: 1954.664 Thread 0x000000000c937580 Unloading class 0x000000000d549000 'jdk/internal/reflect/GeneratedMethodAccessor133'
Event: 1954.664 Thread 0x000000000c937580 Unloading class 0x000000000d548c00 'jdk/internal/reflect/GeneratedMethodAccessor132'
Event: 1954.664 Thread 0x000000000c937580 Unloading class 0x000000000d548800 'jdk/internal/reflect/GeneratedMethodAccessor131'
Event: 1954.664 Thread 0x000000000c937580 Unloading class 0x000000000d548400 'jdk/internal/reflect/GeneratedMethodAccessor130'
Event: 1954.664 Thread 0x000000000c937580 Unloading class 0x000000000d548000 'jdk/internal/reflect/GeneratedMethodAccessor129'
Event: 1954.665 Thread 0x000000000c937580 Unloading class 0x000000000d547c00 'jdk/internal/reflect/GeneratedMethodAccessor128'
Event: 1954.665 Thread 0x000000000c937580 Unloading class 0x000000000d547800 'jdk/internal/reflect/GeneratedMethodAccessor127'
Event: 1954.666 Thread 0x000000000c937580 Unloading class 0x000000000d547400 'jdk/internal/reflect/GeneratedMethodAccessor126'
Event: 1954.666 Thread 0x000000000c937580 Unloading class 0x000000000d546000 'jdk/internal/reflect/GeneratedMethodAccessor125'
Event: 1954.667 Thread 0x000000000c937580 Unloading class 0x000000000d545c00 'jdk/internal/reflect/GeneratedMethodAccessor124'
Event: 1954.667 Thread 0x000000000c937580 Unloading class 0x000000000d545800 'jdk/internal/reflect/GeneratedMethodAccessor123'
Event: 1954.667 Thread 0x000000000c937580 Unloading class 0x000000000d545400 'jdk/internal/reflect/GeneratedMethodAccessor122'
Event: 1954.667 Thread 0x000000000c937580 Unloading class 0x000000000d545000 'jdk/internal/reflect/GeneratedMethodAccessor121'
Event: 1954.667 Thread 0x000000000c937580 Unloading class 0x000000000d544c00 'jdk/internal/reflect/GeneratedMethodAccessor120'
Event: 1954.667 Thread 0x000000000c937580 Unloading class 0x000000000d544800 'jdk/internal/reflect/GeneratedMethodAccessor119'
Event: 1954.667 Thread 0x000000000c937580 Unloading class 0x000000000d544400 'jdk/internal/reflect/GeneratedMethodAccessor118'
Event: 1954.667 Thread 0x000000000c937580 Unloading class 0x000000000d49d000 'jdk/internal/reflect/GeneratedMethodAccessor117'
Event: 1954.668 Thread 0x000000000c937580 Unloading class 0x000000000d4a4000 'jdk/internal/reflect/GeneratedMethodAccessor116'

Classes redefined (0 events):
No events

Internal exceptions (20 events):
Event: 1966.435 Thread 0x000000004f485130 Exception <a 'java/lang/ClassNotFoundException'{0x00000000e506e048}: org/springframework/security/config/annotation/web/WebSecurityConfigurerCustomizer> (0x00000000e506e048) 
thrown [s\src\hotspot\share\classfile\systemDictionary.cpp, line 256]
Event: 1966.437 Thread 0x000000004f485130 Exception <a 'java/lang/ClassNotFoundException'{0x00000000e5074428}: org/springframework/security/config/annotation/SecurityConfigurerCustomizer> (0x00000000e5074428) 
thrown [s\src\hotspot\share\classfile\systemDictionary.cpp, line 256]
Event: 1966.521 Thread 0x000000004f485130 Exception <a 'java/lang/ClassNotFoundException'{0x00000000e4d24870}: java/lang/ObjectCustomizer> (0x00000000e4d24870) 
thrown [s\src\hotspot\share\classfile\systemDictionary.cpp, line 256]
Event: 1966.522 Thread 0x000000004f485130 Exception <a 'java/lang/ClassNotFoundException'{0x00000000e4d2eb20}: com/sistema/examenes/modelo/mios/RecursoCustomizer> (0x00000000e4d2eb20) 
thrown [s\src\hotspot\share\classfile\systemDictionary.cpp, line 256]
Event: 1966.528 Thread 0x000000004f485130 Exception <a 'java/lang/ClassNotFoundException'{0x00000000e4d67450}: java/lang/ObjectCustomizer> (0x00000000e4d67450) 
thrown [s\src\hotspot\share\classfile\systemDictionary.cpp, line 256]
Event: 1966.529 Thread 0x000000004f485130 Exception <a 'java/lang/ClassNotFoundException'{0x00000000e4d72538}: com/sistema/examenes/modelo/mios/AsignacionRecursoTipoTurnoCustomizer> (0x00000000e4d72538) 
thrown [s\src\hotspot\share\classfile\systemDictionary.cpp, line 256]
Event: 1966.535 Thread 0x000000004f485130 Exception <a 'java/lang/ClassNotFoundException'{0x00000000e4db3148}: java/lang/ObjectCustomizer> (0x00000000e4db3148) 
thrown [s\src\hotspot\share\classfile\systemDictionary.cpp, line 256]
Event: 1966.536 Thread 0x000000004f485130 Exception <a 'java/lang/ClassNotFoundException'{0x00000000e4dbdc50}: com/sistema/examenes/modelo/mios/TipoTurnoCustomizer> (0x00000000e4dbdc50) 
thrown [s\src\hotspot\share\classfile\systemDictionary.cpp, line 256]
Event: 1966.544 Thread 0x000000004f485130 Exception <a 'java/lang/ClassNotFoundException'{0x00000000e4c07910}: java/lang/ObjectCustomizer> (0x00000000e4c07910) 
thrown [s\src\hotspot\share\classfile\systemDictionary.cpp, line 256]
Event: 1966.545 Thread 0x000000004f485130 Exception <a 'java/lang/ClassNotFoundException'{0x00000000e4c123b8}: com/sistema/examenes/modelo/mios/HorarioCustomizer> (0x00000000e4c123b8) 
thrown [s\src\hotspot\share\classfile\systemDictionary.cpp, line 256]
Event: 1966.552 Thread 0x000000004f485130 Exception <a 'java/lang/ClassNotFoundException'{0x00000000e4c63b48}: java/lang/ObjectCustomizer> (0x00000000e4c63b48) 
thrown [s\src\hotspot\share\classfile\systemDictionary.cpp, line 256]
Event: 1966.554 Thread 0x000000004f485130 Exception <a 'java/lang/ClassNotFoundException'{0x00000000e4c6e8f8}: com/sistema/examenes/modelo/mios/HorarioEspecialCustomizer> (0x00000000e4c6e8f8) 
thrown [s\src\hotspot\share\classfile\systemDictionary.cpp, line 256]
Event: 1966.565 Thread 0x000000004f485130 Exception <a 'java/lang/ClassNotFoundException'{0x00000000e4ce1258}: java/lang/ObjectCustomizer> (0x00000000e4ce1258) 
thrown [s\src\hotspot\share\classfile\systemDictionary.cpp, line 256]
Event: 1966.566 Thread 0x000000004f485130 Exception <a 'java/lang/ClassNotFoundException'{0x00000000e4cebd00}: com/sistema/examenes/modelo/mios/ReservaCustomizer> (0x00000000e4cebd00) 
thrown [s\src\hotspot\share\classfile\systemDictionary.cpp, line 256]
Event: 1966.570 Thread 0x000000004f485130 Exception <a 'java/lang/ClassNotFoundException'{0x00000000e4b206f0}: java/lang/ObjectCustomizer> (0x00000000e4b206f0) 
thrown [s\src\hotspot\share\classfile\systemDictionary.cpp, line 256]
Event: 1966.572 Thread 0x000000004f485130 Exception <a 'java/lang/ClassNotFoundException'{0x00000000e4b2b3c8}: com/sistema/examenes/modelo/mios/state/EstadoCustomizer> (0x00000000e4b2b3c8) 
thrown [s\src\hotspot\share\classfile\systemDictionary.cpp, line 256]
Event: 1966.579 Thread 0x000000004f485130 Exception <a 'java/lang/ClassNotFoundException'{0x00000000e4b872e0}: java/lang/ObjectCustomizer> (0x00000000e4b872e0) 
thrown [s\src\hotspot\share\classfile\systemDictionary.cpp, line 256]
Event: 1966.581 Thread 0x000000004f485130 Exception <a 'java/lang/ClassNotFoundException'{0x00000000e4b91f88}: com/sistema/examenes/modelo/mios/CambioEstadoCustomizer> (0x00000000e4b91f88) 
thrown [s\src\hotspot\share\classfile\systemDictionary.cpp, line 256]
Event: 1966.590 Thread 0x000000004f485130 Exception <a 'java/lang/ClassNotFoundException'{0x00000000e4be8e48}: java/lang/ObjectCustomizer> (0x00000000e4be8e48) 
thrown [s\src\hotspot\share\classfile\systemDictionary.cpp, line 256]
Event: 1966.592 Thread 0x000000004f485130 Exception <a 'java/lang/ClassNotFoundException'{0x00000000e4bf3950}: com/sistema/examenes/modelo/mios/ReservanteCustomizer> (0x00000000e4bf3950) 
thrown [s\src\hotspot\share\classfile\systemDictionary.cpp, line 256]

VM Operations (20 events):
Event: 1938.203 Executing VM operation: G1CollectForAllocation done
Event: 1949.393 Executing VM operation: ThreadDump
Event: 1949.407 Executing VM operation: ThreadDump done
Event: 1949.463 Executing VM operation: ThreadDump
Event: 1949.468 Executing VM operation: ThreadDump done
Event: 1952.468 Executing VM operation: Cleanup
Event: 1952.473 Executing VM operation: Cleanup done
Event: 1953.039 Executing VM operation: G1CollectFull
Event: 1959.669 Executing VM operation: G1CollectFull done
Event: 1961.670 Executing VM operation: Cleanup
Event: 1961.678 Executing VM operation: Cleanup done
Event: 1962.678 Executing VM operation: Cleanup
Event: 1962.679 Executing VM operation: Cleanup done
Event: 1963.898 Executing VM operation: G1CollectForAllocation
Event: 1963.948 Executing VM operation: G1CollectForAllocation done
Event: 1964.949 Executing VM operation: Cleanup
Event: 1964.959 Executing VM operation: Cleanup done
Event: 1965.765 Executing VM operation: G1CollectForAllocation
Event: 1965.841 Executing VM operation: G1CollectForAllocation done
Event: 1966.743 Executing VM operation: G1CollectForAllocation

Events (20 events):
Event: 1966.551 loading class java/lang/ObjectCustomizer
Event: 1966.552 loading class java/lang/ObjectCustomizer done
Event: 1966.552 loading class java/lang/ObjectCustomizer
Event: 1966.552 loading class java/lang/ObjectCustomizer done
Event: 1966.565 loading class java/lang/ObjectCustomizer
Event: 1966.565 loading class java/lang/ObjectCustomizer done
Event: 1966.565 loading class java/lang/ObjectCustomizer
Event: 1966.565 loading class java/lang/ObjectCustomizer done
Event: 1966.570 loading class java/lang/ObjectCustomizer
Event: 1966.570 loading class java/lang/ObjectCustomizer done
Event: 1966.570 loading class java/lang/ObjectCustomizer
Event: 1966.570 loading class java/lang/ObjectCustomizer done
Event: 1966.579 loading class java/lang/ObjectCustomizer
Event: 1966.579 loading class java/lang/ObjectCustomizer done
Event: 1966.579 loading class java/lang/ObjectCustomizer
Event: 1966.579 loading class java/lang/ObjectCustomizer done
Event: 1966.590 loading class java/lang/ObjectCustomizer
Event: 1966.590 loading class java/lang/ObjectCustomizer done
Event: 1966.590 loading class java/lang/ObjectCustomizer
Event: 1966.590 loading class java/lang/ObjectCustomizer done


Dynamic libraries:
0x000000013fcc0000 - 0x000000013fcce000 	C:\Program Files\eclipse\plugins\org.eclipse.justj.openjdk.hotspot.jre.full.win32.x86_64_17.0.5.v20221102-0933\jre\bin\javaw.exe
0x0000000077b80000 - 0x0000000077d29000 	C:\Windows\SYSTEM32\ntdll.dll
0x0000000077960000 - 0x0000000077a7f000 	C:\Windows\system32\kernel32.dll
0x000007fefdcf0000 - 0x000007fefdd5b000 	C:\Windows\system32\KERNELBASE.dll
0x000007fef1990000 - 0x000007fef19a7000 	C:\Program Files\eclipse\plugins\org.eclipse.justj.openjdk.hotspot.jre.full.win32.x86_64_17.0.5.v20221102-0933\jre\bin\jli.dll
0x000007fefc5a0000 - 0x000007fefc794000 	C:\Windows\WinSxS\amd64_microsoft.windows.common-controls_6595b64144ccf1df_6.0.7601.17514_none_fa396087175ac9ac\COMCTL32.dll
0x000007fefe840000 - 0x000007fefe8df000 	C:\Windows\system32\msvcrt.dll
0x000007fefe7d0000 - 0x000007fefe837000 	C:\Windows\system32\GDI32.dll
0x0000000077a80000 - 0x0000000077b7a000 	C:\Windows\system32\USER32.dll
0x000007fefdea0000 - 0x000007fefdeae000 	C:\Windows\system32\LPK.dll
0x000007fefea40000 - 0x000007fefeb09000 	C:\Windows\system32\USP10.dll
0x000007fefe750000 - 0x000007fefe7c1000 	C:\Windows\system32\SHLWAPI.dll
0x000007fef2e90000 - 0x000007fef2ea9000 	C:\Program Files\eclipse\plugins\org.eclipse.justj.openjdk.hotspot.jre.full.win32.x86_64_17.0.5.v20221102-0933\jre\bin\VCRUNTIME140.dll
0x000007fef1770000 - 0x000007fef1774000 	C:\Program Files\eclipse\plugins\org.eclipse.justj.openjdk.hotspot.jre.full.win32.x86_64_17.0.5.v20221102-0933\jre\bin\api-ms-win-crt-runtime-l1-1-0.dll
0x000007fef1670000 - 0x000007fef176a000 	C:\Program Files\eclipse\plugins\org.eclipse.justj.openjdk.hotspot.jre.full.win32.x86_64_17.0.5.v20221102-0933\jre\bin\ucrtbase.DLL
0x000007fef1660000 - 0x000007fef1663000 	C:\Program Files\eclipse\plugins\org.eclipse.justj.openjdk.hotspot.jre.full.win32.x86_64_17.0.5.v20221102-0933\jre\bin\api-ms-win-core-localization-l1-2-0.dll
0x000007fef1650000 - 0x000007fef1653000 	C:\Program Files\eclipse\plugins\org.eclipse.justj.openjdk.hotspot.jre.full.win32.x86_64_17.0.5.v20221102-0933\jre\bin\api-ms-win-core-processthreads-l1-1-1.dll
0x000007fef1640000 - 0x000007fef1643000 	C:\Program Files\eclipse\plugins\org.eclipse.justj.openjdk.hotspot.jre.full.win32.x86_64_17.0.5.v20221102-0933\jre\bin\api-ms-win-core-file-l1-2-0.dll
0x000007fef1630000 - 0x000007fef1633000 	C:\Program Files\eclipse\plugins\org.eclipse.justj.openjdk.hotspot.jre.full.win32.x86_64_17.0.5.v20221102-0933\jre\bin\api-ms-win-core-timezone-l1-1-0.dll
0x000007fef1620000 - 0x000007fef1623000 	C:\Program Files\eclipse\plugins\org.eclipse.justj.openjdk.hotspot.jre.full.win32.x86_64_17.0.5.v20221102-0933\jre\bin\api-ms-win-core-file-l2-1-0.dll
0x000007fef1610000 - 0x000007fef1613000 	C:\Program Files\eclipse\plugins\org.eclipse.justj.openjdk.hotspot.jre.full.win32.x86_64_17.0.5.v20221102-0933\jre\bin\api-ms-win-core-synch-l1-2-0.dll
0x000007fef1600000 - 0x000007fef1603000 	C:\Program Files\eclipse\plugins\org.eclipse.justj.openjdk.hotspot.jre.full.win32.x86_64_17.0.5.v20221102-0933\jre\bin\api-ms-win-crt-heap-l1-1-0.dll
0x000007fef15f0000 - 0x000007fef15f4000 	C:\Program Files\eclipse\plugins\org.eclipse.justj.openjdk.hotspot.jre.full.win32.x86_64_17.0.5.v20221102-0933\jre\bin\api-ms-win-crt-string-l1-1-0.dll
0x000007fef15e0000 - 0x000007fef15e4000 	C:\Program Files\eclipse\plugins\org.eclipse.justj.openjdk.hotspot.jre.full.win32.x86_64_17.0.5.v20221102-0933\jre\bin\api-ms-win-crt-stdio-l1-1-0.dll
0x000007fef15d0000 - 0x000007fef15d4000 	C:\Program Files\eclipse\plugins\org.eclipse.justj.openjdk.hotspot.jre.full.win32.x86_64_17.0.5.v20221102-0933\jre\bin\api-ms-win-crt-convert-l1-1-0.dll
0x000007fef15c0000 - 0x000007fef15c3000 	C:\Program Files\eclipse\plugins\org.eclipse.justj.openjdk.hotspot.jre.full.win32.x86_64_17.0.5.v20221102-0933\jre\bin\api-ms-win-crt-environment-l1-1-0.dll
0x000007fef15b0000 - 0x000007fef15b3000 	C:\Program Files\eclipse\plugins\org.eclipse.justj.openjdk.hotspot.jre.full.win32.x86_64_17.0.5.v20221102-0933\jre\bin\api-ms-win-crt-filesystem-l1-1-0.dll
0x000007fef15a0000 - 0x000007fef15a5000 	C:\Program Files\eclipse\plugins\org.eclipse.justj.openjdk.hotspot.jre.full.win32.x86_64_17.0.5.v20221102-0933\jre\bin\api-ms-win-crt-math-l1-1-0.dll
0x000007fef1590000 - 0x000007fef1593000 	C:\Program Files\eclipse\plugins\org.eclipse.justj.openjdk.hotspot.jre.full.win32.x86_64_17.0.5.v20221102-0933\jre\bin\api-ms-win-crt-locale-l1-1-0.dll
0x000007fefede0000 - 0x000007fefee0e000 	C:\Windows\system32\IMM32.DLL
0x000007fefe2a0000 - 0x000007fefe3a9000 	C:\Windows\system32\MSCTF.dll
0x000007fef1580000 - 0x000007fef158c000 	C:\Program Files\eclipse\plugins\org.eclipse.justj.openjdk.hotspot.jre.full.win32.x86_64_17.0.5.v20221102-0933\jre\bin\vcruntime140_1.dll
0x000007fef14e0000 - 0x000007fef1571000 	C:\Program Files\eclipse\plugins\org.eclipse.justj.openjdk.hotspot.jre.full.win32.x86_64_17.0.5.v20221102-0933\jre\bin\msvcp140.dll
0x000007fef14d0000 - 0x000007fef14d3000 	C:\Program Files\eclipse\plugins\org.eclipse.justj.openjdk.hotspot.jre.full.win32.x86_64_17.0.5.v20221102-0933\jre\bin\api-ms-win-crt-time-l1-1-0.dll
0x000007fef14c0000 - 0x000007fef14c3000 	C:\Program Files\eclipse\plugins\org.eclipse.justj.openjdk.hotspot.jre.full.win32.x86_64_17.0.5.v20221102-0933\jre\bin\api-ms-win-crt-utility-l1-1-0.dll
0x000007fef1c10000 - 0x000007fef2854000 	C:\Program Files\eclipse\plugins\org.eclipse.justj.openjdk.hotspot.jre.full.win32.x86_64_17.0.5.v20221102-0933\jre\bin\server\jvm.dll
0x000007fefe1c0000 - 0x000007fefe29b000 	C:\Windows\system32\ADVAPI32.dll
0x000007fefeb10000 - 0x000007fefeb2f000 	C:\Windows\SYSTEM32\sechost.dll
0x000007fefdeb0000 - 0x000007fefdfdd000 	C:\Windows\system32\RPCRT4.dll
0x000007fef9670000 - 0x000007fef9679000 	C:\Windows\system32\WSOCK32.dll
0x000007fefed90000 - 0x000007fefeddd000 	C:\Windows\system32\WS2_32.dll
0x000007fefe530000 - 0x000007fefe538000 	C:\Windows\system32\NSI.dll
0x000007fef80d0000 - 0x000007fef810b000 	C:\Windows\system32\WINMM.dll
0x000007fefcc30000 - 0x000007fefcc3c000 	C:\Windows\system32\VERSION.dll
0x000007fef19f0000 - 0x000007fef19fa000 	C:\Program Files\eclipse\plugins\org.eclipse.justj.openjdk.hotspot.jre.full.win32.x86_64_17.0.5.v20221102-0933\jre\bin\jimage.dll
0x000007fef7bf0000 - 0x000007fef7d15000 	C:\Windows\system32\DBGHELP.DLL
0x000007fef19b0000 - 0x000007fef19d5000 	C:\Program Files\eclipse\plugins\org.eclipse.justj.openjdk.hotspot.jre.full.win32.x86_64_17.0.5.v20221102-0933\jre\bin\java.dll
0x000007fef1970000 - 0x000007fef1988000 	C:\Program Files\eclipse\plugins\org.eclipse.justj.openjdk.hotspot.jre.full.win32.x86_64_17.0.5.v20221102-0933\jre\bin\zip.dll
0x000007fefee90000 - 0x000007feffc18000 	C:\Windows\system32\SHELL32.dll
0x000007feffc80000 - 0x000007feffe83000 	C:\Windows\system32\ole32.dll
0x000007fefdad0000 - 0x000007fefdadf000 	C:\Windows\system32\profapi.dll
0x000007fef1950000 - 0x000007fef1969000 	C:\Program Files\eclipse\plugins\org.eclipse.justj.openjdk.hotspot.jre.full.win32.x86_64_17.0.5.v20221102-0933\jre\bin\net.dll
0x000007fefa1f0000 - 0x000007fefa261000 	C:\Windows\system32\WINHTTP.dll
0x000007fefa180000 - 0x000007fefa1e4000 	C:\Windows\system32\webio.dll
0x000007fefd300000 - 0x000007fefd355000 	C:\Windows\system32\mswsock.dll
0x000007fefd2f0000 - 0x000007fefd2f7000 	C:\Windows\System32\wship6.dll
0x000007fef1930000 - 0x000007fef1945000 	C:\Program Files\eclipse\plugins\org.eclipse.justj.openjdk.hotspot.jre.full.win32.x86_64_17.0.5.v20221102-0933\jre\bin\nio.dll
0x000007fef8760000 - 0x000007fef8769000 	C:\Program Files\eclipse\plugins\org.eclipse.justj.openjdk.hotspot.jre.full.win32.x86_64_17.0.5.v20221102-0933\jre\bin\management.dll
0x000007fef8750000 - 0x000007fef875b000 	C:\Program Files\eclipse\plugins\org.eclipse.justj.openjdk.hotspot.jre.full.win32.x86_64_17.0.5.v20221102-0933\jre\bin\management_ext.dll
0x0000000077d40000 - 0x0000000077d47000 	C:\Windows\system32\PSAPI.DLL
0x000007fefb7e0000 - 0x000007fefb7f5000 	C:\Windows\system32\NLAapi.dll
0x000007fefb4e0000 - 0x000007fefb4f5000 	C:\Windows\system32\napinsp.dll
0x000007fefb380000 - 0x000007fefb399000 	C:\Windows\system32\pnrpnsp.dll
0x000007fefd180000 - 0x000007fefd1db000 	C:\Windows\system32\DNSAPI.dll
0x000007fefb550000 - 0x000007fefb55b000 	C:\Windows\System32\winrnr.dll
0x000007fefcd00000 - 0x000007fefcd07000 	C:\Windows\System32\wshtcpip.dll
0x000007fefb110000 - 0x000007fefb137000 	C:\Windows\system32\IPHLPAPI.DLL
0x000007fefb040000 - 0x000007fefb04b000 	C:\Windows\system32\WINNSI.DLL
0x000007fef8900000 - 0x000007fef8908000 	C:\Windows\system32\rasadhlp.dll
0x000007fefaf20000 - 0x000007fefaf73000 	C:\Windows\System32\fwpuclnt.dll
0x000007fefd360000 - 0x000007fefd377000 	C:\Windows\system32\CRYPTSP.dll
0x000007fefd060000 - 0x000007fefd0a7000 	C:\Windows\system32\rsaenh.dll
0x000007fefce10000 - 0x000007fefce2e000 	C:\Windows\system32\USERENV.dll
0x000007fefd9c0000 - 0x000007fefd9cf000 	C:\Windows\system32\CRYPTBASE.dll
0x000007fefae40000 - 0x000007fefae58000 	C:\Windows\system32\dhcpcsvc.DLL
0x000007fefae20000 - 0x000007fefae31000 	C:\Windows\system32\dhcpcsvc6.DLL
0x000007fef1920000 - 0x000007fef1930000 	C:\Program Files\eclipse\plugins\org.eclipse.justj.openjdk.hotspot.jre.full.win32.x86_64_17.0.5.v20221102-0933\jre\bin\verify.dll
0x000007fef1810000 - 0x000007fef181e000 	C:\Program Files\eclipse\plugins\org.eclipse.justj.openjdk.hotspot.jre.full.win32.x86_64_17.0.5.v20221102-0933\jre\bin\sunmscapi.dll
0x000007fefdb80000 - 0x000007fefdce7000 	C:\Windows\system32\CRYPT32.dll
0x000007fefdb70000 - 0x000007fefdb7f000 	C:\Windows\system32\MSASN1.dll
0x000007fefd4e0000 - 0x000007fefd52e000 	C:\Windows\system32\ncrypt.dll
0x000007fefd4b0000 - 0x000007fefd4d2000 	C:\Windows\system32\bcrypt.dll

dbghelp: loaded successfully - version: 4.0.5 - missing functions: none
symbol engine: initialized successfully - sym options: 0x614 - pdb path: .;C:\Program Files\eclipse\plugins\org.eclipse.justj.openjdk.hotspot.jre.full.win32.x86_64_17.0.5.v20221102-0933\jre\bin;C:\Windows\SYSTEM32;C:\Windows\WinSxS\amd64_microsoft.windows.common-controls_6595b64144ccf1df_6.0.7601.17514_none_fa396087175ac9ac;C:\Program Files\eclipse\plugins\org.eclipse.justj.openjdk.hotspot.jre.full.win32.x86_64_17.0.5.v20221102-0933\jre\bin\server

VM Arguments:
jvm_args: -Dcom.sun.management.jmxremote -Dcom.sun.management.jmxremote.port=49167 -Dcom.sun.management.jmxremote.authenticate=false -Dcom.sun.management.jmxremote.ssl=false -Djava.rmi.server.hostname=localhost -Dspring.jmx.enabled=true -Dmanagement.endpoints.jmx.exposure.include=* -Dspring.application.admin.enabled=true -XX:TieredStopAtLevel=1 -Dspring.boot.project.name=portal-examenes-backend-master -Dfile.encoding=UTF-8 -XX:+ShowCodeDetailsInExceptionMessages 
java_command: com.sistema.examenes.SistemaExamenesBackendApplication --spring.output.ansi.enabled=always
java_class_path (initial): C:\Users\paulina\Documents\EclipseProjects\portal-examenes-backend-master\target\classes;C:\Users\paulina\.m2\repository\org\springframework\boot\spring-boot-starter-data-jpa\2.6.6\spring-boot-starter-data-jpa-2.6.6.jar;C:\Users\paulina\.m2\repository\org\springframework\boot\spring-boot-starter-aop\2.6.6\spring-boot-starter-aop-2.6.6.jar;C:\Users\paulina\.m2\repository\org\aspectj\aspectjweaver\1.9.7\aspectjweaver-1.9.7.jar;C:\Users\paulina\.m2\repository\org\springframework\boot\spring-boot-starter-jdbc\2.6.6\spring-boot-starter-jdbc-2.6.6.jar;C:\Users\paulina\.m2\repository\com\zaxxer\HikariCP\4.0.3\HikariCP-4.0.3.jar;C:\Users\paulina\.m2\repository\org\springframework\spring-jdbc\5.3.18\spring-jdbc-5.3.18.jar;C:\Users\paulina\.m2\repository\jakarta\transaction\jakarta.transaction-api\1.3.3\jakarta.transaction-api-1.3.3.jar;C:\Users\paulina\.m2\repository\jakarta\persistence\jakarta.persistence-api\2.2.3\jakarta.persistence-api-2.2.3.jar;C:\Users\paulina\.m2\repository\org\hibernate\hibernate-core\5.6.7.Final\hibernate-core-5.6.7.Final.jar;C:\Users\paulina\.m2\repository\org\jboss\logging\jboss-logging\3.4.3.Final\jboss-logging-3.4.3.Final.jar;C:\Users\paulina\.m2\repository\net\bytebuddy\byte-buddy\1.11.22\byte-buddy-1.11.22.jar;C:\Users\paulina\.m2\repository\antlr\antlr\2.7.7\antlr-2.7.7.jar;C:\Users\paulina\.m2\repository\org\jboss\jandex\2.4.2.Final\jandex-2.4.2.Final.jar;C:\Users\paulina\.m2\repository\com\fasterxml\classmate\1.5.1\classmate-1.5.1.jar;C:\Users\paulina\.m2\repository\org\hibernate\common\hibernate-commons-annotations\5.1.2.Final\hibernate-commons-annotations-5.1.2.Final.jar;C:\Users\paulina\.m2\repository\org\glassfish\jaxb\jaxb-runtime\2.3.6\jaxb-runtime-2.3.6.jar;C:\Users\paulina\.m2\repository\org\glassfish\jaxb\txw2\2.3.6\txw2-2.3.6.jar;C:\Users\paulina\.m2\repository\com\sun\istack\istack-commons-runtime\3.0.12\istack-commons-runtime-3.0.12.jar;C:\Users\paulina\.m2\repository\com\sun\activation\jakarta.activ
Launcher Type: SUN_STANDARD

[Global flags]
     intx CICompilerCount                          = 2                                         {product} {ergonomic}
     uint ConcGCThreads                            = 1                                         {product} {ergonomic}
     uint G1ConcRefinementThreads                  = 2                                         {product} {ergonomic}
   size_t G1HeapRegionSize                         = 1048576                                   {product} {ergonomic}
    uintx GCDrainStackTargetSize                   = 64                                        {product} {ergonomic}
   size_t InitialHeapSize                          = 33554432                                  {product} {ergonomic}
     bool ManagementServer                         = true                                      {product} {command line}
   size_t MarkStackSize                            = 4194304                                   {product} {ergonomic}
   size_t MaxHeapSize                              = 528482304                                 {product} {ergonomic}
   size_t MaxNewSize                               = 316669952                                 {product} {ergonomic}
   size_t MinHeapDeltaBytes                        = 1048576                                   {product} {ergonomic}
   size_t MinHeapSize                              = 8388608                                   {product} {ergonomic}
    uintx NonProfiledCodeHeapSize                  = 0                                      {pd product} {ergonomic}
     bool ProfileInterpreter                       = false                                  {pd product} {command line}
    uintx ProfiledCodeHeapSize                     = 0                                      {pd product} {ergonomic}
     bool ShowCodeDetailsInExceptionMessages       = true                                   {manageable} {command line}
   size_t SoftMaxHeapSize                          = 528482304                              {manageable} {ergonomic}
     intx TieredStopAtLevel                        = 1                                         {product} {command line}
     bool UseCompressedClassPointers               = true                           {product lp64_product} {ergonomic}
     bool UseCompressedOops                        = true                           {product lp64_product} {ergonomic}
     bool UseG1GC                                  = true                                      {product} {ergonomic}
     bool UseLargePagesIndividualAllocation        = false                                  {pd product} {ergonomic}

Logging:
Log output configuration:
 #0: stdout all=warning uptime,level,tags
 #1: stderr all=off uptime,level,tags

Environment Variables:
PATH=C:/Program Files/eclipse//plugins/org.eclipse.justj.openjdk.hotspot.jre.full.win32.x86_64_17.0.5.v20221102-0933/jre/bin/server;C:/Program Files/eclipse//plugins/org.eclipse.justj.openjdk.hotspot.jre.full.win32.x86_64_17.0.5.v20221102-0933/jre/bin;C:\Program Files (x86)\Common Files\Oracle\Java\javapath;C:\Windows\system32;C:\Windows;C:\Windows\System32\Wbem;C:\Windows\System32\WindowsPowerShell\v1.0\;C:\Program Files\Microsoft VS Code\bin;C:\Program Files (x86)\gnupg\bin;C:\Program Files\PostgreSQL\15\bin;C:\Users\paulina\AppData\Roaming\nvm;C:\Program Files\nodejs;C:\Users\paulina\AppData\Roaming\npm;C:\Users\paulina\AppData\Roaming\nvm;C:\Program Files\nodejs;C:\Program Files\eclipse;
USERNAME=paulina
OS=Windows_NT
PROCESSOR_IDENTIFIER=Intel64 Family 6 Model 23 Stepping 10, GenuineIntel
TMP=C:\Users\paulina\AppData\Local\Temp
TEMP=C:\Users\paulina\AppData\Local\Temp



---------------  S Y S T E M  ---------------

OS:
 Windows 7 , 64 bit Build 7601 (6.1.7601.17514)
OS uptime: 0 days 0:35 hours

CPU: total 2 (initial active 2) (2 cores per cpu, 1 threads per core) family 6 model 23 stepping 10 microcode 0x0, cx8, cmov, fxsr, mmx, sse, sse2, sse3, ssse3, tsc, clflush

Memory: 4k page, system-wide physical 2008M (32M free)
TotalPageFile size 8034M (AvailPageFile size 106M)
current process WorkingSet (physical memory assigned to process): 200M, peak: 245M
current process commit charge ("private bytes"): 265M, peak: 384M

vm_info: OpenJDK 64-Bit Server VM (17.0.5+8) for windows-amd64 JRE (17.0.5+8), built on Oct 19 2022 04:48:13 by "temurin" with MS VC++ 16.7 (VS2019)

END.
